00:10:48.372 [http-nio-9091-exec-7] INFO  c.c.i.s.RalleyCandidateDetailsServiceImpl:153 - showing all conducting ralley states:[RalleyStates [state_id=1, state=Maharashtra], RalleyStates [state_id=2, state=Madhya Pradesh], RalleyStates [state_id=3, state=Rajasthan]]
00:10:53.946 [http-nio-9091-exec-1] INFO  c.c.i.s.RalleyCandidateDetailsServiceImpl:238 - total slots sum:500and registred students:1
00:10:54.500 [http-nio-9091-exec-4] INFO  c.c.i.s.RalleyCandidateDetailsServiceImpl:377 - <h2>Rally details: </h2><h3>Ralley Conduction in Bhopal</h2><h3>Conducting Dates: 2020-09-18 to 2020-09-18</h3><h4>near bus Stand ,Nehru Ground,Indore 444602</h4><hr>
00:10:54.518 [http-nio-9091-exec-8] INFO  c.c.i.s.RalleyCandidateDetailsServiceImpl:427 - [1, 2, 3]
00:10:54.539 [http-nio-9091-exec-5] INFO  c.c.i.s.RalleyCandidateDetailsServiceImpl:324 - in string1993-06-02
00:10:54.540 [http-nio-9091-exec-5] INFO  c.c.i.s.RalleyCandidateDetailsServiceImpl:324 - in string2000-08-02
00:12:58.527 [http-nio-9091-exec-1] INFO  c.c.i.s.RalleyCandidateDetailsServiceImpl:153 - showing all conducting ralley states:[RalleyStates [state_id=1, state=Maharashtra], RalleyStates [state_id=2, state=Madhya Pradesh], RalleyStates [state_id=3, state=Rajasthan]]
00:13:14.917 [http-nio-9091-exec-8] INFO  c.c.i.s.RalleyCandidateDetailsServiceImpl:238 - total slots sum:500and registred students:1
00:13:14.934 [http-nio-9091-exec-10] INFO  c.c.i.s.RalleyCandidateDetailsServiceImpl:377 - <h2>Rally details: </h2><h3>Ralley Conduction in Bhopal</h2><h3>Conducting Dates: 2020-09-18 to 2020-09-18</h3><h4>near bus Stand ,Nehru Ground,Indore 444602</h4><hr>
00:13:14.951 [http-nio-9091-exec-2] INFO  c.c.i.s.RalleyCandidateDetailsServiceImpl:427 - [1, 2, 3]
00:13:14.965 [http-nio-9091-exec-9] INFO  c.c.i.s.RalleyCandidateDetailsServiceImpl:324 - in string1993-06-02
00:13:14.965 [http-nio-9091-exec-9] INFO  c.c.i.s.RalleyCandidateDetailsServiceImpl:324 - in string2000-08-02
00:14:13.053 [http-nio-9091-exec-4] INFO  c.c.i.s.RalleyCandidateDetailsServiceImpl:153 - showing all conducting ralley states:[RalleyStates [state_id=1, state=Maharashtra], RalleyStates [state_id=2, state=Madhya Pradesh], RalleyStates [state_id=3, state=Rajasthan]]
00:14:16.609 [http-nio-9091-exec-4] INFO  c.c.i.s.RalleyCandidateDetailsServiceImpl:238 - total slots sum:500and registred students:1
00:14:16.624 [http-nio-9091-exec-5] INFO  c.c.i.s.RalleyCandidateDetailsServiceImpl:377 - <h2>Rally details: </h2><h3>Ralley Conduction in Bhopal</h2><h3>Conducting Dates: 2020-09-18 to 2020-09-18</h3><h4>near bus Stand ,Nehru Ground,Indore 444602</h4><hr>
00:14:16.636 [http-nio-9091-exec-9] INFO  c.c.i.s.RalleyCandidateDetailsServiceImpl:427 - [1, 2, 3]
00:14:16.651 [http-nio-9091-exec-3] INFO  c.c.i.s.RalleyCandidateDetailsServiceImpl:324 - in string1993-06-02
00:14:16.652 [http-nio-9091-exec-3] INFO  c.c.i.s.RalleyCandidateDetailsServiceImpl:324 - in string2000-08-02
00:15:13.976 [http-nio-9091-exec-10] INFO  c.c.i.s.RalleyCandidateDetailsServiceImpl:153 - showing all conducting ralley states:[RalleyStates [state_id=1, state=Maharashtra], RalleyStates [state_id=2, state=Madhya Pradesh], RalleyStates [state_id=3, state=Rajasthan]]
00:15:21.143 [http-nio-9091-exec-2] INFO  c.c.i.s.RalleyCandidateDetailsServiceImpl:238 - total slots sum:500and registred students:1
00:15:21.167 [http-nio-9091-exec-9] INFO  c.c.i.s.RalleyCandidateDetailsServiceImpl:377 - <h2>Rally details: </h2><h3>Ralley Conduction in Bhopal</h2><h3>Conducting Dates: 2020-09-18 to 2020-09-18</h3><h4>near bus Stand ,Nehru Ground,Indore 444602</h4><hr>
00:15:21.218 [http-nio-9091-exec-8] INFO  c.c.i.s.RalleyCandidateDetailsServiceImpl:427 - [1, 2, 3]
00:15:21.320 [http-nio-9091-exec-3] INFO  c.c.i.s.RalleyCandidateDetailsServiceImpl:324 - in string1993-06-02
00:15:21.321 [http-nio-9091-exec-3] INFO  c.c.i.s.RalleyCandidateDetailsServiceImpl:324 - in string2000-08-02
00:17:44.514 [http-nio-9091-exec-2] INFO  c.c.i.s.RalleyCandidateDetailsServiceImpl:153 - showing all conducting ralley states:[RalleyStates [state_id=1, state=Maharashtra], RalleyStates [state_id=2, state=Madhya Pradesh], RalleyStates [state_id=3, state=Rajasthan]]
00:17:48.364 [http-nio-9091-exec-6] INFO  c.c.i.s.RalleyCandidateDetailsServiceImpl:238 - total slots sum:500and registred students:1
00:17:48.437 [http-nio-9091-exec-8] INFO  c.c.i.s.RalleyCandidateDetailsServiceImpl:377 - <h2>Rally details: </h2><h3>Ralley Conduction in Bhopal</h2><h3>Conducting Dates: 2020-09-18 to 2020-09-18</h3><h4>near bus Stand ,Nehru Ground,Indore 444602</h4><hr>
00:17:48.450 [http-nio-9091-exec-4] INFO  c.c.i.s.RalleyCandidateDetailsServiceImpl:427 - [1, 2, 3]
00:17:48.462 [http-nio-9091-exec-5] INFO  c.c.i.s.RalleyCandidateDetailsServiceImpl:324 - in string1993-06-02
00:17:48.462 [http-nio-9091-exec-5] INFO  c.c.i.s.RalleyCandidateDetailsServiceImpl:324 - in string2000-08-02
00:19:28.857 [http-nio-9091-exec-6] INFO  c.c.i.s.RalleyCandidateDetailsServiceImpl:153 - showing all conducting ralley states:[RalleyStates [state_id=1, state=Maharashtra], RalleyStates [state_id=2, state=Madhya Pradesh], RalleyStates [state_id=3, state=Rajasthan]]
00:19:35.830 [http-nio-9091-exec-8] INFO  c.c.i.s.RalleyCandidateDetailsServiceImpl:238 - total slots sum:500and registred students:1
00:19:35.851 [http-nio-9091-exec-4] INFO  c.c.i.s.RalleyCandidateDetailsServiceImpl:377 - <h2>Rally details: </h2><h3>Ralley Conduction in Bhopal</h2><h3>Conducting Dates: 2020-09-18 to 2020-09-18</h3><h4>near bus Stand ,Nehru Ground,Indore 444602</h4><hr>
00:19:35.867 [http-nio-9091-exec-9] INFO  c.c.i.s.RalleyCandidateDetailsServiceImpl:427 - [1, 2, 3]
00:19:35.917 [http-nio-9091-exec-5] INFO  c.c.i.s.RalleyCandidateDetailsServiceImpl:324 - in string1993-06-02
00:19:35.918 [http-nio-9091-exec-5] INFO  c.c.i.s.RalleyCandidateDetailsServiceImpl:324 - in string2000-08-02
00:21:30.554 [http-nio-9091-exec-8] INFO  c.c.i.s.RalleyCandidateDetailsServiceImpl:153 - showing all conducting ralley states:[RalleyStates [state_id=1, state=Maharashtra], RalleyStates [state_id=2, state=Madhya Pradesh], RalleyStates [state_id=3, state=Rajasthan]]
00:21:34.605 [http-nio-9091-exec-1] INFO  c.c.i.s.RalleyCandidateDetailsServiceImpl:238 - total slots sum:500and registred students:1
00:21:34.619 [http-nio-9091-exec-9] INFO  c.c.i.s.RalleyCandidateDetailsServiceImpl:377 - <h2>Rally details: </h2><h3>Ralley Conduction in Bhopal</h2><h3>Conducting Dates: 2020-09-18 to 2020-09-18</h3><h4>near bus Stand ,Nehru Ground,Indore 444602</h4><hr>
00:21:34.632 [http-nio-9091-exec-10] INFO  c.c.i.s.RalleyCandidateDetailsServiceImpl:427 - [1, 2, 3]
00:21:34.644 [http-nio-9091-exec-5] INFO  c.c.i.s.RalleyCandidateDetailsServiceImpl:324 - in string1993-06-02
00:21:34.645 [http-nio-9091-exec-5] INFO  c.c.i.s.RalleyCandidateDetailsServiceImpl:324 - in string2000-08-02
00:25:26.628 [http-nio-9091-exec-1] INFO  c.c.i.s.RalleyCandidateDetailsServiceImpl:153 - showing all conducting ralley states:[RalleyStates [state_id=1, state=Maharashtra], RalleyStates [state_id=2, state=Madhya Pradesh], RalleyStates [state_id=3, state=Rajasthan]]
00:25:34.096 [http-nio-9091-exec-5] INFO  c.c.i.s.RalleyCandidateDetailsServiceImpl:238 - total slots sum:500and registred students:1
00:25:34.110 [http-nio-9091-exec-3] INFO  c.c.i.s.RalleyCandidateDetailsServiceImpl:377 - <h2>Rally details: </h2><h3>Ralley Conduction in Bhopal</h2><h3>Conducting Dates: 2020-09-18 to 2020-09-18</h3><h4>near bus Stand ,Nehru Ground,Indore 444602</h4><hr>
00:25:34.125 [http-nio-9091-exec-4] INFO  c.c.i.s.RalleyCandidateDetailsServiceImpl:427 - [1, 2, 3]
00:25:34.178 [http-nio-9091-exec-10] INFO  c.c.i.s.RalleyCandidateDetailsServiceImpl:324 - in string1993-06-02
00:25:34.178 [http-nio-9091-exec-10] INFO  c.c.i.s.RalleyCandidateDetailsServiceImpl:324 - in string2000-08-02
00:28:27.115 [http-nio-9091-exec-3] INFO  c.c.i.s.RalleyCandidateDetailsServiceImpl:153 - showing all conducting ralley states:[RalleyStates [state_id=1, state=Maharashtra], RalleyStates [state_id=2, state=Madhya Pradesh], RalleyStates [state_id=3, state=Rajasthan]]
00:28:31.185 [http-nio-9091-exec-7] INFO  c.c.i.s.RalleyCandidateDetailsServiceImpl:238 - total slots sum:500and registred students:1
00:28:31.252 [http-nio-9091-exec-8] INFO  c.c.i.s.RalleyCandidateDetailsServiceImpl:377 - <h2>Rally details: </h2><h3>Ralley Conduction in Bhopal</h2><h3>Conducting Dates: 2020-09-18 to 2020-09-18</h3><h4>near bus Stand ,Nehru Ground,Indore 444602</h4><hr>
00:28:31.315 [http-nio-9091-exec-9] INFO  c.c.i.s.RalleyCandidateDetailsServiceImpl:427 - [1, 2, 3]
00:28:31.403 [http-nio-9091-exec-5] INFO  c.c.i.s.RalleyCandidateDetailsServiceImpl:324 - in string1993-06-02
00:28:31.403 [http-nio-9091-exec-5] INFO  c.c.i.s.RalleyCandidateDetailsServiceImpl:324 - in string2000-08-02
00:28:37.660 [http-nio-9091-exec-3] INFO  c.c.i.c.RalleyRegistrationFormController:136 - error:true
00:28:37.661 [http-nio-9091-exec-3] INFO  c.c.i.c.RalleyRegistrationFormController:139 - Validation errors while submitting form.
00:28:37.666 [http-nio-9091-exec-3] INFO  c.c.i.s.RalleyCandidateDetailsServiceImpl:153 - showing all conducting ralley states:[RalleyStates [state_id=1, state=Maharashtra], RalleyStates [state_id=2, state=Madhya Pradesh], RalleyStates [state_id=3, state=Rajasthan]]
00:28:48.781 [http-nio-9091-exec-8] INFO  c.c.i.s.RalleyCandidateDetailsServiceImpl:153 - showing all conducting ralley states:[RalleyStates [state_id=1, state=Maharashtra], RalleyStates [state_id=2, state=Madhya Pradesh], RalleyStates [state_id=3, state=Rajasthan]]
00:28:59.821 [http-nio-9091-exec-9] INFO  c.c.i.s.RalleyCandidateDetailsServiceImpl:238 - total slots sum:500and registred students:1
00:28:59.841 [http-nio-9091-exec-2] INFO  c.c.i.s.RalleyCandidateDetailsServiceImpl:377 - <h2>Rally details: </h2><h3>Ralley Conduction in Bhopal</h2><h3>Conducting Dates: 2020-09-18 to 2020-09-18</h3><h4>near bus Stand ,Nehru Ground,Indore 444602</h4><hr>
00:28:59.853 [http-nio-9091-exec-7] INFO  c.c.i.s.RalleyCandidateDetailsServiceImpl:427 - [1, 2, 3]
00:28:59.900 [http-nio-9091-exec-6] INFO  c.c.i.s.RalleyCandidateDetailsServiceImpl:324 - in string1993-06-02
00:28:59.900 [http-nio-9091-exec-6] INFO  c.c.i.s.RalleyCandidateDetailsServiceImpl:324 - in string2000-08-02
00:31:08.230 [http-nio-9091-exec-9] INFO  c.c.i.s.RalleyCandidateDetailsServiceImpl:153 - showing all conducting ralley states:[RalleyStates [state_id=1, state=Maharashtra], RalleyStates [state_id=2, state=Madhya Pradesh], RalleyStates [state_id=3, state=Rajasthan]]
00:31:12.646 [http-nio-9091-exec-10] INFO  c.c.i.s.RalleyCandidateDetailsServiceImpl:238 - total slots sum:500and registred students:1
00:31:12.660 [http-nio-9091-exec-2] INFO  c.c.i.s.RalleyCandidateDetailsServiceImpl:377 - <h2>Rally details: </h2><h3>Ralley Conduction in Bhopal</h2><h3>Conducting Dates: 2020-09-18 to 2020-09-18</h3><h4>near bus Stand ,Nehru Ground,Indore 444602</h4><hr>
00:31:12.676 [http-nio-9091-exec-8] INFO  c.c.i.s.RalleyCandidateDetailsServiceImpl:427 - [1, 2, 3]
00:31:12.726 [http-nio-9091-exec-5] INFO  c.c.i.s.RalleyCandidateDetailsServiceImpl:324 - in string1993-06-02
00:31:12.726 [http-nio-9091-exec-5] INFO  c.c.i.s.RalleyCandidateDetailsServiceImpl:324 - in string2000-08-02
00:33:29.094 [http-nio-9091-exec-10] INFO  c.c.i.s.RalleyCandidateDetailsServiceImpl:153 - showing all conducting ralley states:[RalleyStates [state_id=1, state=Maharashtra], RalleyStates [state_id=2, state=Madhya Pradesh], RalleyStates [state_id=3, state=Rajasthan]]
00:33:34.661 [http-nio-9091-exec-3] INFO  c.c.i.s.RalleyCandidateDetailsServiceImpl:238 - total slots sum:500and registred students:1
00:33:34.676 [http-nio-9091-exec-7] INFO  c.c.i.s.RalleyCandidateDetailsServiceImpl:377 - <h2>Rally details: </h2><h3>Ralley Conduction in Bhopal</h2><h3>Conducting Dates: 2020-09-18 to 2020-09-18</h3><h4>near bus Stand ,Nehru Ground,Indore 444602</h4><hr>
00:33:34.694 [http-nio-9091-exec-10] INFO  c.c.i.s.RalleyCandidateDetailsServiceImpl:427 - [1, 2, 3]
00:33:34.742 [http-nio-9091-exec-8] INFO  c.c.i.s.RalleyCandidateDetailsServiceImpl:324 - in string1993-06-02
00:33:34.742 [http-nio-9091-exec-8] INFO  c.c.i.s.RalleyCandidateDetailsServiceImpl:324 - in string2000-08-02
00:36:13.512 [http-nio-9091-exec-7] INFO  c.c.i.s.RalleyCandidateDetailsServiceImpl:153 - showing all conducting ralley states:[RalleyStates [state_id=1, state=Maharashtra], RalleyStates [state_id=2, state=Madhya Pradesh], RalleyStates [state_id=3, state=Rajasthan]]
00:36:16.548 [http-nio-9091-exec-2] INFO  c.c.i.s.RalleyCandidateDetailsServiceImpl:238 - total slots sum:500and registred students:1
00:36:16.562 [http-nio-9091-exec-3] INFO  c.c.i.s.RalleyCandidateDetailsServiceImpl:377 - <h2>Rally details: </h2><h3>Ralley Conduction in Bhopal</h2><h3>Conducting Dates: 2020-09-18 to 2020-09-18</h3><h4>near bus Stand ,Nehru Ground,Indore 444602</h4><hr>
00:36:16.612 [http-nio-9091-exec-8] INFO  c.c.i.s.RalleyCandidateDetailsServiceImpl:427 - [1, 2, 3]
00:36:16.626 [http-nio-9091-exec-5] INFO  c.c.i.s.RalleyCandidateDetailsServiceImpl:324 - in string1993-06-02
00:36:16.626 [http-nio-9091-exec-5] INFO  c.c.i.s.RalleyCandidateDetailsServiceImpl:324 - in string2000-08-02
00:41:49.270 [http-nio-9091-exec-2] INFO  c.c.i.s.RalleyCandidateDetailsServiceImpl:153 - showing all conducting ralley states:[RalleyStates [state_id=1, state=Maharashtra], RalleyStates [state_id=2, state=Madhya Pradesh], RalleyStates [state_id=3, state=Rajasthan]]
00:42:02.064 [http-nio-9091-exec-5] INFO  c.c.i.s.RalleyCandidateDetailsServiceImpl:238 - total slots sum:500and registred students:1
00:42:02.126 [http-nio-9091-exec-6] INFO  c.c.i.s.RalleyCandidateDetailsServiceImpl:377 - <h2>Rally details: </h2><h3>Ralley Conduction in Bhopal</h2><h3>Conducting Dates: 2020-09-18 to 2020-09-18</h3><h4>near bus Stand ,Nehru Ground,Indore 444602</h4><hr>
00:42:02.164 [http-nio-9091-exec-8] INFO  c.c.i.s.RalleyCandidateDetailsServiceImpl:427 - [1, 2, 3]
00:42:02.208 [http-nio-9091-exec-4] INFO  c.c.i.s.RalleyCandidateDetailsServiceImpl:324 - in string1993-06-02
00:42:02.209 [http-nio-9091-exec-4] INFO  c.c.i.s.RalleyCandidateDetailsServiceImpl:324 - in string2000-08-02
00:48:51.346 [http-nio-9091-exec-5] INFO  c.c.i.s.RalleyCandidateDetailsServiceImpl:166 - showing all conducting ralley cities:[RalleyCities [city_id=1, city=Pune], RalleyCities [city_id=2, city=Nashik], RalleyCities [city_id=3, city=Kolhapur]]
00:49:19.445 [http-nio-9091-exec-6] INFO  c.c.i.c.RalleyRegistrationFormController:136 - error:false
00:49:19.476 [http-nio-9091-exec-6] INFO  c.c.i.s.RalleyCandidateDetailsServiceImpl:90 - converting and getting candidate selected state and city name
00:49:19.563 [http-nio-9091-exec-6] INFO  c.c.i.s.RalleyCandidateDetailsServiceImpl:201 - state:Maharashtra city:Pune
00:49:19.565 [http-nio-9091-exec-6] INFO  c.c.i.s.RalleyCandidateDetailsServiceImpl:96 - setting values
00:49:19.587 [http-nio-9091-exec-6] INFO  c.c.i.s.RalleyCandidateDetailsServiceImpl:98 - before genrating id checking registring emailid is already present in DB or not...
00:49:20.227 [http-nio-9091-exec-6] INFO  c.c.i.a.a.PointCutLogTraceImplServiceLayer:19 - Exception in class:com.cdac.iafralley.services.RalleyCandidateDetailsServiceImpl ::method:save: with cause:Either emailid:ketan@g.comor aadhar644393383428 is already registered on this portal
00:49:20.311 [http-nio-9091-exec-6] INFO  c.c.i.s.RalleyCandidateDetailsServiceImpl:153 - showing all conducting ralley states:[RalleyStates [state_id=1, state=Maharashtra], RalleyStates [state_id=2, state=Madhya Pradesh], RalleyStates [state_id=3, state=Rajasthan]]
00:49:32.419 [http-nio-9091-exec-2] INFO  c.c.i.s.RalleyCandidateDetailsServiceImpl:238 - total slots sum:500and registred students:1
00:49:32.461 [http-nio-9091-exec-6] INFO  c.c.i.s.RalleyCandidateDetailsServiceImpl:377 - <h2>Rally details: </h2><h3>Ralley Conduction in Bhopal</h2><h3>Conducting Dates: 2020-09-18 to 2020-09-18</h3><h4>near bus Stand ,Nehru Ground,Indore 444602</h4><hr>
00:49:32.504 [http-nio-9091-exec-9] INFO  c.c.i.s.RalleyCandidateDetailsServiceImpl:427 - [1, 2, 3]
00:49:32.548 [http-nio-9091-exec-8] INFO  c.c.i.s.RalleyCandidateDetailsServiceImpl:324 - in string1993-06-02
00:49:32.549 [http-nio-9091-exec-8] INFO  c.c.i.s.RalleyCandidateDetailsServiceImpl:324 - in string2000-08-02
00:50:20.175 [http-nio-9091-exec-4] INFO  c.c.i.s.RalleyCandidateDetailsServiceImpl:153 - showing all conducting ralley states:[RalleyStates [state_id=1, state=Maharashtra], RalleyStates [state_id=2, state=Madhya Pradesh], RalleyStates [state_id=3, state=Rajasthan]]
00:50:23.459 [http-nio-9091-exec-10] INFO  c.c.i.s.RalleyCandidateDetailsServiceImpl:238 - total slots sum:500and registred students:1
00:50:23.479 [http-nio-9091-exec-1] INFO  c.c.i.s.RalleyCandidateDetailsServiceImpl:377 - <h2>Rally details: </h2><h3>Ralley Conduction in Bhopal</h2><h3>Conducting Dates: 2020-09-18 to 2020-09-18</h3><h4>near bus Stand ,Nehru Ground,Indore 444602</h4><hr>
00:50:23.494 [http-nio-9091-exec-9] INFO  c.c.i.s.RalleyCandidateDetailsServiceImpl:427 - [1, 2, 3]
00:50:23.514 [http-nio-9091-exec-6] INFO  c.c.i.s.RalleyCandidateDetailsServiceImpl:324 - in string1993-06-02
00:50:23.515 [http-nio-9091-exec-6] INFO  c.c.i.s.RalleyCandidateDetailsServiceImpl:324 - in string2000-08-02
00:50:32.245 [http-nio-9091-exec-7] INFO  c.c.i.c.RalleyRegistrationFormController:136 - error:true
00:50:32.245 [http-nio-9091-exec-7] INFO  c.c.i.c.RalleyRegistrationFormController:139 - Validation errors while submitting form.
00:50:32.249 [http-nio-9091-exec-7] INFO  c.c.i.s.RalleyCandidateDetailsServiceImpl:153 - showing all conducting ralley states:[RalleyStates [state_id=1, state=Maharashtra], RalleyStates [state_id=2, state=Madhya Pradesh], RalleyStates [state_id=3, state=Rajasthan]]
00:51:53.973 [http-nio-9091-exec-5] INFO  c.c.i.c.RalleyRegistrationFormController:136 - error:true
00:51:53.974 [http-nio-9091-exec-5] INFO  c.c.i.c.RalleyRegistrationFormController:139 - Validation errors while submitting form.
00:51:54.006 [http-nio-9091-exec-5] INFO  c.c.i.s.RalleyCandidateDetailsServiceImpl:153 - showing all conducting ralley states:[RalleyStates [state_id=1, state=Maharashtra], RalleyStates [state_id=2, state=Madhya Pradesh], RalleyStates [state_id=3, state=Rajasthan]]
00:52:11.678 [http-nio-9091-exec-8] INFO  c.c.i.c.RalleyRegistrationFormController:136 - error:true
00:52:11.680 [http-nio-9091-exec-8] INFO  c.c.i.c.RalleyRegistrationFormController:139 - Validation errors while submitting form.
00:52:11.684 [http-nio-9091-exec-8] INFO  c.c.i.s.RalleyCandidateDetailsServiceImpl:153 - showing all conducting ralley states:[RalleyStates [state_id=1, state=Maharashtra], RalleyStates [state_id=2, state=Madhya Pradesh], RalleyStates [state_id=3, state=Rajasthan]]
00:54:03.424 [http-nio-9091-exec-4] INFO  c.c.i.c.RalleyRegistrationFormController:136 - error:true
00:54:03.425 [http-nio-9091-exec-4] INFO  c.c.i.c.RalleyRegistrationFormController:139 - Validation errors while submitting form.
00:54:03.429 [http-nio-9091-exec-4] INFO  c.c.i.s.RalleyCandidateDetailsServiceImpl:153 - showing all conducting ralley states:[RalleyStates [state_id=1, state=Maharashtra], RalleyStates [state_id=2, state=Madhya Pradesh], RalleyStates [state_id=3, state=Rajasthan]]
00:54:29.056 [http-nio-9091-exec-7] INFO  c.c.i.s.RalleyCandidateDetailsServiceImpl:153 - showing all conducting ralley states:[RalleyStates [state_id=1, state=Maharashtra], RalleyStates [state_id=2, state=Madhya Pradesh], RalleyStates [state_id=3, state=Rajasthan]]
00:55:22.231 [http-nio-9091-exec-1] INFO  c.c.i.s.RalleyCandidateDetailsServiceImpl:238 - total slots sum:500and registred students:1
00:55:22.328 [http-nio-9091-exec-10] INFO  c.c.i.s.RalleyCandidateDetailsServiceImpl:377 - <h2>Rally details: </h2><h3>Ralley Conduction in Bhopal</h2><h3>Conducting Dates: 2020-09-18 to 2020-09-18</h3><h4>near bus Stand ,Nehru Ground,Indore 444602</h4><hr>
00:55:22.367 [http-nio-9091-exec-9] INFO  c.c.i.s.RalleyCandidateDetailsServiceImpl:427 - [1, 2, 3]
00:55:22.434 [http-nio-9091-exec-4] INFO  c.c.i.s.RalleyCandidateDetailsServiceImpl:324 - in string1993-06-02
00:55:22.436 [http-nio-9091-exec-4] INFO  c.c.i.s.RalleyCandidateDetailsServiceImpl:324 - in string2000-08-02
00:55:27.977 [http-nio-9091-exec-8] INFO  c.c.i.c.RalleyRegistrationFormController:136 - error:true
00:55:27.978 [http-nio-9091-exec-8] INFO  c.c.i.c.RalleyRegistrationFormController:139 - Validation errors while submitting form.
00:55:27.983 [http-nio-9091-exec-8] INFO  c.c.i.s.RalleyCandidateDetailsServiceImpl:153 - showing all conducting ralley states:[RalleyStates [state_id=1, state=Maharashtra], RalleyStates [state_id=2, state=Madhya Pradesh], RalleyStates [state_id=3, state=Rajasthan]]
00:55:30.782 [http-nio-9091-exec-10] INFO  c.c.i.s.RalleyCandidateDetailsServiceImpl:153 - showing all conducting ralley states:[RalleyStates [state_id=1, state=Maharashtra], RalleyStates [state_id=2, state=Madhya Pradesh], RalleyStates [state_id=3, state=Rajasthan]]
00:55:43.146 [http-nio-9091-exec-5] INFO  c.c.i.s.RalleyCandidateDetailsServiceImpl:238 - total slots sum:500and registred students:1
00:55:43.241 [http-nio-9091-exec-7] INFO  c.c.i.s.RalleyCandidateDetailsServiceImpl:377 - <h2>Rally details: </h2><h3>Ralley Conduction in Bhopal</h2><h3>Conducting Dates: 2020-09-18 to 2020-09-18</h3><h4>near bus Stand ,Nehru Ground,Indore 444602</h4><hr>
00:55:43.357 [http-nio-9091-exec-3] INFO  c.c.i.s.RalleyCandidateDetailsServiceImpl:427 - [1, 2, 3]
00:55:43.646 [http-nio-9091-exec-8] INFO  c.c.i.s.RalleyCandidateDetailsServiceImpl:324 - in string1993-06-02
00:55:43.648 [http-nio-9091-exec-8] INFO  c.c.i.s.RalleyCandidateDetailsServiceImpl:324 - in string2000-08-02
00:55:48.147 [http-nio-9091-exec-2] INFO  c.c.i.c.RalleyRegistrationFormController:136 - error:true
00:55:48.148 [http-nio-9091-exec-2] INFO  c.c.i.c.RalleyRegistrationFormController:139 - Validation errors while submitting form.
00:55:48.151 [http-nio-9091-exec-2] INFO  c.c.i.s.RalleyCandidateDetailsServiceImpl:153 - showing all conducting ralley states:[RalleyStates [state_id=1, state=Maharashtra], RalleyStates [state_id=2, state=Madhya Pradesh], RalleyStates [state_id=3, state=Rajasthan]]
00:55:51.662 [http-nio-9091-exec-4] INFO  c.c.i.s.RalleyCandidateDetailsServiceImpl:153 - showing all conducting ralley states:[RalleyStates [state_id=1, state=Maharashtra], RalleyStates [state_id=2, state=Madhya Pradesh], RalleyStates [state_id=3, state=Rajasthan]]
00:56:01.627 [http-nio-9091-exec-8] INFO  c.c.i.s.RalleyCandidateDetailsServiceImpl:238 - total slots sum:500and registred students:1
00:56:01.694 [http-nio-9091-exec-7] INFO  c.c.i.s.RalleyCandidateDetailsServiceImpl:377 - <h2>Rally details: </h2><h3>Ralley Conduction in Bhopal</h2><h3>Conducting Dates: 2020-09-18 to 2020-09-18</h3><h4>near bus Stand ,Nehru Ground,Indore 444602</h4><hr>
00:56:01.721 [http-nio-9091-exec-4] INFO  c.c.i.s.RalleyCandidateDetailsServiceImpl:427 - [1, 2, 3]
00:56:01.803 [http-nio-9091-exec-6] INFO  c.c.i.s.RalleyCandidateDetailsServiceImpl:324 - in string1993-06-02
00:56:01.805 [http-nio-9091-exec-6] INFO  c.c.i.s.RalleyCandidateDetailsServiceImpl:324 - in string2000-08-02
00:56:05.639 [http-nio-9091-exec-9] INFO  c.c.i.c.RalleyRegistrationFormController:136 - error:true
00:56:05.641 [http-nio-9091-exec-9] INFO  c.c.i.c.RalleyRegistrationFormController:139 - Validation errors while submitting form.
00:56:05.767 [http-nio-9091-exec-9] INFO  c.c.i.s.RalleyCandidateDetailsServiceImpl:153 - showing all conducting ralley states:[RalleyStates [state_id=1, state=Maharashtra], RalleyStates [state_id=2, state=Madhya Pradesh], RalleyStates [state_id=3, state=Rajasthan]]
00:56:10.248 [http-nio-9091-exec-1] INFO  c.c.i.s.RalleyCandidateDetailsServiceImpl:153 - showing all conducting ralley states:[RalleyStates [state_id=1, state=Maharashtra], RalleyStates [state_id=2, state=Madhya Pradesh], RalleyStates [state_id=3, state=Rajasthan]]
00:56:46.450 [http-nio-9091-exec-1] INFO  c.c.i.s.RalleyCandidateDetailsServiceImpl:238 - total slots sum:500and registred students:1
00:56:46.488 [http-nio-9091-exec-9] INFO  c.c.i.s.RalleyCandidateDetailsServiceImpl:377 - <h2>Rally details: </h2><h3>Ralley Conduction in Bhopal</h2><h3>Conducting Dates: 2020-09-18 to 2020-09-18</h3><h4>near bus Stand ,Nehru Ground,Indore 444602</h4><hr>
00:56:46.586 [http-nio-9091-exec-7] INFO  c.c.i.s.RalleyCandidateDetailsServiceImpl:427 - [1, 2, 3]
00:56:46.654 [http-nio-9091-exec-8] INFO  c.c.i.s.RalleyCandidateDetailsServiceImpl:324 - in string1993-06-02
00:56:46.654 [http-nio-9091-exec-8] INFO  c.c.i.s.RalleyCandidateDetailsServiceImpl:324 - in string2000-08-02
00:57:05.570 [http-nio-9091-exec-2] INFO  c.c.i.s.RalleyCandidateDetailsServiceImpl:166 - showing all conducting ralley cities:[RalleyCities [city_id=1, city=Pune], RalleyCities [city_id=2, city=Nashik], RalleyCities [city_id=3, city=Kolhapur]]
00:57:32.216 [http-nio-9091-exec-6] INFO  c.c.i.c.RalleyRegistrationFormController:136 - error:false
00:57:32.217 [http-nio-9091-exec-6] INFO  c.c.i.s.RalleyCandidateDetailsServiceImpl:90 - converting and getting candidate selected state and city name
00:57:32.224 [http-nio-9091-exec-6] INFO  c.c.i.s.RalleyCandidateDetailsServiceImpl:201 - state:Maharashtra city:Pune
00:57:32.225 [http-nio-9091-exec-6] INFO  c.c.i.s.RalleyCandidateDetailsServiceImpl:96 - setting values
00:57:32.226 [http-nio-9091-exec-6] INFO  c.c.i.s.RalleyCandidateDetailsServiceImpl:98 - before genrating id checking registring emailid is already present in DB or not...
00:57:33.611 [http-nio-9091-exec-6] INFO  c.c.i.a.a.PointCutLogTraceImplServiceLayer:19 - Exception in class:com.cdac.iafralley.services.RalleyCandidateDetailsServiceImpl ::method:save: with cause:Either emailid:ketutank11@gmail.comor aadhar644393383428 is already registered on this portal
00:57:33.624 [http-nio-9091-exec-6] INFO  c.c.i.s.RalleyCandidateDetailsServiceImpl:153 - showing all conducting ralley states:[RalleyStates [state_id=1, state=Maharashtra], RalleyStates [state_id=2, state=Madhya Pradesh], RalleyStates [state_id=3, state=Rajasthan]]
00:57:57.045 [http-nio-9091-exec-2] INFO  c.c.i.s.RalleyCandidateDetailsServiceImpl:238 - total slots sum:500and registred students:1
00:57:57.183 [http-nio-9091-exec-9] INFO  c.c.i.s.RalleyCandidateDetailsServiceImpl:377 - <h2>Rally details: </h2><h3>Ralley Conduction in Bhopal</h2><h3>Conducting Dates: 2020-09-18 to 2020-09-18</h3><h4>near bus Stand ,Nehru Ground,Indore 444602</h4><hr>
00:57:57.329 [http-nio-9091-exec-7] INFO  c.c.i.s.RalleyCandidateDetailsServiceImpl:427 - [1, 2, 3]
00:57:57.475 [http-nio-9091-exec-6] INFO  c.c.i.s.RalleyCandidateDetailsServiceImpl:324 - in string1993-06-02
00:57:57.476 [http-nio-9091-exec-6] INFO  c.c.i.s.RalleyCandidateDetailsServiceImpl:324 - in string2000-08-02
01:27:44.333 [http-nio-9091-exec-2] INFO  c.c.i.s.RalleyCandidateDetailsServiceImpl:153 - showing all conducting ralley states:[RalleyStates [state_id=1, state=Maharashtra], RalleyStates [state_id=2, state=Madhya Pradesh], RalleyStates [state_id=3, state=Rajasthan]]
01:27:47.686 [http-nio-9091-exec-2] INFO  c.c.i.s.RalleyCandidateDetailsServiceImpl:238 - total slots sum:500and registred students:1
01:27:47.729 [http-nio-9091-exec-3] INFO  c.c.i.s.RalleyCandidateDetailsServiceImpl:377 - <h2>Rally details: </h2><h3>Ralley Conduction in Bhopal</h2><h3>Conducting Dates: 2020-09-18 to 2020-09-18</h3><h4>near bus Stand ,Nehru Ground,Indore 444602</h4><hr>
01:27:47.770 [http-nio-9091-exec-8] INFO  c.c.i.s.RalleyCandidateDetailsServiceImpl:427 - [1, 2, 3]
01:27:47.812 [http-nio-9091-exec-1] INFO  c.c.i.s.RalleyCandidateDetailsServiceImpl:324 - in string1993-06-02
01:27:47.814 [http-nio-9091-exec-1] INFO  c.c.i.s.RalleyCandidateDetailsServiceImpl:324 - in string2000-08-02
01:31:00.470 [http-nio-9091-exec-3] INFO  c.c.i.s.RalleyCandidateDetailsServiceImpl:153 - showing all conducting ralley states:[RalleyStates [state_id=1, state=Maharashtra], RalleyStates [state_id=2, state=Madhya Pradesh], RalleyStates [state_id=3, state=Rajasthan]]
01:31:04.987 [http-nio-9091-exec-8] INFO  c.c.i.s.RalleyCandidateDetailsServiceImpl:238 - total slots sum:500and registred students:1
01:31:05.033 [http-nio-9091-exec-1] INFO  c.c.i.s.RalleyCandidateDetailsServiceImpl:377 - <h2>Rally details: </h2><h3>Ralley Conduction in Bhopal</h2><h3>Conducting Dates: 2020-09-18 to 2020-09-18</h3><h4>near bus Stand ,Nehru Ground,Indore 444602</h4><hr>
01:31:05.087 [http-nio-9091-exec-2] INFO  c.c.i.s.RalleyCandidateDetailsServiceImpl:427 - [1, 2, 3]
01:31:05.136 [http-nio-9091-exec-3] INFO  c.c.i.s.RalleyCandidateDetailsServiceImpl:324 - in string1993-06-02
01:31:05.139 [http-nio-9091-exec-3] INFO  c.c.i.s.RalleyCandidateDetailsServiceImpl:324 - in string2000-08-02
01:33:13.806 [http-nio-9091-exec-8] INFO  c.c.i.s.RalleyCandidateDetailsServiceImpl:153 - showing all conducting ralley states:[RalleyStates [state_id=1, state=Maharashtra], RalleyStates [state_id=2, state=Madhya Pradesh], RalleyStates [state_id=3, state=Rajasthan]]
01:33:19.279 [http-nio-9091-exec-8] INFO  c.c.i.s.RalleyCandidateDetailsServiceImpl:238 - total slots sum:500and registred students:1
01:33:19.324 [http-nio-9091-exec-7] INFO  c.c.i.s.RalleyCandidateDetailsServiceImpl:377 - <h2>Rally details: </h2><h3>Ralley Conduction in Bhopal</h2><h3>Conducting Dates: 2020-09-18 to 2020-09-18</h3><h4>near bus Stand ,Nehru Ground,Indore 444602</h4><hr>
01:33:19.370 [http-nio-9091-exec-4] INFO  c.c.i.s.RalleyCandidateDetailsServiceImpl:427 - [1, 2, 3]
01:33:19.417 [http-nio-9091-exec-5] INFO  c.c.i.s.RalleyCandidateDetailsServiceImpl:324 - in string1993-06-02
01:33:19.419 [http-nio-9091-exec-5] INFO  c.c.i.s.RalleyCandidateDetailsServiceImpl:324 - in string2000-08-02
01:37:15.462 [http-nio-9091-exec-4] INFO  c.c.i.s.RalleyCandidateDetailsServiceImpl:153 - showing all conducting ralley states:[RalleyStates [state_id=1, state=Maharashtra], RalleyStates [state_id=2, state=Madhya Pradesh], RalleyStates [state_id=3, state=Rajasthan]]
01:37:19.181 [http-nio-9091-exec-6] INFO  c.c.i.s.RalleyCandidateDetailsServiceImpl:238 - total slots sum:500and registred students:1
01:37:19.231 [http-nio-9091-exec-1] INFO  c.c.i.s.RalleyCandidateDetailsServiceImpl:377 - <h2>Rally details: </h2><h3>Ralley Conduction in Bhopal</h2><h3>Conducting Dates: 2020-09-18 to 2020-09-18</h3><h4>near bus Stand ,Nehru Ground,Indore 444602</h4><hr>
01:37:19.340 [http-nio-9091-exec-2] INFO  c.c.i.s.RalleyCandidateDetailsServiceImpl:427 - [1, 2, 3]
01:37:19.464 [http-nio-9091-exec-4] INFO  c.c.i.s.RalleyCandidateDetailsServiceImpl:324 - in string1993-06-02
01:37:19.466 [http-nio-9091-exec-4] INFO  c.c.i.s.RalleyCandidateDetailsServiceImpl:324 - in string2000-08-02
01:44:32.319 [http-nio-9091-exec-6] INFO  c.c.i.s.RalleyCandidateDetailsServiceImpl:153 - showing all conducting ralley states:[RalleyStates [state_id=1, state=Maharashtra], RalleyStates [state_id=2, state=Madhya Pradesh], RalleyStates [state_id=3, state=Rajasthan]]
01:44:39.504 [http-nio-9091-exec-7] INFO  c.c.i.s.RalleyCandidateDetailsServiceImpl:238 - total slots sum:500and registred students:1
01:44:39.531 [http-nio-9091-exec-5] INFO  c.c.i.s.RalleyCandidateDetailsServiceImpl:377 - <h2>Rally details: </h2><h3>Ralley Conduction in Bhopal</h2><h3>Conducting Dates: 2020-09-18 to 2020-09-18</h3><h4>near bus Stand ,Nehru Ground,Indore 444602</h4><hr>
01:44:39.589 [http-nio-9091-exec-3] INFO  c.c.i.s.RalleyCandidateDetailsServiceImpl:427 - [1, 2, 3]
01:44:39.693 [http-nio-9091-exec-6] INFO  c.c.i.s.RalleyCandidateDetailsServiceImpl:324 - in string1993-06-02
01:44:39.695 [http-nio-9091-exec-6] INFO  c.c.i.s.RalleyCandidateDetailsServiceImpl:324 - in string2000-08-02
02:17:00.394 [http-nio-9091-exec-6] INFO  c.c.i.s.RalleyCandidateDetailsServiceImpl:153 - showing all conducting ralley states:[RalleyStates [state_id=1, state=Maharashtra], RalleyStates [state_id=2, state=Madhya Pradesh], RalleyStates [state_id=3, state=Rajasthan]]
02:17:05.334 [http-nio-9091-exec-2] INFO  c.c.i.s.RalleyCandidateDetailsServiceImpl:238 - total slots sum:500and registred students:1
02:17:05.429 [http-nio-9091-exec-8] INFO  c.c.i.s.RalleyCandidateDetailsServiceImpl:377 - <h2>Rally details: </h2><h3>Ralley Conduction in Bhopal</h2><h3>Conducting Dates: 2020-09-18 to 2020-09-18</h3><h4>near bus Stand ,Nehru Ground,Indore 444602</h4><hr>
02:17:05.511 [http-nio-9091-exec-10] INFO  c.c.i.s.RalleyCandidateDetailsServiceImpl:427 - [1, 2, 3]
02:17:05.605 [http-nio-9091-exec-7] INFO  c.c.i.s.RalleyCandidateDetailsServiceImpl:324 - in string1993-06-02
02:17:05.607 [http-nio-9091-exec-7] INFO  c.c.i.s.RalleyCandidateDetailsServiceImpl:324 - in string2000-08-02
02:22:37.259 [http-nio-9091-exec-1] INFO  c.c.i.s.RalleyCandidateDetailsServiceImpl:153 - showing all conducting ralley states:[RalleyStates [state_id=1, state=Maharashtra], RalleyStates [state_id=2, state=Madhya Pradesh], RalleyStates [state_id=3, state=Rajasthan]]
02:22:46.554 [http-nio-9091-exec-6] INFO  c.c.i.s.RalleyCandidateDetailsServiceImpl:238 - total slots sum:500and registred students:1
02:22:46.575 [http-nio-9091-exec-1] INFO  c.c.i.s.RalleyCandidateDetailsServiceImpl:377 - <h2>Rally details: </h2><h3>Ralley Conduction in Bhopal</h2><h3>Conducting Dates: 2020-09-18 to 2020-09-18</h3><h4>near bus Stand ,Nehru Ground,Indore 444602</h4><hr>
02:22:46.645 [http-nio-9091-exec-8] INFO  c.c.i.s.RalleyCandidateDetailsServiceImpl:427 - [1, 2, 3]
02:22:46.667 [http-nio-9091-exec-4] INFO  c.c.i.s.RalleyCandidateDetailsServiceImpl:324 - in string1993-06-02
02:22:46.668 [http-nio-9091-exec-4] INFO  c.c.i.s.RalleyCandidateDetailsServiceImpl:324 - in string2000-08-02
