2020-09-09 17:29:59.114 [restartedMain] INFO  c.c.iafralley.IafralleyApplication:55 - Starting IafralleyApplication on DESKTOP-0VP0BSJ with PID 8452 (C:\Users\Ketan\git\iafralleyFinalOrignal\target\classes started by Ketan in C:\Users\Ketan\git\iafralleyFinalOrignal)
2020-09-09 17:29:59.140 [restartedMain] INFO  c.c.iafralley.IafralleyApplication:655 - The following profiles are active: local
2020-09-09 17:30:04.909 [restartedMain] INFO  o.a.catalina.core.StandardService:173 - Starting service [Tomcat]
2020-09-09 17:30:04.910 [restartedMain] INFO  o.a.catalina.core.StandardEngine:173 - Starting Servlet engine: [Apache Tomcat/9.0.37]
2020-09-09 17:30:05.161 [restartedMain] INFO  o.a.c.c.C.[Tomcat].[localhost].[/]:173 - Initializing Spring embedded WebApplicationContext
2020-09-09 17:30:05.610 [restartedMain] INFO  o.h.jpa.internal.util.LogHelper:31 - HHH000204: Processing PersistenceUnitInfo [name: default]
2020-09-09 17:30:05.768 [restartedMain] INFO  org.hibernate.Version:44 - HHH000412: Hibernate ORM core version 5.4.18.Final
2020-09-09 17:30:06.190 [restartedMain] INFO  o.h.annotations.common.Version:49 - HCANN000001: Hibernate Commons Annotations {5.1.0.Final}
2020-09-09 17:30:08.613 [restartedMain] INFO  org.hibernate.dialect.Dialect:172 - HHH000400: Using dialect: org.hibernate.dialect.PostgreSQLDialect
2020-09-09 17:30:13.597 [restartedMain] INFO  o.h.e.t.j.p.i.JtaPlatformInitiator:52 - HHH000490: Using JtaPlatform implementation: [org.hibernate.engine.transaction.jta.platform.internal.NoJtaPlatform]
2020-09-09 17:30:14.751 [restartedMain] INFO  o.a.catalina.core.StandardService:173 - Stopping service [Tomcat]
2020-09-09 17:30:51.278 [restartedMain] INFO  c.c.iafralley.IafralleyApplication:55 - Starting IafralleyApplication on DESKTOP-0VP0BSJ with PID 14332 (C:\Users\Ketan\git\iafralleyFinalOrignal\target\classes started by Ketan in C:\Users\Ketan\git\iafralleyFinalOrignal)
2020-09-09 17:30:51.280 [restartedMain] INFO  c.c.iafralley.IafralleyApplication:655 - The following profiles are active: local
2020-09-09 17:30:52.548 [restartedMain] INFO  o.a.catalina.core.StandardService:173 - Starting service [Tomcat]
2020-09-09 17:30:52.548 [restartedMain] INFO  o.a.catalina.core.StandardEngine:173 - Starting Servlet engine: [Apache Tomcat/9.0.37]
2020-09-09 17:30:52.618 [restartedMain] INFO  o.a.c.c.C.[Tomcat].[localhost].[/]:173 - Initializing Spring embedded WebApplicationContext
2020-09-09 17:30:52.823 [restartedMain] INFO  o.h.jpa.internal.util.LogHelper:31 - HHH000204: Processing PersistenceUnitInfo [name: default]
2020-09-09 17:30:52.856 [restartedMain] INFO  org.hibernate.Version:44 - HHH000412: Hibernate ORM core version 5.4.18.Final
2020-09-09 17:30:52.941 [restartedMain] INFO  o.h.annotations.common.Version:49 - HCANN000001: Hibernate Commons Annotations {5.1.0.Final}
2020-09-09 17:30:54.437 [restartedMain] INFO  org.hibernate.dialect.Dialect:172 - HHH000400: Using dialect: org.hibernate.dialect.PostgreSQLDialect
2020-09-09 17:30:55.151 [restartedMain] INFO  o.h.e.t.j.p.i.JtaPlatformInitiator:52 - HHH000490: Using JtaPlatform implementation: [org.hibernate.engine.transaction.jta.platform.internal.NoJtaPlatform]
2020-09-09 17:30:57.190 [restartedMain] INFO  c.c.i.a.c.StaticResourceConfiguration:26 - Serving static content from /casbUpload/IAFRalleyReport/applicantDetails/
2020-09-09 17:30:57.831 [restartedMain] INFO  c.c.iafralley.IafralleyApplication:61 - Started IafralleyApplication in 6.87 seconds (JVM running for 7.785)
2020-09-09 17:35:37.291 [restartedMain] INFO  c.c.iafralley.IafralleyApplication:55 - Starting IafralleyApplication on DESKTOP-0VP0BSJ with PID 14332 (C:\Users\Ketan\git\iafralleyFinalOrignal\target\classes started by Ketan in C:\Users\Ketan\git\iafralleyFinalOrignal)
2020-09-09 17:35:37.291 [restartedMain] INFO  c.c.iafralley.IafralleyApplication:655 - The following profiles are active: local
2020-09-09 17:35:38.053 [restartedMain] INFO  o.a.catalina.core.StandardService:173 - Starting service [Tomcat]
2020-09-09 17:35:38.053 [restartedMain] INFO  o.a.catalina.core.StandardEngine:173 - Starting Servlet engine: [Apache Tomcat/9.0.37]
2020-09-09 17:35:38.092 [restartedMain] INFO  o.a.c.c.C.[Tomcat].[localhost].[/]:173 - Initializing Spring embedded WebApplicationContext
2020-09-09 17:35:38.158 [restartedMain] INFO  o.h.jpa.internal.util.LogHelper:31 - HHH000204: Processing PersistenceUnitInfo [name: default]
2020-09-09 17:35:39.174 [restartedMain] INFO  org.hibernate.dialect.Dialect:172 - HHH000400: Using dialect: org.hibernate.dialect.PostgreSQLDialect
2020-09-09 17:35:39.438 [restartedMain] INFO  o.h.e.t.j.p.i.JtaPlatformInitiator:52 - HHH000490: Using JtaPlatform implementation: [org.hibernate.engine.transaction.jta.platform.internal.NoJtaPlatform]
2020-09-09 17:35:39.815 [restartedMain] INFO  c.c.i.a.c.StaticResourceConfiguration:26 - Serving static content from /casbUpload/IAFRalleyReport/applicantDetails/
2020-09-09 17:35:39.908 [restartedMain] INFO  c.c.iafralley.IafralleyApplication:61 - Started IafralleyApplication in 2.659 seconds (JVM running for 289.862)
2020-09-09 17:36:12.291 [restartedMain] INFO  c.c.iafralley.IafralleyApplication:55 - Starting IafralleyApplication on DESKTOP-0VP0BSJ with PID 14332 (C:\Users\Ketan\git\iafralleyFinalOrignal\target\classes started by Ketan in C:\Users\Ketan\git\iafralleyFinalOrignal)
2020-09-09 17:36:12.291 [restartedMain] INFO  c.c.iafralley.IafralleyApplication:655 - The following profiles are active: local
2020-09-09 17:36:12.647 [restartedMain] INFO  o.a.catalina.core.StandardService:173 - Starting service [Tomcat]
2020-09-09 17:36:12.648 [restartedMain] INFO  o.a.catalina.core.StandardEngine:173 - Starting Servlet engine: [Apache Tomcat/9.0.37]
2020-09-09 17:36:12.749 [restartedMain] INFO  o.a.c.c.C.[Tomcat].[localhost].[/]:173 - Initializing Spring embedded WebApplicationContext
2020-09-09 17:36:12.796 [restartedMain] INFO  o.h.jpa.internal.util.LogHelper:31 - HHH000204: Processing PersistenceUnitInfo [name: default]
2020-09-09 17:36:13.878 [restartedMain] INFO  org.hibernate.dialect.Dialect:172 - HHH000400: Using dialect: org.hibernate.dialect.PostgreSQLDialect
2020-09-09 17:36:14.050 [restartedMain] INFO  o.h.e.t.j.p.i.JtaPlatformInitiator:52 - HHH000490: Using JtaPlatform implementation: [org.hibernate.engine.transaction.jta.platform.internal.NoJtaPlatform]
2020-09-09 17:36:14.325 [restartedMain] INFO  c.c.i.a.c.StaticResourceConfiguration:26 - Serving static content from /casbUpload/IAFRalleyReport/applicantDetails/
2020-09-09 17:36:14.417 [restartedMain] INFO  c.c.iafralley.IafralleyApplication:61 - Started IafralleyApplication in 2.16 seconds (JVM running for 324.371)
2020-09-09 17:36:24.874 [http-nio-9091-exec-2] INFO  o.a.c.c.C.[Tomcat].[localhost].[/]:173 - Initializing Spring DispatcherServlet 'dispatcherServlet'
2020-09-09 17:36:41.764 [http-nio-9091-exec-5] INFO  c.c.i.s.RalleyCandidateDetailsServiceImpl:402 - <h3 class='p-contents'>IAF RECRUITMENT RALLY GROUP 'Y'-VADODARA</h3><h4 class='p-contents'>From 23 SEPTEMBER 2020 to 04 OCTOBER 2020</h4><!--<h4 class='p-contents'>AT KV AIR FORCE, MAKARPURA, VADODARA, GUJARAT</h4>--><input type='hidden' id='ralleyid_cust' name='rally_id' value=SEP2320VA00004>
2020-09-09 17:36:41.853 [http-nio-9091-exec-4] INFO  c.c.i.s.RalleyCandidateDetailsServiceImpl:452 - [9]
2020-09-09 17:36:41.933 [http-nio-9091-exec-3] INFO  c.c.i.s.RalleyCandidateDetailsServiceImpl:349 - in string2000-01-17
2020-09-09 17:36:41.934 [http-nio-9091-exec-3] INFO  c.c.i.s.RalleyCandidateDetailsServiceImpl:349 - in string2003-12-30
2020-09-09 17:36:41.953 [http-nio-9091-exec-1] INFO  c.c.i.s.RalleyCandidateDetailsServiceImpl:481 - obtained rallyid=SEP2320VA00004
2020-09-09 17:36:41.971 [http-nio-9091-exec-1] INFO  c.c.i.s.RalleyCandidateDetailsServiceImpl:524 - stateRalleyStates [state_id=7, state=UT OF DAMAN & DIU]
2020-09-09 17:36:41.974 [http-nio-9091-exec-1] INFO  c.c.i.s.RalleyCandidateDetailsServiceImpl:524 - stateRalleyStates [state_id=8, state=UT OF DADRA & NAGAR HAVELI]
2020-09-09 17:37:36.077 [http-nio-9091-exec-8] INFO  c.c.i.c.RalleyRegistrationFormController:173 - RalleyCandidateDetails [id=null, name=jjkjkj, fathername=kjkjkj, emailid=kkjk@fc.ocm, dateOfBirth=Thu Oct 10 00:00:00 IST 2002, contactno=9763930238, passed_exam_detail=Vocational, otherDetailPassedDetail=klkl, aadhar_details=null, passed_exam_percentage=50, english_percentage=50, maritial_status=false, height=152.5, city=76, state=6, opt_city=106, opt_state=6, opt_city_name=VADODARA, opt_state_name=Gujarat,opt_group_id=9, venu_details=null, ximagePath=null, xiiimagePath=null, dateTimeOfReporting=null, subscirbed_on=null, ralleyregistrationNo=null]
2020-09-09 17:37:36.077 [http-nio-9091-exec-8] INFO  c.c.i.c.RalleyRegistrationFormController:174 - 676
2020-09-09 17:37:36.080 [http-nio-9091-exec-8] INFO  c.c.i.c.RalleyRegistrationFormController:230 - candidate dob Thu Oct 10 00:00:00 IST 2002admin dob 2000-01-17 truetrueexma:50
2020-09-09 17:37:36.081 [http-nio-9091-exec-8] INFO  c.c.i.c.RalleyRegistrationFormController:263 - error:false
2020-09-09 17:37:36.081 [http-nio-9091-exec-8] INFO  c.c.i.s.RalleyCandidateDetailsServiceImpl:91 - converting and getting candidate selected state and city name
2020-09-09 17:37:36.085 [http-nio-9091-exec-8] INFO  c.c.i.s.RalleyCandidateDetailsServiceImpl:226 - state:Gujarat city:AMRELI
2020-09-09 17:37:36.086 [http-nio-9091-exec-8] INFO  c.c.i.s.RalleyCandidateDetailsServiceImpl:97 - setting values
2020-09-09 17:37:36.086 [http-nio-9091-exec-8] INFO  c.c.i.s.RalleyCandidateDetailsServiceImpl:99 - before genrating id checking registring emailid is already present in DB or not...
2020-09-09 17:37:36.306 [http-nio-9091-exec-8] INFO  c.c.i.a.a.PointCutLogTraceImplServiceLayer:19 - Exception in class:com.cdac.iafralley.services.RalleyCandidateDetailsServiceImpl ::method:save: with cause:query did not return a unique result: 2; nested exception is javax.persistence.NonUniqueResultException: query did not return a unique result: 2
2020-09-09 17:42:37.334 [restartedMain] INFO  c.c.iafralley.IafralleyApplication:55 - Starting IafralleyApplication on DESKTOP-0VP0BSJ with PID 19820 (C:\Users\Ketan\git\iafralleyFinalOrignal\target\classes started by Ketan in C:\Users\Ketan\git\iafralleyFinalOrignal)
2020-09-09 17:42:37.336 [restartedMain] INFO  c.c.iafralley.IafralleyApplication:655 - The following profiles are active: local
2020-09-09 17:42:38.758 [restartedMain] INFO  o.a.catalina.core.StandardService:173 - Starting service [Tomcat]
2020-09-09 17:42:38.759 [restartedMain] INFO  o.a.catalina.core.StandardEngine:173 - Starting Servlet engine: [Apache Tomcat/9.0.37]
2020-09-09 17:42:38.831 [restartedMain] INFO  o.a.c.c.C.[Tomcat].[localhost].[/]:173 - Initializing Spring embedded WebApplicationContext
2020-09-09 17:42:39.079 [restartedMain] INFO  o.h.jpa.internal.util.LogHelper:31 - HHH000204: Processing PersistenceUnitInfo [name: default]
2020-09-09 17:42:39.113 [restartedMain] INFO  org.hibernate.Version:44 - HHH000412: Hibernate ORM core version 5.4.18.Final
2020-09-09 17:42:39.204 [restartedMain] INFO  o.h.annotations.common.Version:49 - HCANN000001: Hibernate Commons Annotations {5.1.0.Final}
2020-09-09 17:42:40.870 [restartedMain] INFO  org.hibernate.dialect.Dialect:172 - HHH000400: Using dialect: org.hibernate.dialect.PostgreSQLDialect
2020-09-09 17:42:42.877 [restartedMain] INFO  o.h.e.t.j.p.i.JtaPlatformInitiator:52 - HHH000490: Using JtaPlatform implementation: [org.hibernate.engine.transaction.jta.platform.internal.NoJtaPlatform]
2020-09-09 17:42:44.504 [restartedMain] INFO  c.c.i.a.c.StaticResourceConfiguration:26 - Serving static content from /casbUpload/IAFRalleyReport/applicantDetails/
2020-09-09 17:42:44.993 [restartedMain] INFO  c.c.iafralley.IafralleyApplication:61 - Started IafralleyApplication in 8.052 seconds (JVM running for 10.165)
2020-09-09 17:42:57.230 [http-nio-9091-exec-1] INFO  o.a.c.c.C.[Tomcat].[localhost].[/]:173 - Initializing Spring DispatcherServlet 'dispatcherServlet'
2020-09-09 17:42:58.156 [http-nio-9091-exec-3] INFO  c.c.i.s.RalleyCandidateDetailsServiceImpl:402 - <h3 class='p-contents'>IAF RECRUITMENT RALLY GROUP 'Y'-VADODARA</h3><h4 class='p-contents'>From 23 SEPTEMBER 2020 to 04 OCTOBER 2020</h4><!--<h4 class='p-contents'>AT KV AIR FORCE, MAKARPURA, VADODARA, GUJARAT</h4>--><input type='hidden' id='ralleyid_cust' name='rally_id' value=SEP2320VA00004>
2020-09-09 17:42:58.190 [http-nio-9091-exec-4] INFO  c.c.i.s.RalleyCandidateDetailsServiceImpl:452 - [9]
2020-09-09 17:42:58.231 [http-nio-9091-exec-5] INFO  c.c.i.s.RalleyCandidateDetailsServiceImpl:349 - in string2000-01-17
2020-09-09 17:42:58.232 [http-nio-9091-exec-5] INFO  c.c.i.s.RalleyCandidateDetailsServiceImpl:349 - in string2003-12-30
2020-09-09 17:42:58.252 [http-nio-9091-exec-6] INFO  c.c.i.s.RalleyCandidateDetailsServiceImpl:481 - obtained rallyid=SEP2320VA00004
2020-09-09 17:42:58.267 [http-nio-9091-exec-6] INFO  c.c.i.s.RalleyCandidateDetailsServiceImpl:524 - stateRalleyStates [state_id=7, state=UT OF DAMAN & DIU]
2020-09-09 17:42:58.270 [http-nio-9091-exec-6] INFO  c.c.i.s.RalleyCandidateDetailsServiceImpl:524 - stateRalleyStates [state_id=8, state=UT OF DADRA & NAGAR HAVELI]
2020-09-09 17:43:41.451 [http-nio-9091-exec-7] INFO  c.c.i.c.RalleyRegistrationFormController:173 - RalleyCandidateDetails [id=null, name=ketan, fathername=KETAN, emailid=asd@g.com, dateOfBirth=Thu Oct 10 00:00:00 IST 2002, contactno=9763930238, passed_exam_detail=Vocational, otherDetailPassedDetail=klkl, aadhar_details=null, passed_exam_percentage=50, english_percentage=50, maritial_status=false, height=152.5, city=75, state=6, opt_city=106, opt_state=6, opt_city_name=VADODARA, opt_state_name=Gujarat,opt_group_id=9, venu_details=null, ximagePath=null, xiiimagePath=null, dateTimeOfReporting=null, subscirbed_on=null, ralleyregistrationNo=null]
2020-09-09 17:43:41.452 [http-nio-9091-exec-7] INFO  c.c.i.c.RalleyRegistrationFormController:174 - 675
2020-09-09 17:43:41.458 [http-nio-9091-exec-7] INFO  c.c.i.c.RalleyRegistrationFormController:230 - candidate dob Thu Oct 10 00:00:00 IST 2002admin dob 2000-01-17 truetrueexma:50
2020-09-09 17:43:41.458 [http-nio-9091-exec-7] INFO  c.c.i.c.RalleyRegistrationFormController:263 - error:false
2020-09-09 17:43:41.458 [http-nio-9091-exec-7] INFO  c.c.i.s.RalleyCandidateDetailsServiceImpl:91 - converting and getting candidate selected state and city name
2020-09-09 17:43:41.462 [http-nio-9091-exec-7] INFO  c.c.i.s.RalleyCandidateDetailsServiceImpl:226 - state:Gujarat city:AHMEDABAD
2020-09-09 17:43:41.462 [http-nio-9091-exec-7] INFO  c.c.i.s.RalleyCandidateDetailsServiceImpl:97 - setting values
2020-09-09 17:43:41.462 [http-nio-9091-exec-7] INFO  c.c.i.s.RalleyCandidateDetailsServiceImpl:99 - before genrating id checking registring emailid is already present in DB or not...
2020-09-09 17:43:41.468 [http-nio-9091-exec-7] INFO  c.c.i.s.RalleyCandidateDetailsServiceImpl:130 - Registering emailid is not present in DB so proceeding further...
2020-09-09 17:43:41.472 [http-nio-9091-exec-7] INFO  c.c.i.s.RalleyCandidateDetailsServiceImpl:26 - singleton object value:com.cdac.iafralley.util.ASingleton@21a899f8
2020-09-09 17:43:41.488 [http-nio-9091-exec-7] INFO  c.c.iafralley.util.RalleyIdGenrator:40 - Db Max count value:null
2020-09-09 17:43:41.489 [http-nio-9091-exec-7] INFO  c.c.i.s.RalleyCandidateDetailsServiceImpl:148 - for candidate with emailid:asd@g.com Genrated Candidate registration ID:VA200600001
2020-09-09 17:43:41.489 [http-nio-9091-exec-7] INFO  c.c.i.s.RalleyCandidateDetailsServiceImpl:149 - storing certificate paths in db and writing in disk
2020-09-09 17:43:41.493 [http-nio-9091-exec-7] INFO  c.c.i.services.StoreImageFiles:52 - checking X and XII  marksheet
2020-09-09 17:43:41.494 [http-nio-9091-exec-7] INFO  c.c.i.services.StoreImageFiles:85 - Analyzing image for malicious code
2020-09-09 17:43:43.319 [http-nio-9091-exec-7] INFO  c.c.i.services.StoreImageFiles:178 - set truncated false valid image
2020-09-09 17:43:43.320 [http-nio-9091-exec-7] INFO  c.c.i.services.StoreImageFiles:181 - Image file is a non coruppted and vaid file
2020-09-09 17:43:43.487 [http-nio-9091-exec-7] INFO  c.c.i.services.StoreImageFiles:178 - set truncated false valid image
2020-09-09 17:43:43.487 [http-nio-9091-exec-7] INFO  c.c.i.services.StoreImageFiles:181 - Image file is a non coruppted and vaid file
2020-09-09 17:43:43.595 [http-nio-9091-exec-7] INFO  c.c.i.services.StoreImageFiles:98 - in after checking for image validation  created file dir..on disk
2020-09-09 17:43:43.596 [http-nio-9091-exec-7] INFO  c.c.i.services.StoreImageFiles:103 - Renaming marksheet
2020-09-09 17:43:43.597 [http-nio-9091-exec-7] INFO  c.c.i.services.StoreImageFiles:111 - file1:VA200600001_X_marksheet.jpeg file2:VA200600001_XII_marksheet.jpeg
2020-09-09 17:43:43.597 [http-nio-9091-exec-7] INFO  c.c.i.services.StoreImageFiles:114 - copying to Path...
2020-09-09 17:43:43.652 [http-nio-9091-exec-7] INFO  c.c.i.s.RalleyCandidateDetailsServiceImpl:152 - Before saving Candidate filled values are :RalleyCandidateDetails [id=null, name=ketan, fathername=KETAN, emailid=asd@g.com, dateOfBirth=Thu Oct 10 00:00:00 IST 2002, contactno=9763930238, passed_exam_detail=Vocational, otherDetailPassedDetail=klkl, aadhar_details=null, passed_exam_percentage=50, english_percentage=50, maritial_status=false, height=152.5, city=AHMEDABAD, state=Gujarat, opt_city=106, opt_state=6, opt_city_name=VADODARA, opt_state_name=Gujarat,opt_group_id=9, venu_details=null, ximagePath=VA200600001/VA200600001_X_marksheet.jpeg, xiiimagePath=VA200600001/VA200600001_XII_marksheet.jpeg, dateTimeOfReporting=null, subscirbed_on=null, ralleyregistrationNo=VA200600001]
2020-09-09 17:43:43.818 [http-nio-9091-exec-7] INFO  c.c.i.c.RalleyRegistrationFormController:298 - SEP2320VA00004
2020-09-09 17:43:43.819 [http-nio-9091-exec-7] INFO  c.c.i.c.RalleyRegistrationFormController:300 - VADODARA IAF RECRUITMENT RALLY GROUP 'Y'
2020-09-09 17:43:43.833 [http-nio-9091-exec-7] INFO  c.c.i.mailConfig.MailingService:51 - Data saved for candidate+asd@g.comprepraring for sending mail using server:smtpb.pune.cdac.in
2020-09-09 17:43:43.834 [http-nio-9091-exec-7] INFO  c.c.i.mailConfig.MailingService:67 - Setting message in mimeMessage for candidate:asd@g.com
2020-09-09 17:43:43.960 [http-nio-9091-exec-7] INFO  c.c.i.mailConfig.MailingService:128 - sending mail via server with host:smtpb.pune.cdac.in
2020-09-09 17:43:44.239 [http-nio-9091-exec-7] INFO  c.c.i.mailConfig.MailingService:132 - error in sending mail via server with host:smtpb.pune.cdac.in
 pepare alternate server to send mail
2020-09-09 17:43:52.340 [http-nio-9091-exec-7] INFO  c.c.i.c.RalleyRegistrationFormController:318 - Form submitted successfully.
2020-09-09 17:44:42.223 [http-nio-9091-exec-9] INFO  c.c.i.s.RalleyCandidateDetailsServiceImpl:402 - <h3 class='p-contents'>IAF RECRUITMENT RALLY GROUP 'Y'-VADODARA</h3><h4 class='p-contents'>From 23 SEPTEMBER 2020 to 04 OCTOBER 2020</h4><!--<h4 class='p-contents'>AT KV AIR FORCE, MAKARPURA, VADODARA, GUJARAT</h4>--><input type='hidden' id='ralleyid_cust' name='rally_id' value=SEP2320VA00004>
2020-09-09 17:44:42.244 [http-nio-9091-exec-8] INFO  c.c.i.s.RalleyCandidateDetailsServiceImpl:452 - [9]
2020-09-09 17:44:42.257 [http-nio-9091-exec-4] INFO  c.c.i.s.RalleyCandidateDetailsServiceImpl:349 - in string2000-01-17
2020-09-09 17:44:42.258 [http-nio-9091-exec-4] INFO  c.c.i.s.RalleyCandidateDetailsServiceImpl:349 - in string2003-12-30
2020-09-09 17:44:42.272 [http-nio-9091-exec-7] INFO  c.c.i.s.RalleyCandidateDetailsServiceImpl:481 - obtained rallyid=SEP2320VA00004
2020-09-09 17:44:42.552 [http-nio-9091-exec-7] INFO  c.c.i.s.RalleyCandidateDetailsServiceImpl:524 - stateRalleyStates [state_id=7, state=UT OF DAMAN & DIU]
2020-09-09 17:44:42.555 [http-nio-9091-exec-7] INFO  c.c.i.s.RalleyCandidateDetailsServiceImpl:524 - stateRalleyStates [state_id=8, state=UT OF DADRA & NAGAR HAVELI]
2020-09-09 17:45:26.714 [http-nio-9091-exec-10] INFO  c.c.i.c.RalleyRegistrationFormController:173 - RalleyCandidateDetails [id=null, name=Ketan, fathername=Tank, emailid=ert@g.com, dateOfBirth=Thu Oct 10 00:00:00 IST 2002, contactno=9784563258, passed_exam_detail=Vocational, otherDetailPassedDetail=klkl, aadhar_details=null, passed_exam_percentage=50, english_percentage=50, maritial_status=false, height=152.5, city=76, state=6, opt_city=106, opt_state=6, opt_city_name=VADODARA, opt_state_name=Gujarat,opt_group_id=9, venu_details=null, ximagePath=null, xiiimagePath=null, dateTimeOfReporting=null, subscirbed_on=null, ralleyregistrationNo=null]
2020-09-09 17:45:26.714 [http-nio-9091-exec-10] INFO  c.c.i.c.RalleyRegistrationFormController:174 - 676
2020-09-09 17:45:26.834 [http-nio-9091-exec-10] INFO  c.c.i.c.RalleyRegistrationFormController:230 - candidate dob Thu Oct 10 00:00:00 IST 2002admin dob 2000-01-17 truetrueexma:50
2020-09-09 17:45:26.834 [http-nio-9091-exec-10] INFO  c.c.i.c.RalleyRegistrationFormController:263 - error:false
2020-09-09 17:45:26.834 [http-nio-9091-exec-10] INFO  c.c.i.s.RalleyCandidateDetailsServiceImpl:91 - converting and getting candidate selected state and city name
2020-09-09 17:45:26.837 [http-nio-9091-exec-10] INFO  c.c.i.s.RalleyCandidateDetailsServiceImpl:226 - state:Gujarat city:AMRELI
2020-09-09 17:45:26.838 [http-nio-9091-exec-10] INFO  c.c.i.s.RalleyCandidateDetailsServiceImpl:97 - setting values
2020-09-09 17:45:26.838 [http-nio-9091-exec-10] INFO  c.c.i.s.RalleyCandidateDetailsServiceImpl:99 - before genrating id checking registring emailid is already present in DB or not...
2020-09-09 17:45:26.850 [http-nio-9091-exec-10] INFO  c.c.i.s.RalleyCandidateDetailsServiceImpl:130 - Registering emailid is not present in DB so proceeding further...
2020-09-09 17:45:26.855 [http-nio-9091-exec-10] INFO  c.c.iafralley.util.RalleyIdGenrator:40 - Db Max count value:00001
2020-09-09 17:45:26.856 [http-nio-9091-exec-10] INFO  c.c.i.s.RalleyCandidateDetailsServiceImpl:148 - for candidate with emailid:ert@g.com Genrated Candidate registration ID:VA200600002
2020-09-09 17:45:26.856 [http-nio-9091-exec-10] INFO  c.c.i.s.RalleyCandidateDetailsServiceImpl:149 - storing certificate paths in db and writing in disk
2020-09-09 17:45:26.857 [http-nio-9091-exec-10] INFO  c.c.i.services.StoreImageFiles:52 - checking X and XII  marksheet
2020-09-09 17:45:26.940 [http-nio-9091-exec-10] INFO  c.c.i.services.StoreImageFiles:85 - Analyzing image for malicious code
2020-09-09 17:45:27.295 [http-nio-9091-exec-10] INFO  c.c.i.services.StoreImageFiles:178 - set truncated false valid image
2020-09-09 17:45:27.296 [http-nio-9091-exec-10] INFO  c.c.i.services.StoreImageFiles:181 - Image file is a non coruppted and vaid file
2020-09-09 17:45:27.467 [http-nio-9091-exec-10] INFO  c.c.i.services.StoreImageFiles:178 - set truncated false valid image
2020-09-09 17:45:27.467 [http-nio-9091-exec-10] INFO  c.c.i.services.StoreImageFiles:181 - Image file is a non coruppted and vaid file
2020-09-09 17:45:27.480 [http-nio-9091-exec-10] INFO  c.c.i.services.StoreImageFiles:98 - in after checking for image validation  created file dir..on disk
2020-09-09 17:45:27.481 [http-nio-9091-exec-10] INFO  c.c.i.services.StoreImageFiles:103 - Renaming marksheet
2020-09-09 17:45:27.481 [http-nio-9091-exec-10] INFO  c.c.i.services.StoreImageFiles:111 - file1:VA200600002_X_marksheet.jpeg file2:VA200600002_XII_marksheet.jpeg
2020-09-09 17:45:27.481 [http-nio-9091-exec-10] INFO  c.c.i.services.StoreImageFiles:114 - copying to Path...
2020-09-09 17:45:27.512 [http-nio-9091-exec-10] INFO  c.c.i.s.RalleyCandidateDetailsServiceImpl:152 - Before saving Candidate filled values are :RalleyCandidateDetails [id=null, name=Ketan, fathername=Tank, emailid=ert@g.com, dateOfBirth=Thu Oct 10 00:00:00 IST 2002, contactno=9784563258, passed_exam_detail=Vocational, otherDetailPassedDetail=klkl, aadhar_details=null, passed_exam_percentage=50, english_percentage=50, maritial_status=false, height=152.5, city=AMRELI, state=Gujarat, opt_city=106, opt_state=6, opt_city_name=VADODARA, opt_state_name=Gujarat,opt_group_id=9, venu_details=null, ximagePath=VA200600002/VA200600002_X_marksheet.jpeg, xiiimagePath=VA200600002/VA200600002_XII_marksheet.jpeg, dateTimeOfReporting=null, subscirbed_on=null, ralleyregistrationNo=VA200600002]
2020-09-09 17:45:27.516 [http-nio-9091-exec-10] INFO  c.c.i.c.RalleyRegistrationFormController:298 - SEP2320VA00004
2020-09-09 17:45:27.517 [http-nio-9091-exec-10] INFO  c.c.i.c.RalleyRegistrationFormController:300 - VADODARA IAF RECRUITMENT RALLY GROUP 'Y'
2020-09-09 17:45:27.529 [http-nio-9091-exec-10] INFO  c.c.i.mailConfig.MailingService:51 - Data saved for candidate+ert@g.comprepraring for sending mail using server:smtpb.pune.cdac.in
2020-09-09 17:45:27.530 [http-nio-9091-exec-10] INFO  c.c.i.mailConfig.MailingService:67 - Setting message in mimeMessage for candidate:ert@g.com
2020-09-09 17:45:27.534 [http-nio-9091-exec-10] INFO  c.c.i.mailConfig.MailingService:128 - sending mail via server with host:smtpb.pune.cdac.in
2020-09-09 17:45:27.542 [http-nio-9091-exec-10] INFO  c.c.i.mailConfig.MailingService:132 - error in sending mail via server with host:smtpb.pune.cdac.in
 pepare alternate server to send mail
2020-09-09 17:45:28.699 [http-nio-9091-exec-10] INFO  c.c.i.c.RalleyRegistrationFormController:318 - Form submitted successfully.
2020-09-09 17:47:21.339 [http-nio-9091-exec-10] INFO  c.c.i.s.RalleyCandidateDetailsServiceImpl:402 - <h3 class='p-contents'>IAF RECRUITMENT RALLY GROUP 'Y'-VADODARA</h3><h4 class='p-contents'>From 23 SEPTEMBER 2020 to 04 OCTOBER 2020</h4><!--<h4 class='p-contents'>AT KV AIR FORCE, MAKARPURA, VADODARA, GUJARAT</h4>--><input type='hidden' id='ralleyid_cust' name='rally_id' value=SEP2320VA00004>
2020-09-09 17:47:21.353 [http-nio-9091-exec-7] INFO  c.c.i.s.RalleyCandidateDetailsServiceImpl:452 - [9]
2020-09-09 17:47:21.367 [http-nio-9091-exec-2] INFO  c.c.i.s.RalleyCandidateDetailsServiceImpl:349 - in string2000-01-17
2020-09-09 17:47:21.367 [http-nio-9091-exec-2] INFO  c.c.i.s.RalleyCandidateDetailsServiceImpl:349 - in string2003-12-30
2020-09-09 17:47:21.378 [http-nio-9091-exec-1] INFO  c.c.i.s.RalleyCandidateDetailsServiceImpl:481 - obtained rallyid=SEP2320VA00004
2020-09-09 17:47:21.385 [http-nio-9091-exec-1] INFO  c.c.i.s.RalleyCandidateDetailsServiceImpl:524 - stateRalleyStates [state_id=7, state=UT OF DAMAN & DIU]
2020-09-09 17:47:21.388 [http-nio-9091-exec-1] INFO  c.c.i.s.RalleyCandidateDetailsServiceImpl:524 - stateRalleyStates [state_id=8, state=UT OF DADRA & NAGAR HAVELI]
2020-09-09 17:48:02.118 [http-nio-9091-exec-5] INFO  c.c.i.c.RalleyRegistrationFormController:173 - RalleyCandidateDetails [id=null, name=kjkj, fathername=kjkj, emailid=qw@g.com, dateOfBirth=Thu Oct 10 00:00:00 IST 2002, contactno=9784563258, passed_exam_detail=Vocational, otherDetailPassedDetail=jkjkj, aadhar_details=null, passed_exam_percentage=50, english_percentage=50, maritial_status=false, height=152.5, city=77, state=6, opt_city=106, opt_state=6, opt_city_name=VADODARA, opt_state_name=Gujarat,opt_group_id=9, venu_details=null, ximagePath=null, xiiimagePath=null, dateTimeOfReporting=null, subscirbed_on=null, ralleyregistrationNo=null]
2020-09-09 17:48:02.118 [http-nio-9091-exec-5] INFO  c.c.i.c.RalleyRegistrationFormController:174 - 677
2020-09-09 17:48:02.120 [http-nio-9091-exec-5] INFO  c.c.i.c.RalleyRegistrationFormController:230 - candidate dob Thu Oct 10 00:00:00 IST 2002admin dob 2000-01-17 truetrueexma:50
2020-09-09 17:48:02.121 [http-nio-9091-exec-5] INFO  c.c.i.c.RalleyRegistrationFormController:263 - error:false
2020-09-09 17:48:02.121 [http-nio-9091-exec-5] INFO  c.c.i.s.RalleyCandidateDetailsServiceImpl:91 - converting and getting candidate selected state and city name
2020-09-09 17:48:02.126 [http-nio-9091-exec-5] INFO  c.c.i.s.RalleyCandidateDetailsServiceImpl:226 - state:Gujarat city:ANAND
2020-09-09 17:48:02.127 [http-nio-9091-exec-5] INFO  c.c.i.s.RalleyCandidateDetailsServiceImpl:97 - setting values
2020-09-09 17:48:02.128 [http-nio-9091-exec-5] INFO  c.c.i.s.RalleyCandidateDetailsServiceImpl:99 - before genrating id checking registring emailid is already present in DB or not...
2020-09-09 17:48:02.132 [http-nio-9091-exec-5] INFO  c.c.i.s.RalleyCandidateDetailsServiceImpl:130 - Registering emailid is not present in DB so proceeding further...
2020-09-09 17:48:02.135 [http-nio-9091-exec-5] INFO  c.c.iafralley.util.RalleyIdGenrator:40 - Db Max count value:88882
2020-09-09 17:48:02.136 [http-nio-9091-exec-5] INFO  c.c.i.s.RalleyCandidateDetailsServiceImpl:148 - for candidate with emailid:qw@g.com Genrated Candidate registration ID:VA200688883
2020-09-09 17:48:02.136 [http-nio-9091-exec-5] INFO  c.c.i.s.RalleyCandidateDetailsServiceImpl:149 - storing certificate paths in db and writing in disk
2020-09-09 17:48:02.136 [http-nio-9091-exec-5] INFO  c.c.i.services.StoreImageFiles:52 - checking X and XII  marksheet
2020-09-09 17:48:02.137 [http-nio-9091-exec-5] INFO  c.c.i.services.StoreImageFiles:85 - Analyzing image for malicious code
2020-09-09 17:48:02.535 [http-nio-9091-exec-5] INFO  c.c.i.services.StoreImageFiles:178 - set truncated false valid image
2020-09-09 17:48:02.535 [http-nio-9091-exec-5] INFO  c.c.i.services.StoreImageFiles:181 - Image file is a non coruppted and vaid file
2020-09-09 17:48:02.695 [http-nio-9091-exec-5] INFO  c.c.i.services.StoreImageFiles:178 - set truncated false valid image
2020-09-09 17:48:02.695 [http-nio-9091-exec-5] INFO  c.c.i.services.StoreImageFiles:181 - Image file is a non coruppted and vaid file
2020-09-09 17:48:02.696 [http-nio-9091-exec-5] INFO  c.c.i.services.StoreImageFiles:98 - in after checking for image validation  created file dir..on disk
2020-09-09 17:48:02.696 [http-nio-9091-exec-5] INFO  c.c.i.services.StoreImageFiles:103 - Renaming marksheet
2020-09-09 17:48:02.696 [http-nio-9091-exec-5] INFO  c.c.i.services.StoreImageFiles:111 - file1:VA200688883_X_marksheet.jpeg file2:VA200688883_XII_marksheet.jpeg
2020-09-09 17:48:02.696 [http-nio-9091-exec-5] INFO  c.c.i.services.StoreImageFiles:114 - copying to Path...
2020-09-09 17:48:02.717 [http-nio-9091-exec-5] INFO  c.c.i.s.RalleyCandidateDetailsServiceImpl:152 - Before saving Candidate filled values are :RalleyCandidateDetails [id=null, name=kjkj, fathername=kjkj, emailid=qw@g.com, dateOfBirth=Thu Oct 10 00:00:00 IST 2002, contactno=9784563258, passed_exam_detail=Vocational, otherDetailPassedDetail=jkjkj, aadhar_details=null, passed_exam_percentage=50, english_percentage=50, maritial_status=false, height=152.5, city=ANAND, state=Gujarat, opt_city=106, opt_state=6, opt_city_name=VADODARA, opt_state_name=Gujarat,opt_group_id=9, venu_details=null, ximagePath=VA200688883/VA200688883_X_marksheet.jpeg, xiiimagePath=VA200688883/VA200688883_XII_marksheet.jpeg, dateTimeOfReporting=null, subscirbed_on=null, ralleyregistrationNo=VA200688883]
2020-09-09 17:48:02.722 [http-nio-9091-exec-5] INFO  c.c.i.c.RalleyRegistrationFormController:298 - SEP2320VA00004
2020-09-09 17:48:02.725 [http-nio-9091-exec-5] INFO  c.c.i.c.RalleyRegistrationFormController:300 - VADODARA IAF RECRUITMENT RALLY GROUP 'Y'
2020-09-09 17:48:02.738 [http-nio-9091-exec-5] INFO  c.c.i.mailConfig.MailingService:51 - Data saved for candidate+qw@g.comprepraring for sending mail using server:smtpb.pune.cdac.in
2020-09-09 17:48:02.738 [http-nio-9091-exec-5] INFO  c.c.i.mailConfig.MailingService:67 - Setting message in mimeMessage for candidate:qw@g.com
2020-09-09 17:48:02.744 [http-nio-9091-exec-5] INFO  c.c.i.mailConfig.MailingService:128 - sending mail via server with host:smtpb.pune.cdac.in
2020-09-09 17:48:02.789 [http-nio-9091-exec-5] INFO  c.c.i.mailConfig.MailingService:132 - error in sending mail via server with host:smtpb.pune.cdac.in
 pepare alternate server to send mail
2020-09-09 17:48:04.037 [http-nio-9091-exec-5] INFO  c.c.i.c.RalleyRegistrationFormController:318 - Form submitted successfully.
2020-09-09 18:36:14.739 [restartedMain] INFO  c.c.iafralley.IafralleyApplication:55 - Starting IafralleyApplication on DESKTOP-0VP0BSJ with PID 6012 (C:\Users\Ketan\git\iafralleyFinalOrignal\target\classes started by Ketan in C:\Users\Ketan\git\iafralleyFinalOrignal)
2020-09-09 18:36:14.756 [restartedMain] INFO  c.c.iafralley.IafralleyApplication:655 - The following profiles are active: local
2020-09-09 18:36:16.374 [restartedMain] INFO  o.a.catalina.core.StandardService:173 - Starting service [Tomcat]
2020-09-09 18:36:16.375 [restartedMain] INFO  o.a.catalina.core.StandardEngine:173 - Starting Servlet engine: [Apache Tomcat/9.0.37]
2020-09-09 18:36:16.487 [restartedMain] INFO  o.a.c.c.C.[Tomcat].[localhost].[/]:173 - Initializing Spring embedded WebApplicationContext
2020-09-09 18:36:16.768 [restartedMain] INFO  o.h.jpa.internal.util.LogHelper:31 - HHH000204: Processing PersistenceUnitInfo [name: default]
2020-09-09 18:36:16.815 [restartedMain] INFO  org.hibernate.Version:44 - HHH000412: Hibernate ORM core version 5.4.18.Final
2020-09-09 18:36:17.138 [restartedMain] INFO  o.h.annotations.common.Version:49 - HCANN000001: Hibernate Commons Annotations {5.1.0.Final}
2020-09-09 18:36:18.616 [restartedMain] INFO  org.hibernate.dialect.Dialect:172 - HHH000400: Using dialect: org.hibernate.dialect.PostgreSQLDialect
2020-09-09 18:36:20.527 [restartedMain] INFO  o.h.e.t.j.p.i.JtaPlatformInitiator:52 - HHH000490: Using JtaPlatform implementation: [org.hibernate.engine.transaction.jta.platform.internal.NoJtaPlatform]
2020-09-09 18:36:22.706 [restartedMain] INFO  c.c.i.a.c.StaticResourceConfiguration:26 - Serving static content from /casbUpload/IAFRalleyReport/applicantDetails/
2020-09-09 18:36:23.397 [restartedMain] INFO  c.c.iafralley.IafralleyApplication:61 - Started IafralleyApplication in 9.011 seconds (JVM running for 10.019)
2020-09-09 18:36:42.568 [http-nio-9091-exec-1] INFO  o.a.c.c.C.[Tomcat].[localhost].[/]:173 - Initializing Spring DispatcherServlet 'dispatcherServlet'
2020-09-09 18:38:40.920 [http-nio-9091-exec-1] INFO  c.c.i.s.RalleyCandidateDetailsServiceImpl:410 - <h3 class='p-contents'>IAF RECRUITMENT RALLY GROUP 'Y'-VADODARA</h3><h4 class='p-contents'>From 23 SEPTEMBER 2020 to 04 OCTOBER 2020</h4><!--<h4 class='p-contents'>AT KV AIR FORCE, MAKARPURA, VADODARA, GUJARAT</h4>--><input type='hidden' id='ralleyid_cust' name='rally_id' value=SEP2320VA00004>
2020-09-09 18:38:41.281 [http-nio-9091-exec-3] INFO  c.c.i.s.RalleyCandidateDetailsServiceImpl:460 - [9]
2020-09-09 18:38:41.547 [http-nio-9091-exec-8] INFO  c.c.i.s.RalleyCandidateDetailsServiceImpl:357 - in string2000-01-17
2020-09-09 18:38:41.580 [http-nio-9091-exec-8] INFO  c.c.i.s.RalleyCandidateDetailsServiceImpl:357 - in string2003-12-30
2020-09-09 18:38:41.698 [http-nio-9091-exec-6] INFO  c.c.i.s.RalleyCandidateDetailsServiceImpl:489 - obtained rallyid=SEP2320VA00004
2020-09-09 18:38:42.004 [http-nio-9091-exec-6] INFO  c.c.i.s.RalleyCandidateDetailsServiceImpl:532 - stateRalleyStates [state_id=7, state=UT OF DAMAN & DIU]
2020-09-09 18:38:42.008 [http-nio-9091-exec-6] INFO  c.c.i.s.RalleyCandidateDetailsServiceImpl:532 - stateRalleyStates [state_id=8, state=UT OF DADRA & NAGAR HAVELI]
2020-09-09 18:50:42.372 [http-nio-9091-exec-1] INFO  c.c.i.c.RalleyRegistrationFormController:173 - RalleyCandidateDetails [id=null, name=kjkj, fathername=kjkj, emailid=kert@g.com, dateOfBirth=Thu Oct 10 00:00:00 IST 2002, contactno=8789898989, passed_exam_detail=Vocational, otherDetailPassedDetail=dfdf, aadhar_details=null, passed_exam_percentage=52, english_percentage=51, maritial_status=false, height=152.5, city=76, state=6, opt_city=106, opt_state=6, opt_city_name=VADODARA, opt_state_name=Gujarat,opt_group_id=9, venu_details=null, ximagePath=null, xiiimagePath=null, dateTimeOfReporting=null, subscirbed_on=null, ralleyregistrationNo=null]
2020-09-09 18:50:42.373 [http-nio-9091-exec-1] INFO  c.c.i.c.RalleyRegistrationFormController:174 - 676
2020-09-09 18:50:42.379 [http-nio-9091-exec-1] INFO  c.c.i.c.RalleyRegistrationFormController:230 - candidate dob Thu Oct 10 00:00:00 IST 2002admin dob 2000-01-17 truetrueexma:52
2020-09-09 18:50:42.380 [http-nio-9091-exec-1] INFO  c.c.i.c.RalleyRegistrationFormController:263 - error:false
2020-09-09 18:50:42.391 [http-nio-9091-exec-1] INFO  c.c.i.s.RalleyCandidateDetailsServiceImpl:26 - singleton object value:com.cdac.iafralley.util.ASingleton@634ec2cf
2020-09-09 18:50:42.392 [http-nio-9091-exec-1] INFO  c.c.i.s.RalleyCandidateDetailsServiceImpl:91 - converting and getting candidate selected state and city name
2020-09-09 18:50:42.397 [http-nio-9091-exec-1] INFO  c.c.i.s.RalleyCandidateDetailsServiceImpl:234 - state:Gujarat city:AMRELI
2020-09-09 18:50:42.397 [http-nio-9091-exec-1] INFO  c.c.i.s.RalleyCandidateDetailsServiceImpl:97 - setting values
2020-09-09 18:50:42.398 [http-nio-9091-exec-1] INFO  c.c.i.s.RalleyCandidateDetailsServiceImpl:99 - before genrating id checking registring emailid is already present in DB or not...
2020-09-09 18:50:42.438 [http-nio-9091-exec-1] INFO  c.c.i.s.RalleyCandidateDetailsServiceImpl:130 - Registering emailid is not present in DB so proceeding further...
2020-09-09 18:50:42.525 [http-nio-9091-exec-1] INFO  c.c.iafralley.util.RalleyIdGenrator:40 - Db Max count value:88883
2020-09-09 18:50:42.526 [http-nio-9091-exec-1] INFO  c.c.i.s.RalleyCandidateDetailsServiceImpl:151 - for candidate with emailid:kert@g.com Genrated Candidate registration ID:VA200688884
2020-09-09 18:50:42.527 [http-nio-9091-exec-1] INFO  c.c.i.s.RalleyCandidateDetailsServiceImpl:152 - storing certificate paths in db and writing in disk
2020-09-09 18:50:42.533 [http-nio-9091-exec-1] INFO  c.c.i.services.StoreImageFiles:52 - checking X and XII  marksheet
2020-09-09 18:50:42.534 [http-nio-9091-exec-1] INFO  c.c.i.services.StoreImageFiles:85 - Analyzing image for malicious code
2020-09-09 18:50:42.853 [http-nio-9091-exec-1] INFO  c.c.i.services.StoreImageFiles:178 - set truncated false valid image
2020-09-09 18:50:42.853 [http-nio-9091-exec-1] INFO  c.c.i.services.StoreImageFiles:181 - Image file is a non coruppted and vaid file
2020-09-09 18:50:43.017 [http-nio-9091-exec-1] INFO  c.c.i.services.StoreImageFiles:178 - set truncated false valid image
2020-09-09 18:50:43.018 [http-nio-9091-exec-1] INFO  c.c.i.services.StoreImageFiles:181 - Image file is a non coruppted and vaid file
2020-09-09 18:50:43.088 [http-nio-9091-exec-1] INFO  c.c.i.services.StoreImageFiles:98 - in after checking for image validation  created file dir..on disk
2020-09-09 18:50:43.089 [http-nio-9091-exec-1] INFO  c.c.i.services.StoreImageFiles:103 - Renaming marksheet
2020-09-09 18:50:43.090 [http-nio-9091-exec-1] INFO  c.c.i.services.StoreImageFiles:111 - file1:VA200688884_X_marksheet.jpeg file2:VA200688884_XII_marksheet.jpeg
2020-09-09 18:50:43.090 [http-nio-9091-exec-1] INFO  c.c.i.services.StoreImageFiles:114 - copying to Path...
2020-09-09 18:50:43.150 [http-nio-9091-exec-1] INFO  c.c.i.s.RalleyCandidateDetailsServiceImpl:155 - Before saving Candidate filled values are :RalleyCandidateDetails [id=null, name=kjkj, fathername=kjkj, emailid=kert@g.com, dateOfBirth=Thu Oct 10 00:00:00 IST 2002, contactno=8789898989, passed_exam_detail=Vocational, otherDetailPassedDetail=dfdf, aadhar_details=null, passed_exam_percentage=52, english_percentage=51, maritial_status=false, height=152.5, city=AMRELI, state=Gujarat, opt_city=106, opt_state=6, opt_city_name=VADODARA, opt_state_name=Gujarat,opt_group_id=9, venu_details=null, ximagePath=VA200688884/VA200688884_X_marksheet.jpeg, xiiimagePath=VA200688884/VA200688884_XII_marksheet.jpeg, dateTimeOfReporting=null, subscirbed_on=null, ralleyregistrationNo=VA200688884]
2020-09-09 18:50:43.514 [http-nio-9091-exec-1] INFO  c.c.i.c.RalleyRegistrationFormController:298 - SEP2320VA00004
2020-09-09 18:50:43.516 [http-nio-9091-exec-1] INFO  c.c.i.c.RalleyRegistrationFormController:300 - VADODARA IAF RECRUITMENT RALLY GROUP 'Y'
2020-09-09 18:50:43.560 [http-nio-9091-exec-1] INFO  c.c.i.mailConfig.MailingService:51 - Data saved for candidate+kert@g.comprepraring for sending mail using server:smtpb.pune.cdac.in
2020-09-09 18:50:43.561 [http-nio-9091-exec-1] INFO  c.c.i.mailConfig.MailingService:67 - Setting message in mimeMessage for candidate:kert@g.com
2020-09-09 18:50:43.824 [http-nio-9091-exec-1] INFO  c.c.i.mailConfig.MailingService:128 - sending mail via server with host:smtpb.pune.cdac.in
2020-09-09 18:50:44.031 [http-nio-9091-exec-1] INFO  c.c.i.mailConfig.MailingService:132 - error in sending mail via server with host:smtpb.pune.cdac.in
 pepare alternate server to send mail
2020-09-09 18:50:47.744 [http-nio-9091-exec-1] INFO  c.c.i.c.RalleyRegistrationFormController:318 - Form submitted successfully.
2020-09-09 18:53:26.884 [http-nio-9091-exec-8] INFO  c.c.i.s.RalleyCandidateDetailsServiceImpl:410 - <h3 class='p-contents'>IAF RECRUITMENT RALLY GROUP 'Y'-VADODARA</h3><h4 class='p-contents'>From 23 SEPTEMBER 2020 to 04 OCTOBER 2020</h4><!--<h4 class='p-contents'>AT KV AIR FORCE, MAKARPURA, VADODARA, GUJARAT</h4>--><input type='hidden' id='ralleyid_cust' name='rally_id' value=SEP2320VA00004>
2020-09-09 18:53:26.898 [http-nio-9091-exec-4] INFO  c.c.i.s.RalleyCandidateDetailsServiceImpl:460 - [9]
2020-09-09 18:53:26.924 [http-nio-9091-exec-7] INFO  c.c.i.s.RalleyCandidateDetailsServiceImpl:357 - in string2000-01-17
2020-09-09 18:53:26.925 [http-nio-9091-exec-7] INFO  c.c.i.s.RalleyCandidateDetailsServiceImpl:357 - in string2003-12-30
2020-09-09 18:53:26.935 [http-nio-9091-exec-6] INFO  c.c.i.s.RalleyCandidateDetailsServiceImpl:489 - obtained rallyid=SEP2320VA00004
2020-09-09 18:53:26.943 [http-nio-9091-exec-6] INFO  c.c.i.s.RalleyCandidateDetailsServiceImpl:532 - stateRalleyStates [state_id=7, state=UT OF DAMAN & DIU]
2020-09-09 18:53:26.944 [http-nio-9091-exec-6] INFO  c.c.i.s.RalleyCandidateDetailsServiceImpl:532 - stateRalleyStates [state_id=8, state=UT OF DADRA & NAGAR HAVELI]
2020-09-09 19:01:23.822 [restartedMain] INFO  c.c.iafralley.IafralleyApplication:55 - Starting IafralleyApplication on DESKTOP-0VP0BSJ with PID 6012 (C:\Users\Ketan\git\iafralleyFinalOrignal\target\classes started by Ketan in C:\Users\Ketan\git\iafralleyFinalOrignal)
2020-09-09 19:01:23.822 [restartedMain] INFO  c.c.iafralley.IafralleyApplication:655 - The following profiles are active: local
2020-09-09 19:01:26.168 [restartedMain] INFO  o.a.catalina.core.StandardService:173 - Starting service [Tomcat]
2020-09-09 19:01:26.168 [restartedMain] INFO  o.a.catalina.core.StandardEngine:173 - Starting Servlet engine: [Apache Tomcat/9.0.37]
2020-09-09 19:01:26.190 [restartedMain] INFO  o.a.c.c.C.[Tomcat].[localhost].[/]:173 - Initializing Spring embedded WebApplicationContext
2020-09-09 19:01:26.248 [restartedMain] INFO  o.h.jpa.internal.util.LogHelper:31 - HHH000204: Processing PersistenceUnitInfo [name: default]
2020-09-09 19:01:37.653 [restartedMain] ERROR o.a.tomcat.jdbc.pool.ConnectionPool:175 - Unable to create initial connections of pool.
org.postgresql.util.PSQLException: The connection attempt failed.
	at org.postgresql.core.v3.ConnectionFactoryImpl.openConnectionImpl(ConnectionFactoryImpl.java:297)
	at org.postgresql.core.ConnectionFactory.openConnection(ConnectionFactory.java:49)
	at org.postgresql.jdbc.PgConnection.<init>(PgConnection.java:217)
	at org.postgresql.Driver.makeConnection(Driver.java:458)
	at org.postgresql.Driver.connect(Driver.java:260)
	at org.apache.tomcat.jdbc.pool.PooledConnection.connectUsingDriver(PooledConnection.java:319)
	at org.apache.tomcat.jdbc.pool.PooledConnection.connect(PooledConnection.java:212)
	at org.apache.tomcat.jdbc.pool.ConnectionPool.createConnection(ConnectionPool.java:744)
	at org.apache.tomcat.jdbc.pool.ConnectionPool.borrowConnection(ConnectionPool.java:676)
	at org.apache.tomcat.jdbc.pool.ConnectionPool.init(ConnectionPool.java:483)
	at org.apache.tomcat.jdbc.pool.ConnectionPool.<init>(ConnectionPool.java:154)
	at org.apache.tomcat.jdbc.pool.DataSourceProxy.pCreatePool(DataSourceProxy.java:118)
	at org.apache.tomcat.jdbc.pool.DataSourceProxy.createPool(DataSourceProxy.java:107)
	at org.apache.tomcat.jdbc.pool.DataSourceProxy.getConnection(DataSourceProxy.java:131)
	at org.hibernate.engine.jdbc.connections.internal.DatasourceConnectionProviderImpl.getConnection(DatasourceConnectionProviderImpl.java:122)
	at org.hibernate.engine.jdbc.env.internal.JdbcEnvironmentInitiator$ConnectionProviderJdbcConnectionAccess.obtainConnection(JdbcEnvironmentInitiator.java:180)
	at org.hibernate.engine.jdbc.env.internal.JdbcEnvironmentInitiator.initiateService(JdbcEnvironmentInitiator.java:68)
	at org.hibernate.engine.jdbc.env.internal.JdbcEnvironmentInitiator.initiateService(JdbcEnvironmentInitiator.java:35)
	at org.hibernate.boot.registry.internal.StandardServiceRegistryImpl.initiateService(StandardServiceRegistryImpl.java:101)
	at org.hibernate.service.internal.AbstractServiceRegistryImpl.createService(AbstractServiceRegistryImpl.java:263)
	at org.hibernate.service.internal.AbstractServiceRegistryImpl.initializeService(AbstractServiceRegistryImpl.java:237)
	at org.hibernate.service.internal.AbstractServiceRegistryImpl.getService(AbstractServiceRegistryImpl.java:214)
	at org.hibernate.id.factory.internal.DefaultIdentifierGeneratorFactory.injectServices(DefaultIdentifierGeneratorFactory.java:152)
	at org.hibernate.service.internal.AbstractServiceRegistryImpl.injectDependencies(AbstractServiceRegistryImpl.java:286)
	at org.hibernate.service.internal.AbstractServiceRegistryImpl.initializeService(AbstractServiceRegistryImpl.java:243)
	at org.hibernate.service.internal.AbstractServiceRegistryImpl.getService(AbstractServiceRegistryImpl.java:214)
	at org.hibernate.boot.internal.InFlightMetadataCollectorImpl.<init>(InFlightMetadataCollectorImpl.java:176)
	at org.hibernate.boot.model.process.spi.MetadataBuildingProcess.complete(MetadataBuildingProcess.java:118)
	at org.hibernate.jpa.boot.internal.EntityManagerFactoryBuilderImpl.metadata(EntityManagerFactoryBuilderImpl.java:1224)
	at org.hibernate.jpa.boot.internal.EntityManagerFactoryBuilderImpl.build(EntityManagerFactoryBuilderImpl.java:1255)
	at org.springframework.orm.jpa.vendor.SpringHibernateJpaPersistenceProvider.createContainerEntityManagerFactory(SpringHibernateJpaPersistenceProvider.java:58)
	at org.springframework.orm.jpa.LocalContainerEntityManagerFactoryBean.createNativeEntityManagerFactory(LocalContainerEntityManagerFactoryBean.java:365)
	at org.springframework.orm.jpa.AbstractEntityManagerFactoryBean.buildNativeEntityManagerFactory(AbstractEntityManagerFactoryBean.java:391)
	at org.springframework.orm.jpa.AbstractEntityManagerFactoryBean.afterPropertiesSet(AbstractEntityManagerFactoryBean.java:378)
	at org.springframework.orm.jpa.LocalContainerEntityManagerFactoryBean.afterPropertiesSet(LocalContainerEntityManagerFactoryBean.java:341)
	at org.springframework.beans.factory.support.AbstractAutowireCapableBeanFactory.invokeInitMethods(AbstractAutowireCapableBeanFactory.java:1853)
	at org.springframework.beans.factory.support.AbstractAutowireCapableBeanFactory.initializeBean(AbstractAutowireCapableBeanFactory.java:1790)
	at org.springframework.beans.factory.support.AbstractAutowireCapableBeanFactory.doCreateBean(AbstractAutowireCapableBeanFactory.java:594)
	at org.springframework.beans.factory.support.AbstractAutowireCapableBeanFactory.createBean(AbstractAutowireCapableBeanFactory.java:516)
	at org.springframework.beans.factory.support.AbstractBeanFactory.lambda$doGetBean$0(AbstractBeanFactory.java:324)
	at org.springframework.beans.factory.support.DefaultSingletonBeanRegistry.getSingleton(DefaultSingletonBeanRegistry.java:226)
	at org.springframework.beans.factory.support.AbstractBeanFactory.doGetBean(AbstractBeanFactory.java:322)
	at org.springframework.beans.factory.support.AbstractBeanFactory.getBean(AbstractBeanFactory.java:202)
	at org.springframework.context.support.AbstractApplicationContext.getBean(AbstractApplicationContext.java:1109)
	at org.springframework.context.support.AbstractApplicationContext.finishBeanFactoryInitialization(AbstractApplicationContext.java:869)
	at org.springframework.context.support.AbstractApplicationContext.refresh(AbstractApplicationContext.java:551)
	at org.springframework.boot.web.servlet.context.ServletWebServerApplicationContext.refresh(ServletWebServerApplicationContext.java:143)
	at org.springframework.boot.SpringApplication.refresh(SpringApplication.java:758)
	at org.springframework.boot.SpringApplication.refresh(SpringApplication.java:750)
	at org.springframework.boot.SpringApplication.refreshContext(SpringApplication.java:397)
	at org.springframework.boot.SpringApplication.run(SpringApplication.java:315)
	at org.springframework.boot.SpringApplication.run(SpringApplication.java:1237)
	at org.springframework.boot.SpringApplication.run(SpringApplication.java:1226)
	at com.cdac.iafralley.IafralleyApplication.main(IafralleyApplication.java:16)
	at sun.reflect.NativeMethodAccessorImpl.invoke0(Native Method)
	at sun.reflect.NativeMethodAccessorImpl.invoke(NativeMethodAccessorImpl.java:62)
	at sun.reflect.DelegatingMethodAccessorImpl.invoke(DelegatingMethodAccessorImpl.java:43)
	at java.lang.reflect.Method.invoke(Method.java:498)
	at org.springframework.boot.devtools.restart.RestartLauncher.run(RestartLauncher.java:49)
Caused by: java.net.SocketTimeoutException: connect timed out
	at java.net.DualStackPlainSocketImpl.waitForConnect(Native Method)
	at java.net.DualStackPlainSocketImpl.socketConnect(DualStackPlainSocketImpl.java:85)
	at java.net.AbstractPlainSocketImpl.doConnect(AbstractPlainSocketImpl.java:350)
	at java.net.AbstractPlainSocketImpl.connectToAddress(AbstractPlainSocketImpl.java:206)
	at java.net.AbstractPlainSocketImpl.connect(AbstractPlainSocketImpl.java:188)
	at java.net.PlainSocketImpl.connect(PlainSocketImpl.java:172)
	at java.net.SocksSocketImpl.connect(SocksSocketImpl.java:392)
	at java.net.Socket.connect(Socket.java:589)
	at org.postgresql.core.PGStream.<init>(PGStream.java:81)
	at org.postgresql.core.v3.ConnectionFactoryImpl.tryConnect(ConnectionFactoryImpl.java:93)
	at org.postgresql.core.v3.ConnectionFactoryImpl.openConnectionImpl(ConnectionFactoryImpl.java:197)
	... 58 common frames omitted
2020-09-09 19:01:37.654 [restartedMain] WARN  o.h.e.j.e.i.JdbcEnvironmentInitiator:132 - HHH000342: Could not obtain connection to query metadata : The connection attempt failed.
2020-09-09 19:01:37.655 [restartedMain] INFO  org.hibernate.dialect.Dialect:172 - HHH000400: Using dialect: org.hibernate.dialect.PostgreSQLDialect
2020-09-09 19:01:47.818 [restartedMain] ERROR o.a.tomcat.jdbc.pool.ConnectionPool:175 - Unable to create initial connections of pool.
org.postgresql.util.PSQLException: The connection attempt failed.
	at org.postgresql.core.v3.ConnectionFactoryImpl.openConnectionImpl(ConnectionFactoryImpl.java:297)
	at org.postgresql.core.ConnectionFactory.openConnection(ConnectionFactory.java:49)
	at org.postgresql.jdbc.PgConnection.<init>(PgConnection.java:217)
	at org.postgresql.Driver.makeConnection(Driver.java:458)
	at org.postgresql.Driver.connect(Driver.java:260)
	at org.apache.tomcat.jdbc.pool.PooledConnection.connectUsingDriver(PooledConnection.java:319)
	at org.apache.tomcat.jdbc.pool.PooledConnection.connect(PooledConnection.java:212)
	at org.apache.tomcat.jdbc.pool.ConnectionPool.createConnection(ConnectionPool.java:744)
	at org.apache.tomcat.jdbc.pool.ConnectionPool.borrowConnection(ConnectionPool.java:676)
	at org.apache.tomcat.jdbc.pool.ConnectionPool.init(ConnectionPool.java:483)
	at org.apache.tomcat.jdbc.pool.ConnectionPool.<init>(ConnectionPool.java:154)
	at org.apache.tomcat.jdbc.pool.DataSourceProxy.pCreatePool(DataSourceProxy.java:118)
	at org.apache.tomcat.jdbc.pool.DataSourceProxy.createPool(DataSourceProxy.java:107)
	at org.apache.tomcat.jdbc.pool.DataSourceProxy.getConnection(DataSourceProxy.java:131)
	at org.hibernate.engine.jdbc.connections.internal.DatasourceConnectionProviderImpl.getConnection(DatasourceConnectionProviderImpl.java:122)
	at org.hibernate.engine.jdbc.env.internal.JdbcEnvironmentInitiator$ConnectionProviderJdbcConnectionAccess.obtainConnection(JdbcEnvironmentInitiator.java:180)
	at org.hibernate.resource.transaction.backend.jdbc.internal.DdlTransactionIsolatorNonJtaImpl.getIsolatedConnection(DdlTransactionIsolatorNonJtaImpl.java:43)
	at org.hibernate.tool.schema.internal.exec.ImprovedExtractionContextImpl.getJdbcConnection(ImprovedExtractionContextImpl.java:60)
	at org.hibernate.tool.schema.extract.internal.SequenceInformationExtractorLegacyImpl.extractMetadata(SequenceInformationExtractorLegacyImpl.java:40)
	at org.hibernate.tool.schema.extract.internal.DatabaseInformationImpl.initializeSequences(DatabaseInformationImpl.java:65)
	at org.hibernate.tool.schema.extract.internal.DatabaseInformationImpl.<init>(DatabaseInformationImpl.java:59)
	at org.hibernate.tool.schema.internal.Helper.buildDatabaseInformation(Helper.java:155)
	at org.hibernate.tool.schema.internal.AbstractSchemaMigrator.doMigration(AbstractSchemaMigrator.java:96)
	at org.hibernate.tool.schema.spi.SchemaManagementToolCoordinator.performDatabaseAction(SchemaManagementToolCoordinator.java:184)
	at org.hibernate.tool.schema.spi.SchemaManagementToolCoordinator.process(SchemaManagementToolCoordinator.java:73)
	at org.hibernate.internal.SessionFactoryImpl.<init>(SessionFactoryImpl.java:316)
	at org.hibernate.boot.internal.SessionFactoryBuilderImpl.build(SessionFactoryBuilderImpl.java:469)
	at org.hibernate.jpa.boot.internal.EntityManagerFactoryBuilderImpl.build(EntityManagerFactoryBuilderImpl.java:1259)
	at org.springframework.orm.jpa.vendor.SpringHibernateJpaPersistenceProvider.createContainerEntityManagerFactory(SpringHibernateJpaPersistenceProvider.java:58)
	at org.springframework.orm.jpa.LocalContainerEntityManagerFactoryBean.createNativeEntityManagerFactory(LocalContainerEntityManagerFactoryBean.java:365)
	at org.springframework.orm.jpa.AbstractEntityManagerFactoryBean.buildNativeEntityManagerFactory(AbstractEntityManagerFactoryBean.java:391)
	at org.springframework.orm.jpa.AbstractEntityManagerFactoryBean.afterPropertiesSet(AbstractEntityManagerFactoryBean.java:378)
	at org.springframework.orm.jpa.LocalContainerEntityManagerFactoryBean.afterPropertiesSet(LocalContainerEntityManagerFactoryBean.java:341)
	at org.springframework.beans.factory.support.AbstractAutowireCapableBeanFactory.invokeInitMethods(AbstractAutowireCapableBeanFactory.java:1853)
	at org.springframework.beans.factory.support.AbstractAutowireCapableBeanFactory.initializeBean(AbstractAutowireCapableBeanFactory.java:1790)
	at org.springframework.beans.factory.support.AbstractAutowireCapableBeanFactory.doCreateBean(AbstractAutowireCapableBeanFactory.java:594)
	at org.springframework.beans.factory.support.AbstractAutowireCapableBeanFactory.createBean(AbstractAutowireCapableBeanFactory.java:516)
	at org.springframework.beans.factory.support.AbstractBeanFactory.lambda$doGetBean$0(AbstractBeanFactory.java:324)
	at org.springframework.beans.factory.support.DefaultSingletonBeanRegistry.getSingleton(DefaultSingletonBeanRegistry.java:226)
	at org.springframework.beans.factory.support.AbstractBeanFactory.doGetBean(AbstractBeanFactory.java:322)
	at org.springframework.beans.factory.support.AbstractBeanFactory.getBean(AbstractBeanFactory.java:202)
	at org.springframework.context.support.AbstractApplicationContext.getBean(AbstractApplicationContext.java:1109)
	at org.springframework.context.support.AbstractApplicationContext.finishBeanFactoryInitialization(AbstractApplicationContext.java:869)
	at org.springframework.context.support.AbstractApplicationContext.refresh(AbstractApplicationContext.java:551)
	at org.springframework.boot.web.servlet.context.ServletWebServerApplicationContext.refresh(ServletWebServerApplicationContext.java:143)
	at org.springframework.boot.SpringApplication.refresh(SpringApplication.java:758)
	at org.springframework.boot.SpringApplication.refresh(SpringApplication.java:750)
	at org.springframework.boot.SpringApplication.refreshContext(SpringApplication.java:397)
	at org.springframework.boot.SpringApplication.run(SpringApplication.java:315)
	at org.springframework.boot.SpringApplication.run(SpringApplication.java:1237)
	at org.springframework.boot.SpringApplication.run(SpringApplication.java:1226)
	at com.cdac.iafralley.IafralleyApplication.main(IafralleyApplication.java:16)
	at sun.reflect.NativeMethodAccessorImpl.invoke0(Native Method)
	at sun.reflect.NativeMethodAccessorImpl.invoke(NativeMethodAccessorImpl.java:62)
	at sun.reflect.DelegatingMethodAccessorImpl.invoke(DelegatingMethodAccessorImpl.java:43)
	at java.lang.reflect.Method.invoke(Method.java:498)
	at org.springframework.boot.devtools.restart.RestartLauncher.run(RestartLauncher.java:49)
Caused by: java.net.SocketTimeoutException: connect timed out
	at java.net.DualStackPlainSocketImpl.waitForConnect(Native Method)
	at java.net.DualStackPlainSocketImpl.socketConnect(DualStackPlainSocketImpl.java:85)
	at java.net.AbstractPlainSocketImpl.doConnect(AbstractPlainSocketImpl.java:350)
	at java.net.AbstractPlainSocketImpl.connectToAddress(AbstractPlainSocketImpl.java:206)
	at java.net.AbstractPlainSocketImpl.connect(AbstractPlainSocketImpl.java:188)
	at java.net.PlainSocketImpl.connect(PlainSocketImpl.java:172)
	at java.net.SocksSocketImpl.connect(SocksSocketImpl.java:392)
	at java.net.Socket.connect(Socket.java:589)
	at org.postgresql.core.PGStream.<init>(PGStream.java:81)
	at org.postgresql.core.v3.ConnectionFactoryImpl.tryConnect(ConnectionFactoryImpl.java:93)
	at org.postgresql.core.v3.ConnectionFactoryImpl.openConnectionImpl(ConnectionFactoryImpl.java:197)
	... 56 common frames omitted
2020-09-09 19:01:47.988 [restartedMain] WARN  o.h.e.jdbc.spi.SqlExceptionHelper:137 - SQL Error: 0, SQLState: 08001
2020-09-09 19:01:47.990 [restartedMain] ERROR o.h.e.jdbc.spi.SqlExceptionHelper:142 - The connection attempt failed.
2020-09-09 19:01:48.099 [restartedMain] INFO  o.a.catalina.core.StandardService:173 - Stopping service [Tomcat]
2020-09-09 19:05:10.324 [restartedMain] INFO  c.c.iafralley.IafralleyApplication:55 - Starting IafralleyApplication on DESKTOP-0VP0BSJ with PID 10920 (C:\Users\Ketan\git\iafralleyFinalOrignal\target\classes started by Ketan in C:\Users\Ketan\git\iafralleyFinalOrignal)
2020-09-09 19:05:10.327 [restartedMain] INFO  c.c.iafralley.IafralleyApplication:655 - The following profiles are active: local
2020-09-09 19:05:11.883 [restartedMain] INFO  o.a.catalina.core.StandardService:173 - Starting service [Tomcat]
2020-09-09 19:05:11.883 [restartedMain] INFO  o.a.catalina.core.StandardEngine:173 - Starting Servlet engine: [Apache Tomcat/9.0.37]
2020-09-09 19:05:11.950 [restartedMain] INFO  o.a.c.c.C.[Tomcat].[localhost].[/]:173 - Initializing Spring embedded WebApplicationContext
2020-09-09 19:05:12.175 [restartedMain] INFO  o.h.jpa.internal.util.LogHelper:31 - HHH000204: Processing PersistenceUnitInfo [name: default]
2020-09-09 19:05:12.211 [restartedMain] INFO  org.hibernate.Version:44 - HHH000412: Hibernate ORM core version 5.4.18.Final
2020-09-09 19:05:12.299 [restartedMain] INFO  o.h.annotations.common.Version:49 - HCANN000001: Hibernate Commons Annotations {5.1.0.Final}
2020-09-09 19:05:22.407 [restartedMain] ERROR o.a.tomcat.jdbc.pool.ConnectionPool:175 - Unable to create initial connections of pool.
org.postgresql.util.PSQLException: The connection attempt failed.
	at org.postgresql.core.v3.ConnectionFactoryImpl.openConnectionImpl(ConnectionFactoryImpl.java:297)
	at org.postgresql.core.ConnectionFactory.openConnection(ConnectionFactory.java:49)
	at org.postgresql.jdbc.PgConnection.<init>(PgConnection.java:217)
	at org.postgresql.Driver.makeConnection(Driver.java:458)
	at org.postgresql.Driver.connect(Driver.java:260)
	at org.apache.tomcat.jdbc.pool.PooledConnection.connectUsingDriver(PooledConnection.java:319)
	at org.apache.tomcat.jdbc.pool.PooledConnection.connect(PooledConnection.java:212)
	at org.apache.tomcat.jdbc.pool.ConnectionPool.createConnection(ConnectionPool.java:744)
	at org.apache.tomcat.jdbc.pool.ConnectionPool.borrowConnection(ConnectionPool.java:676)
	at org.apache.tomcat.jdbc.pool.ConnectionPool.init(ConnectionPool.java:483)
	at org.apache.tomcat.jdbc.pool.ConnectionPool.<init>(ConnectionPool.java:154)
	at org.apache.tomcat.jdbc.pool.DataSourceProxy.pCreatePool(DataSourceProxy.java:118)
	at org.apache.tomcat.jdbc.pool.DataSourceProxy.createPool(DataSourceProxy.java:107)
	at org.apache.tomcat.jdbc.pool.DataSourceProxy.getConnection(DataSourceProxy.java:131)
	at org.hibernate.engine.jdbc.connections.internal.DatasourceConnectionProviderImpl.getConnection(DatasourceConnectionProviderImpl.java:122)
	at org.hibernate.engine.jdbc.env.internal.JdbcEnvironmentInitiator$ConnectionProviderJdbcConnectionAccess.obtainConnection(JdbcEnvironmentInitiator.java:180)
	at org.hibernate.engine.jdbc.env.internal.JdbcEnvironmentInitiator.initiateService(JdbcEnvironmentInitiator.java:68)
	at org.hibernate.engine.jdbc.env.internal.JdbcEnvironmentInitiator.initiateService(JdbcEnvironmentInitiator.java:35)
	at org.hibernate.boot.registry.internal.StandardServiceRegistryImpl.initiateService(StandardServiceRegistryImpl.java:101)
	at org.hibernate.service.internal.AbstractServiceRegistryImpl.createService(AbstractServiceRegistryImpl.java:263)
	at org.hibernate.service.internal.AbstractServiceRegistryImpl.initializeService(AbstractServiceRegistryImpl.java:237)
	at org.hibernate.service.internal.AbstractServiceRegistryImpl.getService(AbstractServiceRegistryImpl.java:214)
	at org.hibernate.id.factory.internal.DefaultIdentifierGeneratorFactory.injectServices(DefaultIdentifierGeneratorFactory.java:152)
	at org.hibernate.service.internal.AbstractServiceRegistryImpl.injectDependencies(AbstractServiceRegistryImpl.java:286)
	at org.hibernate.service.internal.AbstractServiceRegistryImpl.initializeService(AbstractServiceRegistryImpl.java:243)
	at org.hibernate.service.internal.AbstractServiceRegistryImpl.getService(AbstractServiceRegistryImpl.java:214)
	at org.hibernate.boot.internal.InFlightMetadataCollectorImpl.<init>(InFlightMetadataCollectorImpl.java:176)
	at org.hibernate.boot.model.process.spi.MetadataBuildingProcess.complete(MetadataBuildingProcess.java:118)
	at org.hibernate.jpa.boot.internal.EntityManagerFactoryBuilderImpl.metadata(EntityManagerFactoryBuilderImpl.java:1224)
	at org.hibernate.jpa.boot.internal.EntityManagerFactoryBuilderImpl.build(EntityManagerFactoryBuilderImpl.java:1255)
	at org.springframework.orm.jpa.vendor.SpringHibernateJpaPersistenceProvider.createContainerEntityManagerFactory(SpringHibernateJpaPersistenceProvider.java:58)
	at org.springframework.orm.jpa.LocalContainerEntityManagerFactoryBean.createNativeEntityManagerFactory(LocalContainerEntityManagerFactoryBean.java:365)
	at org.springframework.orm.jpa.AbstractEntityManagerFactoryBean.buildNativeEntityManagerFactory(AbstractEntityManagerFactoryBean.java:391)
	at org.springframework.orm.jpa.AbstractEntityManagerFactoryBean.afterPropertiesSet(AbstractEntityManagerFactoryBean.java:378)
	at org.springframework.orm.jpa.LocalContainerEntityManagerFactoryBean.afterPropertiesSet(LocalContainerEntityManagerFactoryBean.java:341)
	at org.springframework.beans.factory.support.AbstractAutowireCapableBeanFactory.invokeInitMethods(AbstractAutowireCapableBeanFactory.java:1853)
	at org.springframework.beans.factory.support.AbstractAutowireCapableBeanFactory.initializeBean(AbstractAutowireCapableBeanFactory.java:1790)
	at org.springframework.beans.factory.support.AbstractAutowireCapableBeanFactory.doCreateBean(AbstractAutowireCapableBeanFactory.java:594)
	at org.springframework.beans.factory.support.AbstractAutowireCapableBeanFactory.createBean(AbstractAutowireCapableBeanFactory.java:516)
	at org.springframework.beans.factory.support.AbstractBeanFactory.lambda$doGetBean$0(AbstractBeanFactory.java:324)
	at org.springframework.beans.factory.support.DefaultSingletonBeanRegistry.getSingleton(DefaultSingletonBeanRegistry.java:226)
	at org.springframework.beans.factory.support.AbstractBeanFactory.doGetBean(AbstractBeanFactory.java:322)
	at org.springframework.beans.factory.support.AbstractBeanFactory.getBean(AbstractBeanFactory.java:202)
	at org.springframework.context.support.AbstractApplicationContext.getBean(AbstractApplicationContext.java:1109)
	at org.springframework.context.support.AbstractApplicationContext.finishBeanFactoryInitialization(AbstractApplicationContext.java:869)
	at org.springframework.context.support.AbstractApplicationContext.refresh(AbstractApplicationContext.java:551)
	at org.springframework.boot.web.servlet.context.ServletWebServerApplicationContext.refresh(ServletWebServerApplicationContext.java:143)
	at org.springframework.boot.SpringApplication.refresh(SpringApplication.java:758)
	at org.springframework.boot.SpringApplication.refresh(SpringApplication.java:750)
	at org.springframework.boot.SpringApplication.refreshContext(SpringApplication.java:397)
	at org.springframework.boot.SpringApplication.run(SpringApplication.java:315)
	at org.springframework.boot.SpringApplication.run(SpringApplication.java:1237)
	at org.springframework.boot.SpringApplication.run(SpringApplication.java:1226)
	at com.cdac.iafralley.IafralleyApplication.main(IafralleyApplication.java:16)
	at sun.reflect.NativeMethodAccessorImpl.invoke0(Native Method)
	at sun.reflect.NativeMethodAccessorImpl.invoke(NativeMethodAccessorImpl.java:62)
	at sun.reflect.DelegatingMethodAccessorImpl.invoke(DelegatingMethodAccessorImpl.java:43)
	at java.lang.reflect.Method.invoke(Method.java:498)
	at org.springframework.boot.devtools.restart.RestartLauncher.run(RestartLauncher.java:49)
Caused by: java.net.SocketTimeoutException: connect timed out
	at java.net.DualStackPlainSocketImpl.waitForConnect(Native Method)
	at java.net.DualStackPlainSocketImpl.socketConnect(DualStackPlainSocketImpl.java:85)
	at java.net.AbstractPlainSocketImpl.doConnect(AbstractPlainSocketImpl.java:350)
	at java.net.AbstractPlainSocketImpl.connectToAddress(AbstractPlainSocketImpl.java:206)
	at java.net.AbstractPlainSocketImpl.connect(AbstractPlainSocketImpl.java:188)
	at java.net.PlainSocketImpl.connect(PlainSocketImpl.java:172)
	at java.net.SocksSocketImpl.connect(SocksSocketImpl.java:392)
	at java.net.Socket.connect(Socket.java:589)
	at org.postgresql.core.PGStream.<init>(PGStream.java:81)
	at org.postgresql.core.v3.ConnectionFactoryImpl.tryConnect(ConnectionFactoryImpl.java:93)
	at org.postgresql.core.v3.ConnectionFactoryImpl.openConnectionImpl(ConnectionFactoryImpl.java:197)
	... 58 common frames omitted
2020-09-09 19:05:22.409 [restartedMain] WARN  o.h.e.j.e.i.JdbcEnvironmentInitiator:132 - HHH000342: Could not obtain connection to query metadata : The connection attempt failed.
2020-09-09 19:05:22.422 [restartedMain] INFO  org.hibernate.dialect.Dialect:172 - HHH000400: Using dialect: org.hibernate.dialect.PostgreSQLDialect
2020-09-09 19:05:33.871 [restartedMain] ERROR o.a.tomcat.jdbc.pool.ConnectionPool:175 - Unable to create initial connections of pool.
org.postgresql.util.PSQLException: The connection attempt failed.
	at org.postgresql.core.v3.ConnectionFactoryImpl.openConnectionImpl(ConnectionFactoryImpl.java:297)
	at org.postgresql.core.ConnectionFactory.openConnection(ConnectionFactory.java:49)
	at org.postgresql.jdbc.PgConnection.<init>(PgConnection.java:217)
	at org.postgresql.Driver.makeConnection(Driver.java:458)
	at org.postgresql.Driver.connect(Driver.java:260)
	at org.apache.tomcat.jdbc.pool.PooledConnection.connectUsingDriver(PooledConnection.java:319)
	at org.apache.tomcat.jdbc.pool.PooledConnection.connect(PooledConnection.java:212)
	at org.apache.tomcat.jdbc.pool.ConnectionPool.createConnection(ConnectionPool.java:744)
	at org.apache.tomcat.jdbc.pool.ConnectionPool.borrowConnection(ConnectionPool.java:676)
	at org.apache.tomcat.jdbc.pool.ConnectionPool.init(ConnectionPool.java:483)
	at org.apache.tomcat.jdbc.pool.ConnectionPool.<init>(ConnectionPool.java:154)
	at org.apache.tomcat.jdbc.pool.DataSourceProxy.pCreatePool(DataSourceProxy.java:118)
	at org.apache.tomcat.jdbc.pool.DataSourceProxy.createPool(DataSourceProxy.java:107)
	at org.apache.tomcat.jdbc.pool.DataSourceProxy.getConnection(DataSourceProxy.java:131)
	at org.hibernate.engine.jdbc.connections.internal.DatasourceConnectionProviderImpl.getConnection(DatasourceConnectionProviderImpl.java:122)
	at org.hibernate.engine.jdbc.env.internal.JdbcEnvironmentInitiator$ConnectionProviderJdbcConnectionAccess.obtainConnection(JdbcEnvironmentInitiator.java:180)
	at org.hibernate.resource.transaction.backend.jdbc.internal.DdlTransactionIsolatorNonJtaImpl.getIsolatedConnection(DdlTransactionIsolatorNonJtaImpl.java:43)
	at org.hibernate.tool.schema.internal.exec.ImprovedExtractionContextImpl.getJdbcConnection(ImprovedExtractionContextImpl.java:60)
	at org.hibernate.tool.schema.extract.internal.SequenceInformationExtractorLegacyImpl.extractMetadata(SequenceInformationExtractorLegacyImpl.java:40)
	at org.hibernate.tool.schema.extract.internal.DatabaseInformationImpl.initializeSequences(DatabaseInformationImpl.java:65)
	at org.hibernate.tool.schema.extract.internal.DatabaseInformationImpl.<init>(DatabaseInformationImpl.java:59)
	at org.hibernate.tool.schema.internal.Helper.buildDatabaseInformation(Helper.java:155)
	at org.hibernate.tool.schema.internal.AbstractSchemaMigrator.doMigration(AbstractSchemaMigrator.java:96)
	at org.hibernate.tool.schema.spi.SchemaManagementToolCoordinator.performDatabaseAction(SchemaManagementToolCoordinator.java:184)
	at org.hibernate.tool.schema.spi.SchemaManagementToolCoordinator.process(SchemaManagementToolCoordinator.java:73)
	at org.hibernate.internal.SessionFactoryImpl.<init>(SessionFactoryImpl.java:316)
	at org.hibernate.boot.internal.SessionFactoryBuilderImpl.build(SessionFactoryBuilderImpl.java:469)
	at org.hibernate.jpa.boot.internal.EntityManagerFactoryBuilderImpl.build(EntityManagerFactoryBuilderImpl.java:1259)
	at org.springframework.orm.jpa.vendor.SpringHibernateJpaPersistenceProvider.createContainerEntityManagerFactory(SpringHibernateJpaPersistenceProvider.java:58)
	at org.springframework.orm.jpa.LocalContainerEntityManagerFactoryBean.createNativeEntityManagerFactory(LocalContainerEntityManagerFactoryBean.java:365)
	at org.springframework.orm.jpa.AbstractEntityManagerFactoryBean.buildNativeEntityManagerFactory(AbstractEntityManagerFactoryBean.java:391)
	at org.springframework.orm.jpa.AbstractEntityManagerFactoryBean.afterPropertiesSet(AbstractEntityManagerFactoryBean.java:378)
	at org.springframework.orm.jpa.LocalContainerEntityManagerFactoryBean.afterPropertiesSet(LocalContainerEntityManagerFactoryBean.java:341)
	at org.springframework.beans.factory.support.AbstractAutowireCapableBeanFactory.invokeInitMethods(AbstractAutowireCapableBeanFactory.java:1853)
	at org.springframework.beans.factory.support.AbstractAutowireCapableBeanFactory.initializeBean(AbstractAutowireCapableBeanFactory.java:1790)
	at org.springframework.beans.factory.support.AbstractAutowireCapableBeanFactory.doCreateBean(AbstractAutowireCapableBeanFactory.java:594)
	at org.springframework.beans.factory.support.AbstractAutowireCapableBeanFactory.createBean(AbstractAutowireCapableBeanFactory.java:516)
	at org.springframework.beans.factory.support.AbstractBeanFactory.lambda$doGetBean$0(AbstractBeanFactory.java:324)
	at org.springframework.beans.factory.support.DefaultSingletonBeanRegistry.getSingleton(DefaultSingletonBeanRegistry.java:226)
	at org.springframework.beans.factory.support.AbstractBeanFactory.doGetBean(AbstractBeanFactory.java:322)
	at org.springframework.beans.factory.support.AbstractBeanFactory.getBean(AbstractBeanFactory.java:202)
	at org.springframework.context.support.AbstractApplicationContext.getBean(AbstractApplicationContext.java:1109)
	at org.springframework.context.support.AbstractApplicationContext.finishBeanFactoryInitialization(AbstractApplicationContext.java:869)
	at org.springframework.context.support.AbstractApplicationContext.refresh(AbstractApplicationContext.java:551)
	at org.springframework.boot.web.servlet.context.ServletWebServerApplicationContext.refresh(ServletWebServerApplicationContext.java:143)
	at org.springframework.boot.SpringApplication.refresh(SpringApplication.java:758)
	at org.springframework.boot.SpringApplication.refresh(SpringApplication.java:750)
	at org.springframework.boot.SpringApplication.refreshContext(SpringApplication.java:397)
	at org.springframework.boot.SpringApplication.run(SpringApplication.java:315)
	at org.springframework.boot.SpringApplication.run(SpringApplication.java:1237)
	at org.springframework.boot.SpringApplication.run(SpringApplication.java:1226)
	at com.cdac.iafralley.IafralleyApplication.main(IafralleyApplication.java:16)
	at sun.reflect.NativeMethodAccessorImpl.invoke0(Native Method)
	at sun.reflect.NativeMethodAccessorImpl.invoke(NativeMethodAccessorImpl.java:62)
	at sun.reflect.DelegatingMethodAccessorImpl.invoke(DelegatingMethodAccessorImpl.java:43)
	at java.lang.reflect.Method.invoke(Method.java:498)
	at org.springframework.boot.devtools.restart.RestartLauncher.run(RestartLauncher.java:49)
Caused by: java.net.SocketTimeoutException: connect timed out
	at java.net.DualStackPlainSocketImpl.waitForConnect(Native Method)
	at java.net.DualStackPlainSocketImpl.socketConnect(DualStackPlainSocketImpl.java:85)
	at java.net.AbstractPlainSocketImpl.doConnect(AbstractPlainSocketImpl.java:350)
	at java.net.AbstractPlainSocketImpl.connectToAddress(AbstractPlainSocketImpl.java:206)
	at java.net.AbstractPlainSocketImpl.connect(AbstractPlainSocketImpl.java:188)
	at java.net.PlainSocketImpl.connect(PlainSocketImpl.java:172)
	at java.net.SocksSocketImpl.connect(SocksSocketImpl.java:392)
	at java.net.Socket.connect(Socket.java:589)
	at org.postgresql.core.PGStream.<init>(PGStream.java:81)
	at org.postgresql.core.v3.ConnectionFactoryImpl.tryConnect(ConnectionFactoryImpl.java:93)
	at org.postgresql.core.v3.ConnectionFactoryImpl.openConnectionImpl(ConnectionFactoryImpl.java:197)
	... 56 common frames omitted
2020-09-09 19:05:33.873 [restartedMain] WARN  o.h.e.jdbc.spi.SqlExceptionHelper:137 - SQL Error: 0, SQLState: 08001
2020-09-09 19:05:33.873 [restartedMain] ERROR o.h.e.jdbc.spi.SqlExceptionHelper:142 - The connection attempt failed.
2020-09-09 19:05:33.916 [restartedMain] INFO  o.a.catalina.core.StandardService:173 - Stopping service [Tomcat]
2020-09-09 19:06:06.899 [restartedMain] INFO  c.c.iafralley.IafralleyApplication:55 - Starting IafralleyApplication on DESKTOP-0VP0BSJ with PID 1732 (C:\Users\Ketan\git\iafralleyFinalOrignal\target\classes started by Ketan in C:\Users\Ketan\git\iafralleyFinalOrignal)
2020-09-09 19:06:06.902 [restartedMain] INFO  c.c.iafralley.IafralleyApplication:655 - The following profiles are active: local
2020-09-09 19:06:08.190 [restartedMain] INFO  o.a.catalina.core.StandardService:173 - Starting service [Tomcat]
2020-09-09 19:06:08.190 [restartedMain] INFO  o.a.catalina.core.StandardEngine:173 - Starting Servlet engine: [Apache Tomcat/9.0.37]
2020-09-09 19:06:08.259 [restartedMain] INFO  o.a.c.c.C.[Tomcat].[localhost].[/]:173 - Initializing Spring embedded WebApplicationContext
2020-09-09 19:06:08.479 [restartedMain] INFO  o.h.jpa.internal.util.LogHelper:31 - HHH000204: Processing PersistenceUnitInfo [name: default]
2020-09-09 19:06:08.512 [restartedMain] INFO  org.hibernate.Version:44 - HHH000412: Hibernate ORM core version 5.4.18.Final
2020-09-09 19:06:08.597 [restartedMain] INFO  o.h.annotations.common.Version:49 - HCANN000001: Hibernate Commons Annotations {5.1.0.Final}
2020-09-09 19:06:10.160 [restartedMain] INFO  org.hibernate.dialect.Dialect:172 - HHH000400: Using dialect: org.hibernate.dialect.PostgreSQLDialect
2020-09-09 19:06:11.873 [restartedMain] INFO  o.h.e.t.j.p.i.JtaPlatformInitiator:52 - HHH000490: Using JtaPlatform implementation: [org.hibernate.engine.transaction.jta.platform.internal.NoJtaPlatform]
2020-09-09 19:06:14.164 [restartedMain] INFO  c.c.i.a.c.StaticResourceConfiguration:26 - Serving static content from /casbUpload/IAFRalleyReport/applicantDetails/
2020-09-09 19:06:15.012 [restartedMain] INFO  c.c.iafralley.IafralleyApplication:61 - Started IafralleyApplication in 8.571 seconds (JVM running for 9.49)
2020-09-09 19:06:21.326 [http-nio-9091-exec-1] INFO  o.a.c.c.C.[Tomcat].[localhost].[/]:173 - Initializing Spring DispatcherServlet 'dispatcherServlet'
2020-09-09 19:06:48.680 [http-nio-9091-exec-10] INFO  c.c.i.s.RalleyCandidateDetailsServiceImpl:410 - <h3 class='p-contents'>IAF RECRUITMENT RALLY GROUP 'Y'-VADODARA</h3><h4 class='p-contents'>From 23 SEPTEMBER 2020 to 04 OCTOBER 2020</h4><!--<h4 class='p-contents'>AT KV AIR FORCE, MAKARPURA, VADODARA, GUJARAT</h4>--><input type='hidden' id='ralleyid_cust' name='rally_id' value=SEP2320VA00004>
2020-09-09 19:06:48.714 [http-nio-9091-exec-1] INFO  c.c.i.s.RalleyCandidateDetailsServiceImpl:460 - [9]
2020-09-09 19:06:48.732 [http-nio-9091-exec-9] INFO  c.c.i.s.RalleyCandidateDetailsServiceImpl:357 - in string2000-01-17
2020-09-09 19:06:48.733 [http-nio-9091-exec-9] INFO  c.c.i.s.RalleyCandidateDetailsServiceImpl:357 - in string2003-12-30
2020-09-09 19:06:48.748 [http-nio-9091-exec-8] INFO  c.c.i.s.RalleyCandidateDetailsServiceImpl:489 - obtained rallyid=SEP2320VA00004
2020-09-09 19:06:48.761 [http-nio-9091-exec-8] INFO  c.c.i.s.RalleyCandidateDetailsServiceImpl:532 - stateRalleyStates [state_id=7, state=UT OF DAMAN & DIU]
2020-09-09 19:06:48.764 [http-nio-9091-exec-8] INFO  c.c.i.s.RalleyCandidateDetailsServiceImpl:532 - stateRalleyStates [state_id=8, state=UT OF DADRA & NAGAR HAVELI]
2020-09-09 19:07:49.135 [http-nio-9091-exec-7] INFO  c.c.i.c.RalleyRegistrationFormController:173 - RalleyCandidateDetails [id=null, name=kjkjk, fathername=kjkjkj, emailid=kert@g.com, dateOfBirth=Thu Oct 10 00:00:00 IST 2002, contactno=9784562356, passed_exam_detail=Vocational, otherDetailPassedDetail=kjkjk, aadhar_details=null, passed_exam_percentage=50, english_percentage=50, maritial_status=false, height=152.5, city=77, state=6, opt_city=106, opt_state=6, opt_city_name=VADODARA, opt_state_name=Gujarat,opt_group_id=9, venu_details=null, ximagePath=null, xiiimagePath=null, dateTimeOfReporting=null, subscirbed_on=null, ralleyregistrationNo=null]
2020-09-09 19:07:49.135 [http-nio-9091-exec-7] INFO  c.c.i.c.RalleyRegistrationFormController:174 - 677
2020-09-09 19:07:49.138 [http-nio-9091-exec-7] INFO  c.c.i.c.RalleyRegistrationFormController:230 - candidate dob Thu Oct 10 00:00:00 IST 2002admin dob 2000-01-17 truetrueexma:50
2020-09-09 19:07:49.138 [http-nio-9091-exec-7] INFO  c.c.i.c.RalleyRegistrationFormController:263 - error:false
2020-09-09 19:07:49.139 [http-nio-9091-exec-7] INFO  c.c.i.s.RalleyCandidateDetailsServiceImpl:26 - singleton object value:com.cdac.iafralley.util.ASingleton@4474d12b
2020-09-09 19:07:49.139 [http-nio-9091-exec-7] INFO  c.c.i.s.RalleyCandidateDetailsServiceImpl:91 - converting and getting candidate selected state and city name
2020-09-09 19:07:49.142 [http-nio-9091-exec-7] INFO  c.c.i.s.RalleyCandidateDetailsServiceImpl:234 - state:Gujarat city:ANAND
2020-09-09 19:07:49.142 [http-nio-9091-exec-7] INFO  c.c.i.s.RalleyCandidateDetailsServiceImpl:97 - setting values
2020-09-09 19:07:49.143 [http-nio-9091-exec-7] INFO  c.c.i.s.RalleyCandidateDetailsServiceImpl:99 - before genrating id checking registring emailid is already present in DB or not...
2020-09-09 19:07:49.210 [http-nio-9091-exec-7] INFO  c.c.i.a.a.PointCutLogTraceImplServiceLayer:19 - Exception in class:com.cdac.iafralley.services.RalleyCandidateDetailsServiceImpl ::method:save: with cause:emailid:kert@g.com is already registered.Cannot register with same details.
2020-09-09 19:08:10.865 [restartedMain] INFO  c.c.iafralley.IafralleyApplication:55 - Starting IafralleyApplication on DESKTOP-0VP0BSJ with PID 16176 (C:\Users\Ketan\git\iafralleyFinalOrignal\target\classes started by Ketan in C:\Users\Ketan\git\iafralleyFinalOrignal)
2020-09-09 19:08:10.867 [restartedMain] INFO  c.c.iafralley.IafralleyApplication:655 - The following profiles are active: local
2020-09-09 19:08:12.401 [restartedMain] INFO  o.a.catalina.core.StandardService:173 - Starting service [Tomcat]
2020-09-09 19:08:12.402 [restartedMain] INFO  o.a.catalina.core.StandardEngine:173 - Starting Servlet engine: [Apache Tomcat/9.0.37]
2020-09-09 19:08:12.479 [restartedMain] INFO  o.a.c.c.C.[Tomcat].[localhost].[/]:173 - Initializing Spring embedded WebApplicationContext
2020-09-09 19:08:12.715 [restartedMain] INFO  o.h.jpa.internal.util.LogHelper:31 - HHH000204: Processing PersistenceUnitInfo [name: default]
2020-09-09 19:08:12.751 [restartedMain] INFO  org.hibernate.Version:44 - HHH000412: Hibernate ORM core version 5.4.18.Final
2020-09-09 19:08:12.850 [restartedMain] INFO  o.h.annotations.common.Version:49 - HCANN000001: Hibernate Commons Annotations {5.1.0.Final}
2020-09-09 19:08:14.329 [restartedMain] INFO  org.hibernate.dialect.Dialect:172 - HHH000400: Using dialect: org.hibernate.dialect.PostgreSQLDialect
2020-09-09 19:08:15.151 [restartedMain] INFO  o.h.e.t.j.p.i.JtaPlatformInitiator:52 - HHH000490: Using JtaPlatform implementation: [org.hibernate.engine.transaction.jta.platform.internal.NoJtaPlatform]
2020-09-09 19:08:16.185 [restartedMain] INFO  c.c.i.a.c.StaticResourceConfiguration:26 - Serving static content from /casbUpload/IAFRalleyReport/applicantDetails/
2020-09-09 19:08:16.593 [restartedMain] INFO  c.c.iafralley.IafralleyApplication:61 - Started IafralleyApplication in 6.049 seconds (JVM running for 6.994)
2020-09-09 19:08:42.356 [restartedMain] INFO  c.c.iafralley.IafralleyApplication:55 - Starting IafralleyApplication on DESKTOP-0VP0BSJ with PID 16176 (C:\Users\Ketan\git\iafralleyFinalOrignal\target\classes started by Ketan in C:\Users\Ketan\git\iafralleyFinalOrignal)
2020-09-09 19:08:42.357 [restartedMain] INFO  c.c.iafralley.IafralleyApplication:655 - The following profiles are active: local
2020-09-09 19:08:43.458 [restartedMain] INFO  o.a.catalina.core.StandardService:173 - Starting service [Tomcat]
2020-09-09 19:08:43.459 [restartedMain] INFO  o.a.catalina.core.StandardEngine:173 - Starting Servlet engine: [Apache Tomcat/9.0.37]
2020-09-09 19:08:43.481 [restartedMain] INFO  o.a.c.c.C.[Tomcat].[localhost].[/]:173 - Initializing Spring embedded WebApplicationContext
2020-09-09 19:08:43.542 [restartedMain] INFO  o.h.jpa.internal.util.LogHelper:31 - HHH000204: Processing PersistenceUnitInfo [name: default]
