10:22:32.243 [restartedMain] INFO  c.c.iafralley.IafralleyApplication:55 - Starting IafralleyApplication on DESKTOP-0VP0BSJ with PID 22376 (C:\Users\Ketan\Downloads\New folder\iafralley\iafralley\target\classes started by Ketan in C:\Users\Ketan\Downloads\New folder\iafralley\iafralley)
10:22:32.272 [restartedMain] INFO  c.c.iafralley.IafralleyApplication:655 - The following profiles are active: local
10:22:37.624 [restartedMain] INFO  o.a.catalina.core.StandardService:173 - Starting service [Tomcat]
10:22:37.624 [restartedMain] INFO  o.a.catalina.core.StandardEngine:173 - Starting Servlet engine: [Apache Tomcat/9.0.37]
10:22:37.752 [restartedMain] INFO  o.a.c.c.C.[.[localhost].[/IAFRalley]:173 - Initializing Spring embedded WebApplicationContext
10:22:38.659 [restartedMain] INFO  o.h.jpa.internal.util.LogHelper:31 - HHH000204: Processing PersistenceUnitInfo [name: default]
10:22:38.858 [restartedMain] INFO  org.hibernate.Version:44 - HHH000412: Hibernate ORM core version 5.4.18.Final
10:22:39.532 [restartedMain] INFO  o.h.annotations.common.Version:49 - HCANN000001: Hibernate Commons Annotations {5.1.0.Final}
10:22:40.712 [restartedMain] INFO  org.hibernate.dialect.Dialect:172 - HHH000400: Using dialect: org.hibernate.dialect.PostgreSQLDialect
10:22:42.851 [restartedMain] INFO  o.h.e.t.j.p.i.JtaPlatformInitiator:52 - HHH000490: Using JtaPlatform implementation: [org.hibernate.engine.transaction.jta.platform.internal.NoJtaPlatform]
10:22:45.012 [restartedMain] INFO  c.c.i.a.c.StaticResourceConfiguration:26 - Serving static content from /IAFRalleyReport/applicantDetails/
10:22:46.163 [restartedMain] INFO  c.c.iafralley.IafralleyApplication:61 - Started IafralleyApplication in 15.697 seconds (JVM running for 18.775)
10:23:33.240 [http-nio-9091-exec-1] INFO  o.a.c.c.C.[.[localhost].[/IAFRalley]:173 - Initializing Spring DispatcherServlet 'dispatcherServlet'
10:23:34.402 [http-nio-9091-exec-1] INFO  c.c.i.s.RalleyCandidateDetailsServiceImpl:147 - showing all conducting ralley states:[RalleyStates [state_id=1, state=Maharashtra], RalleyStates [state_id=2, state=Madhya Pradesh], RalleyStates [state_id=3, state=Rajasthan]]
11:06:11.376 [http-nio-9091-exec-7] INFO  c.c.i.s.RalleyCandidateDetailsServiceImpl:147 - showing all conducting ralley states:[RalleyStates [state_id=1, state=Maharashtra], RalleyStates [state_id=2, state=Madhya Pradesh], RalleyStates [state_id=3, state=Rajasthan]]
11:06:18.443 [http-nio-9091-exec-2] INFO  c.c.i.s.RalleyCandidateDetailsServiceImpl:232 - total slots sum:600and registred students:13
11:06:18.513 [http-nio-9091-exec-7] INFO  c.c.i.s.RalleyCandidateDetailsServiceImpl:371 - <h2>Ralley details: </h2><h3>Recruitment Ralley  Indore</h2><h3>Conducting Dates: 2020-09-18 to 2020-09-20</h3><h4>near bus Stand ,Nehru Ground,Indore 444602</h4><hr>
11:06:18.534 [http-nio-9091-exec-6] INFO  c.c.i.s.RalleyCandidateDetailsServiceImpl:318 - in string1995-07-01
11:06:18.534 [http-nio-9091-exec-6] INFO  c.c.i.s.RalleyCandidateDetailsServiceImpl:318 - in string2011-06-01
11:08:34.219 [http-nio-9091-exec-2] INFO  c.c.i.s.RalleyCandidateDetailsServiceImpl:147 - showing all conducting ralley states:[RalleyStates [state_id=1, state=Maharashtra], RalleyStates [state_id=2, state=Madhya Pradesh], RalleyStates [state_id=3, state=Rajasthan]]
11:08:40.693 [http-nio-9091-exec-5] INFO  c.c.i.s.RalleyCandidateDetailsServiceImpl:232 - total slots sum:600and registred students:13
11:08:40.705 [http-nio-9091-exec-6] INFO  c.c.i.s.RalleyCandidateDetailsServiceImpl:371 - <h2>Ralley details: </h2><h3>Recruitment Ralley  Indore</h2><h3>Conducting Dates: 2020-09-18 to 2020-09-20</h3><h4>near bus Stand ,Nehru Ground,Indore 444602</h4><hr>
11:08:40.728 [http-nio-9091-exec-9] INFO  c.c.i.s.RalleyCandidateDetailsServiceImpl:318 - in string1995-07-01
11:08:40.729 [http-nio-9091-exec-9] INFO  c.c.i.s.RalleyCandidateDetailsServiceImpl:318 - in string2011-06-01
11:12:21.244 [http-nio-9091-exec-8] INFO  c.c.i.s.RalleyCandidateDetailsServiceImpl:147 - showing all conducting ralley states:[RalleyStates [state_id=1, state=Maharashtra], RalleyStates [state_id=2, state=Madhya Pradesh], RalleyStates [state_id=3, state=Rajasthan]]
11:13:07.333 [http-nio-9091-exec-7] INFO  c.c.i.s.RalleyCandidateDetailsServiceImpl:232 - total slots sum:600and registred students:13
11:13:07.348 [http-nio-9091-exec-10] INFO  c.c.i.s.RalleyCandidateDetailsServiceImpl:371 - <h2>Ralley details: </h2><h3>Recruitment Ralley  Indore</h2><h3>Conducting Dates: 2020-09-18 to 2020-09-20</h3><h4>near bus Stand ,Nehru Ground,Indore 444602</h4><hr>
11:13:07.384 [http-nio-9091-exec-1] INFO  c.c.i.s.RalleyCandidateDetailsServiceImpl:318 - in string1995-07-01
11:13:07.384 [http-nio-9091-exec-1] INFO  c.c.i.s.RalleyCandidateDetailsServiceImpl:318 - in string2011-06-01
11:23:54.307 [http-nio-9091-exec-10] INFO  c.c.i.s.RalleyCandidateDetailsServiceImpl:232 - total slots sum:600and registred students:13
11:23:54.320 [http-nio-9091-exec-1] INFO  c.c.i.s.RalleyCandidateDetailsServiceImpl:371 - <h2>Ralley details: </h2><h3>Recruitment Ralley  Indore</h2><h3>Conducting Dates: 2020-09-18 to 2020-09-20</h3><h4>near bus Stand ,Nehru Ground,Indore 444602</h4><hr>
11:23:54.348 [http-nio-9091-exec-4] INFO  c.c.i.s.RalleyCandidateDetailsServiceImpl:318 - in string1995-07-01
11:23:54.348 [http-nio-9091-exec-4] INFO  c.c.i.s.RalleyCandidateDetailsServiceImpl:318 - in string2011-06-01
12:31:46.668 [http-nio-9091-exec-6] INFO  c.c.i.e.GlobalExceptionHandler:37 - inside
12:31:49.232 [http-nio-9091-exec-5] INFO  c.c.i.e.GlobalExceptionHandler:37 - inside
12:31:52.867 [http-nio-9091-exec-7] INFO  c.c.i.e.GlobalExceptionHandler:37 - inside
12:31:57.160 [http-nio-9091-exec-10] INFO  c.c.i.s.RalleyCandidateDetailsServiceImpl:147 - showing all conducting ralley states:[RalleyStates [state_id=1, state=Maharashtra], RalleyStates [state_id=2, state=Madhya Pradesh], RalleyStates [state_id=3, state=Rajasthan]]
12:32:01.898 [http-nio-9091-exec-8] INFO  c.c.i.s.RalleyCandidateDetailsServiceImpl:232 - total slots sum:600and registred students:13
12:32:01.917 [http-nio-9091-exec-2] INFO  c.c.i.s.RalleyCandidateDetailsServiceImpl:371 - <h2>Ralley details: </h2><h3>Recruitment Ralley  Indore</h2><h3>Conducting Dates: 2020-09-18 to 2020-09-20</h3><h4>near bus Stand ,Nehru Ground,Indore 444602</h4><hr>
12:32:01.935 [http-nio-9091-exec-7] INFO  c.c.i.s.RalleyCandidateDetailsServiceImpl:318 - in string1995-07-01
12:32:01.935 [http-nio-9091-exec-7] INFO  c.c.i.s.RalleyCandidateDetailsServiceImpl:318 - in string2011-06-01
12:32:51.588 [http-nio-9091-exec-6] INFO  c.c.i.s.RalleyCandidateDetailsServiceImpl:232 - total slots sum:600and registred students:13
12:32:51.606 [http-nio-9091-exec-9] INFO  c.c.i.s.RalleyCandidateDetailsServiceImpl:371 - <h2>Ralley details: </h2><h3>Recruitment Ralley  Indore</h2><h3>Conducting Dates: 2020-09-18 to 2020-09-20</h3><h4>near bus Stand ,Nehru Ground,Indore 444602</h4><hr>
12:32:51.624 [http-nio-9091-exec-1] INFO  c.c.i.s.RalleyCandidateDetailsServiceImpl:318 - in string1995-07-01
12:32:51.625 [http-nio-9091-exec-1] INFO  c.c.i.s.RalleyCandidateDetailsServiceImpl:318 - in string2011-06-01
12:32:54.410 [http-nio-9091-exec-5] INFO  c.c.i.s.RalleyCandidateDetailsServiceImpl:232 - total slots sum:2and registred students:0
12:32:54.426 [http-nio-9091-exec-3] INFO  c.c.i.s.RalleyCandidateDetailsServiceImpl:371 - <h2>Ralley details: </h2><h3>Ralley in Bhpoal</h2><h3>Conducting Dates: 2021-09-17 to 2021-09-17</h3><h4>near bus Stand ,Nehru Ground,Bhopal 444602</h4><hr>
12:32:54.442 [http-nio-9091-exec-4] INFO  c.c.i.s.RalleyCandidateDetailsServiceImpl:318 - in string2005-06-01
12:32:54.443 [http-nio-9091-exec-4] INFO  c.c.i.s.RalleyCandidateDetailsServiceImpl:318 - in string2020-08-01
12:32:58.013 [http-nio-9091-exec-10] INFO  c.c.i.s.RalleyCandidateDetailsServiceImpl:232 - total slots sum:600and registred students:13
12:32:58.038 [http-nio-9091-exec-8] INFO  c.c.i.s.RalleyCandidateDetailsServiceImpl:371 - <h2>Ralley details: </h2><h3>Recruitment Ralley  Indore</h2><h3>Conducting Dates: 2020-09-18 to 2020-09-20</h3><h4>near bus Stand ,Nehru Ground,Indore 444602</h4><hr>
12:32:58.094 [http-nio-9091-exec-2] INFO  c.c.i.s.RalleyCandidateDetailsServiceImpl:318 - in string1995-07-01
12:32:58.095 [http-nio-9091-exec-2] INFO  c.c.i.s.RalleyCandidateDetailsServiceImpl:318 - in string2011-06-01
12:49:22.214 [http-nio-9091-exec-10] INFO  c.c.i.s.RalleyCandidateDetailsServiceImpl:147 - showing all conducting ralley states:[RalleyStates [state_id=1, state=Maharashtra], RalleyStates [state_id=2, state=Madhya Pradesh], RalleyStates [state_id=3, state=Rajasthan]]
12:49:24.237 [http-nio-9091-exec-7] INFO  c.c.i.s.RalleyCandidateDetailsServiceImpl:147 - showing all conducting ralley states:[RalleyStates [state_id=1, state=Maharashtra], RalleyStates [state_id=2, state=Madhya Pradesh], RalleyStates [state_id=3, state=Rajasthan]]
12:49:27.632 [http-nio-9091-exec-10] INFO  c.c.i.s.RalleyCandidateDetailsServiceImpl:147 - showing all conducting ralley states:[RalleyStates [state_id=1, state=Maharashtra], RalleyStates [state_id=2, state=Madhya Pradesh], RalleyStates [state_id=3, state=Rajasthan]]
12:49:29.067 [http-nio-9091-exec-8] INFO  c.c.i.s.RalleyCandidateDetailsServiceImpl:147 - showing all conducting ralley states:[RalleyStates [state_id=1, state=Maharashtra], RalleyStates [state_id=2, state=Madhya Pradesh], RalleyStates [state_id=3, state=Rajasthan]]
12:49:30.093 [http-nio-9091-exec-2] INFO  c.c.i.s.RalleyCandidateDetailsServiceImpl:147 - showing all conducting ralley states:[RalleyStates [state_id=1, state=Maharashtra], RalleyStates [state_id=2, state=Madhya Pradesh], RalleyStates [state_id=3, state=Rajasthan]]
12:49:31.234 [http-nio-9091-exec-2] INFO  c.c.i.s.RalleyCandidateDetailsServiceImpl:147 - showing all conducting ralley states:[RalleyStates [state_id=1, state=Maharashtra], RalleyStates [state_id=2, state=Madhya Pradesh], RalleyStates [state_id=3, state=Rajasthan]]
12:49:32.934 [http-nio-9091-exec-7] INFO  c.c.i.s.RalleyCandidateDetailsServiceImpl:147 - showing all conducting ralley states:[RalleyStates [state_id=1, state=Maharashtra], RalleyStates [state_id=2, state=Madhya Pradesh], RalleyStates [state_id=3, state=Rajasthan]]
12:49:40.375 [http-nio-9091-exec-10] INFO  c.c.i.s.RalleyCandidateDetailsServiceImpl:232 - total slots sum:600and registred students:13
12:49:40.385 [http-nio-9091-exec-7] INFO  c.c.i.s.RalleyCandidateDetailsServiceImpl:371 - <h2>Ralley details: </h2><h3>Recruitment Ralley  Indore</h2><h3>Conducting Dates: 2020-09-18 to 2020-09-20</h3><h4>near bus Stand ,Nehru Ground,Indore 444602</h4><hr>
12:49:40.434 [http-nio-9091-exec-2] INFO  c.c.i.s.RalleyCandidateDetailsServiceImpl:318 - in string1995-07-01
12:49:40.435 [http-nio-9091-exec-2] INFO  c.c.i.s.RalleyCandidateDetailsServiceImpl:318 - in string2011-06-01
12:49:44.362 [http-nio-9091-exec-5] INFO  c.c.i.s.RalleyCandidateDetailsServiceImpl:147 - showing all conducting ralley states:[RalleyStates [state_id=1, state=Maharashtra], RalleyStates [state_id=2, state=Madhya Pradesh], RalleyStates [state_id=3, state=Rajasthan]]
13:21:13.005 [http-nio-9091-exec-7] INFO  c.c.i.e.GlobalExceptionHandler:37 - inside
13:21:19.138 [http-nio-9091-exec-3] INFO  c.c.i.s.RalleyCandidateDetailsServiceImpl:147 - showing all conducting ralley states:[RalleyStates [state_id=1, state=Maharashtra], RalleyStates [state_id=2, state=Madhya Pradesh], RalleyStates [state_id=3, state=Rajasthan]]
13:21:25.077 [http-nio-9091-exec-5] INFO  c.c.i.s.RalleyCandidateDetailsServiceImpl:232 - total slots sum:600and registred students:13
13:21:25.096 [http-nio-9091-exec-4] INFO  c.c.i.s.RalleyCandidateDetailsServiceImpl:371 - <h2>Ralley details: </h2><h3>Recruitment Ralley  Indore</h2><h3>Conducting Dates: 2020-09-18 to 2020-09-20</h3><h4>near bus Stand ,Nehru Ground,Indore 444602</h4><hr>
13:21:25.120 [http-nio-9091-exec-10] INFO  c.c.i.s.RalleyCandidateDetailsServiceImpl:318 - in string1995-07-01
13:21:25.121 [http-nio-9091-exec-10] INFO  c.c.i.s.RalleyCandidateDetailsServiceImpl:318 - in string2011-06-01
14:48:38.115 [http-nio-9091-exec-4] INFO  c.c.i.e.GlobalExceptionHandler:37 - inside
14:48:41.655 [http-nio-9091-exec-10] INFO  c.c.i.s.RalleyCandidateDetailsServiceImpl:147 - showing all conducting ralley states:[RalleyStates [state_id=1, state=Maharashtra], RalleyStates [state_id=2, state=Madhya Pradesh], RalleyStates [state_id=3, state=Rajasthan]]
15:34:05.031 [http-nio-9091-exec-5] INFO  c.c.i.services.RalleyDetailsService:95 - showing all conducting ralley states:[RalleyStates [state_id=1, state=Maharashtra], RalleyStates [state_id=2, state=Madhya Pradesh], RalleyStates [state_id=3, state=Rajasthan]]
15:34:07.345 [http-nio-9091-exec-8] INFO  c.c.i.s.RalleyCandidateDetailsServiceImpl:160 - showing all conducting ralley cities:[]
16:05:03.792 [http-nio-9091-exec-10] INFO  c.c.i.services.RalleyDetailsService:95 - showing all conducting ralley states:[RalleyStates [state_id=1, state=Maharashtra], RalleyStates [state_id=2, state=Madhya Pradesh], RalleyStates [state_id=3, state=Rajasthan]]
16:05:05.215 [http-nio-9091-exec-2] INFO  c.c.i.s.RalleyCandidateDetailsServiceImpl:160 - showing all conducting ralley cities:[]
16:07:09.920 [http-nio-9091-exec-5] INFO  c.c.i.s.RalleyCandidateDetailsServiceImpl:147 - showing all conducting ralley states:[RalleyStates [state_id=1, state=Maharashtra], RalleyStates [state_id=2, state=Madhya Pradesh], RalleyStates [state_id=3, state=Rajasthan]]
16:07:27.071 [http-nio-9091-exec-7] INFO  c.c.i.s.RalleyCandidateDetailsServiceImpl:232 - total slots sum:600and registred students:13
16:07:27.175 [http-nio-9091-exec-3] INFO  c.c.i.s.RalleyCandidateDetailsServiceImpl:371 - <h2>Ralley details: </h2><h3>Recruitment Ralley  Indore</h2><h3>Conducting Dates: 2020-09-18 to 2020-09-20</h3><h4>near bus Stand ,Nehru Ground,Indore 444602</h4><hr>
16:07:27.270 [http-nio-9091-exec-9] INFO  c.c.i.s.RalleyCandidateDetailsServiceImpl:318 - in string1995-07-01
16:07:27.272 [http-nio-9091-exec-9] INFO  c.c.i.s.RalleyCandidateDetailsServiceImpl:318 - in string2011-06-01
16:19:50.069 [http-nio-9091-exec-1] INFO  c.c.i.services.RalleyDetailsService:95 - showing all conducting ralley states:[RalleyStates [state_id=1, state=Maharashtra], RalleyStates [state_id=2, state=Madhya Pradesh], RalleyStates [state_id=3, state=Rajasthan]]
16:19:50.453 [http-nio-9091-exec-1] INFO  c.c.i.s.RalleyCandidateDetailsServiceImpl:160 - showing all conducting ralley cities:[]
16:26:07.365 [http-nio-9091-exec-9] INFO  c.c.i.services.RalleyDetailsService:95 - showing all conducting ralley states:[RalleyStates [state_id=1, state=Maharashtra], RalleyStates [state_id=2, state=Madhya Pradesh], RalleyStates [state_id=3, state=Rajasthan]]
16:26:08.379 [http-nio-9091-exec-9] INFO  c.c.i.s.RalleyCandidateDetailsServiceImpl:160 - showing all conducting ralley cities:[]
16:29:09.405 [http-nio-9091-exec-9] INFO  c.c.i.services.RalleyDetailsService:95 - showing all conducting ralley states:[RalleyStates [state_id=1, state=Maharashtra], RalleyStates [state_id=2, state=Madhya Pradesh], RalleyStates [state_id=3, state=Rajasthan]]
16:29:09.908 [http-nio-9091-exec-9] INFO  c.c.i.s.RalleyCandidateDetailsServiceImpl:160 - showing all conducting ralley cities:[]
16:45:33.566 [http-nio-9091-exec-8] INFO  c.c.i.services.RalleyDetailsService:95 - showing all conducting ralley states:[RalleyStates [state_id=1, state=Maharashtra], RalleyStates [state_id=2, state=Madhya Pradesh], RalleyStates [state_id=3, state=Rajasthan]]
16:45:34.892 [http-nio-9091-exec-10] INFO  c.c.i.s.RalleyCandidateDetailsServiceImpl:160 - showing all conducting ralley cities:[]
16:45:39.696 [http-nio-9091-exec-7] INFO  c.c.i.s.RalleyCandidateDetailsServiceImpl:147 - showing all conducting ralley states:[RalleyStates [state_id=1, state=Maharashtra], RalleyStates [state_id=2, state=Madhya Pradesh], RalleyStates [state_id=3, state=Rajasthan]]
16:45:49.181 [http-nio-9091-exec-9] INFO  c.c.i.s.RalleyCandidateDetailsServiceImpl:232 - total slots sum:600and registred students:13
16:45:49.228 [http-nio-9091-exec-1] INFO  c.c.i.s.RalleyCandidateDetailsServiceImpl:371 - <h2>Ralley details: </h2><h3>Recruitment Ralley  Indore</h2><h3>Conducting Dates: 2020-09-18 to 2020-09-20</h3><h4>near bus Stand ,Nehru Ground,Indore 444602</h4><hr>
16:45:49.293 [http-nio-9091-exec-8] INFO  c.c.i.s.RalleyCandidateDetailsServiceImpl:318 - in string1995-07-01
16:45:49.295 [http-nio-9091-exec-8] INFO  c.c.i.s.RalleyCandidateDetailsServiceImpl:318 - in string2011-06-01
16:47:38.113 [http-nio-9091-exec-4] INFO  c.c.i.services.RalleyDetailsService:95 - showing all conducting ralley states:[RalleyStates [state_id=1, state=Maharashtra], RalleyStates [state_id=2, state=Madhya Pradesh], RalleyStates [state_id=3, state=Rajasthan]]
16:47:38.617 [http-nio-9091-exec-9] INFO  c.c.i.s.RalleyCandidateDetailsServiceImpl:160 - showing all conducting ralley cities:[]
17:05:11.342 [http-nio-9091-exec-9] INFO  c.c.i.s.RalleyCandidateDetailsServiceImpl:147 - showing all conducting ralley states:[RalleyStates [state_id=1, state=Maharashtra], RalleyStates [state_id=2, state=Madhya Pradesh], RalleyStates [state_id=3, state=Rajasthan]]
17:05:47.268 [http-nio-9091-exec-5] INFO  c.c.i.services.RalleyDetailsService:95 - showing all conducting ralley states:[RalleyStates [state_id=1, state=Maharashtra], RalleyStates [state_id=2, state=Madhya Pradesh], RalleyStates [state_id=3, state=Rajasthan]]
17:05:47.768 [http-nio-9091-exec-6] INFO  c.c.i.s.RalleyCandidateDetailsServiceImpl:160 - showing all conducting ralley cities:[]
17:06:44.239 [http-nio-9091-exec-6] INFO  c.c.i.e.GlobalExceptionHandler:37 - inside
17:06:52.973 [http-nio-9091-exec-1] INFO  c.c.i.s.RalleyCandidateDetailsServiceImpl:147 - showing all conducting ralley states:[RalleyStates [state_id=1, state=Maharashtra], RalleyStates [state_id=2, state=Madhya Pradesh], RalleyStates [state_id=3, state=Rajasthan]]
17:06:57.305 [http-nio-9091-exec-5] INFO  c.c.i.s.RalleyCandidateDetailsServiceImpl:232 - total slots sum:600and registred students:13
17:06:57.325 [http-nio-9091-exec-1] INFO  c.c.i.s.RalleyCandidateDetailsServiceImpl:371 - <h2>Ralley details: </h2><h3>Recruitment Ralley  Indore</h2><h3>Conducting Dates: 2020-09-18 to 2020-09-20</h3><h4>near bus Stand ,Nehru Ground,Indore 444602</h4><hr>
17:06:57.354 [http-nio-9091-exec-9] INFO  c.c.i.s.RalleyCandidateDetailsServiceImpl:318 - in string1995-07-01
17:06:57.355 [http-nio-9091-exec-9] INFO  c.c.i.s.RalleyCandidateDetailsServiceImpl:318 - in string2011-06-01
17:07:34.979 [http-nio-9091-exec-10] INFO  c.c.i.s.RalleyCandidateDetailsServiceImpl:147 - showing all conducting ralley states:[RalleyStates [state_id=1, state=Maharashtra], RalleyStates [state_id=2, state=Madhya Pradesh], RalleyStates [state_id=3, state=Rajasthan]]
17:09:10.961 [http-nio-9091-exec-6] INFO  c.c.i.s.RalleyCandidateDetailsServiceImpl:147 - showing all conducting ralley states:[RalleyStates [state_id=1, state=Maharashtra], RalleyStates [state_id=2, state=Madhya Pradesh], RalleyStates [state_id=3, state=Rajasthan]]
17:10:28.287 [http-nio-9091-exec-6] INFO  c.c.i.s.RalleyCandidateDetailsServiceImpl:232 - total slots sum:600and registred students:13
17:10:28.302 [http-nio-9091-exec-9] INFO  c.c.i.s.RalleyCandidateDetailsServiceImpl:371 - <h2>Ralley details: </h2><h3>Recruitment Ralley  Indore</h2><h3>Conducting Dates: 2020-09-18 to 2020-09-20</h3><h4>near bus Stand ,Nehru Ground,Indore 444602</h4><hr>
17:10:28.418 [http-nio-9091-exec-4] INFO  c.c.i.s.RalleyCandidateDetailsServiceImpl:318 - in string1995-07-01
17:10:28.420 [http-nio-9091-exec-4] INFO  c.c.i.s.RalleyCandidateDetailsServiceImpl:318 - in string2011-06-01
17:13:19.857 [http-nio-9091-exec-3] INFO  c.c.i.services.RalleyDetailsService:95 - showing all conducting ralley states:[RalleyStates [state_id=1, state=Maharashtra], RalleyStates [state_id=2, state=Madhya Pradesh], RalleyStates [state_id=3, state=Rajasthan]]
17:13:20.276 [http-nio-9091-exec-2] INFO  c.c.i.s.RalleyCandidateDetailsServiceImpl:160 - showing all conducting ralley cities:[]
17:14:46.892 [http-nio-9091-exec-3] INFO  c.c.i.services.RalleyDetailsService:95 - showing all conducting ralley states:[RalleyStates [state_id=1, state=Maharashtra], RalleyStates [state_id=2, state=Madhya Pradesh], RalleyStates [state_id=3, state=Rajasthan]]
17:14:47.565 [http-nio-9091-exec-3] INFO  c.c.i.s.RalleyCandidateDetailsServiceImpl:160 - showing all conducting ralley cities:[RalleyCities [city_id=1, city=Pune], RalleyCities [city_id=2, city=Nashik], RalleyCities [city_id=3, city=Kolhapur]]
17:15:57.292 [http-nio-9091-exec-3] INFO  c.c.i.services.RalleyDetailsService:95 - showing all conducting ralley states:[RalleyStates [state_id=1, state=Maharashtra], RalleyStates [state_id=2, state=Madhya Pradesh], RalleyStates [state_id=3, state=Rajasthan]]
17:15:57.574 [http-nio-9091-exec-7] INFO  c.c.i.s.RalleyCandidateDetailsServiceImpl:160 - showing all conducting ralley cities:[RalleyCities [city_id=1, city=Pune], RalleyCities [city_id=2, city=Nashik], RalleyCities [city_id=3, city=Kolhapur]]
17:17:37.222 [http-nio-9091-exec-9] INFO  c.c.i.services.RalleyDetailsService:95 - showing all conducting ralley states:[RalleyStates [state_id=1, state=Maharashtra], RalleyStates [state_id=2, state=Madhya Pradesh], RalleyStates [state_id=3, state=Rajasthan]]
17:17:37.444 [http-nio-9091-exec-9] INFO  c.c.i.s.RalleyCandidateDetailsServiceImpl:160 - showing all conducting ralley cities:[]
17:22:48.185 [http-nio-9091-exec-2] INFO  c.c.i.services.RalleyDetailsService:95 - showing all conducting ralley states:[RalleyStates [state_id=1, state=Maharashtra], RalleyStates [state_id=2, state=Madhya Pradesh], RalleyStates [state_id=3, state=Rajasthan]]
17:22:48.419 [http-nio-9091-exec-6] INFO  c.c.i.s.RalleyCandidateDetailsServiceImpl:160 - showing all conducting ralley cities:[]
17:32:00.560 [http-nio-9091-exec-5] INFO  c.c.i.s.RalleyCandidateDetailsServiceImpl:160 - showing all conducting ralley cities:[RalleyCities [city_id=4, city=Indore], RalleyCities [city_id=5, city=Bhopal]]
17:39:49.310 [http-nio-9091-exec-7] INFO  c.c.i.services.RalleyDetailsService:95 - showing all conducting ralley states:[RalleyStates [state_id=1, state=Maharashtra], RalleyStates [state_id=2, state=Madhya Pradesh], RalleyStates [state_id=3, state=Rajasthan]]
17:39:49.841 [http-nio-9091-exec-10] INFO  c.c.i.s.RalleyCandidateDetailsServiceImpl:160 - showing all conducting ralley cities:[RalleyCities [city_id=1, city=Pune], RalleyCities [city_id=2, city=Nashik], RalleyCities [city_id=3, city=Kolhapur]]
17:40:11.123 [http-nio-9091-exec-10] INFO  c.c.i.services.RalleyDetailsService:95 - showing all conducting ralley states:[RalleyStates [state_id=1, state=Maharashtra], RalleyStates [state_id=2, state=Madhya Pradesh], RalleyStates [state_id=3, state=Rajasthan]]
17:40:11.358 [http-nio-9091-exec-10] INFO  c.c.i.s.RalleyCandidateDetailsServiceImpl:160 - showing all conducting ralley cities:[RalleyCities [city_id=1, city=Pune], RalleyCities [city_id=2, city=Nashik], RalleyCities [city_id=3, city=Kolhapur]]
18:12:31.053 [http-nio-9091-exec-5] INFO  c.c.i.services.RalleyDetailsService:95 - showing all conducting ralley states:[RalleyStates [state_id=1, state=Maharashtra], RalleyStates [state_id=2, state=Madhya Pradesh], RalleyStates [state_id=3, state=Rajasthan]]
18:12:31.645 [http-nio-9091-exec-7] INFO  c.c.i.s.RalleyCandidateDetailsServiceImpl:160 - showing all conducting ralley cities:[]
18:25:55.551 [http-nio-9091-exec-3] INFO  c.c.i.s.RalleyCandidateDetailsServiceImpl:147 - showing all conducting ralley states:[RalleyStates [state_id=1, state=Maharashtra], RalleyStates [state_id=2, state=Madhya Pradesh], RalleyStates [state_id=3, state=Rajasthan]]
18:26:12.518 [http-nio-9091-exec-7] INFO  c.c.i.s.RalleyCandidateDetailsServiceImpl:232 - total slots sum:600and registred students:13
18:26:12.532 [http-nio-9091-exec-6] INFO  c.c.i.s.RalleyCandidateDetailsServiceImpl:371 - <h2>Ralley details: </h2><h3>Recruitment Ralley  Indore</h2><h3>Conducting Dates: 2020-09-18 to 2020-09-20</h3><h4>near bus Stand ,Nehru Ground,Indore 444602</h4><hr>
18:26:12.594 [http-nio-9091-exec-10] INFO  c.c.i.s.RalleyCandidateDetailsServiceImpl:318 - in string1995-07-01
18:26:12.595 [http-nio-9091-exec-10] INFO  c.c.i.s.RalleyCandidateDetailsServiceImpl:318 - in string2011-06-01
18:30:58.017 [http-nio-9091-exec-7] INFO  c.c.i.services.RalleyDetailsService:95 - showing all conducting ralley states:[RalleyStates [state_id=1, state=Maharashtra], RalleyStates [state_id=2, state=Madhya Pradesh], RalleyStates [state_id=3, state=Rajasthan]]
18:31:00.096 [http-nio-9091-exec-7] INFO  c.c.i.s.RalleyCandidateDetailsServiceImpl:160 - showing all conducting ralley cities:[]
18:31:12.693 [http-nio-9091-exec-5] INFO  c.c.i.s.RalleyCandidateDetailsServiceImpl:160 - showing all conducting ralley cities:[RalleyCities [city_id=1, city=Pune], RalleyCities [city_id=2, city=Nashik], RalleyCities [city_id=3, city=Kolhapur]]
18:31:15.806 [http-nio-9091-exec-4] INFO  c.c.i.s.RalleyCandidateDetailsServiceImpl:160 - showing all conducting ralley cities:[RalleyCities [city_id=4, city=Indore], RalleyCities [city_id=5, city=Bhopal]]
18:43:35.671 [http-nio-9091-exec-2] INFO  c.c.i.e.GlobalExceptionHandler:37 - inside
18:43:38.797 [http-nio-9091-exec-8] INFO  c.c.i.e.GlobalExceptionHandler:37 - inside
18:43:42.759 [http-nio-9091-exec-7] INFO  c.c.i.e.GlobalExceptionHandler:37 - inside
18:43:45.740 [http-nio-9091-exec-3] INFO  c.c.i.e.GlobalExceptionHandler:37 - inside
18:43:49.539 [http-nio-9091-exec-4] INFO  c.c.i.s.RalleyCandidateDetailsServiceImpl:147 - showing all conducting ralley states:[RalleyStates [state_id=1, state=Maharashtra], RalleyStates [state_id=2, state=Madhya Pradesh], RalleyStates [state_id=3, state=Rajasthan]]
18:46:45.292 [http-nio-9091-exec-5] INFO  c.c.i.s.RalleyCandidateDetailsServiceImpl:147 - showing all conducting ralley states:[RalleyStates [state_id=1, state=Maharashtra], RalleyStates [state_id=2, state=Madhya Pradesh], RalleyStates [state_id=3, state=Rajasthan]]
18:56:53.491 [http-nio-9091-exec-1] INFO  c.c.i.services.RalleyDetailsService:95 - showing all conducting ralley states:[RalleyStates [state_id=1, state=Maharashtra], RalleyStates [state_id=2, state=Madhya Pradesh], RalleyStates [state_id=3, state=Rajasthan]]
18:56:53.794 [http-nio-9091-exec-10] INFO  c.c.i.s.RalleyCandidateDetailsServiceImpl:160 - showing all conducting ralley cities:[]
19:08:50.350 [http-nio-9091-exec-9] INFO  c.c.i.services.RalleyDetailsService:95 - showing all conducting ralley states:[RalleyStates [state_id=1, state=Maharashtra], RalleyStates [state_id=2, state=Madhya Pradesh], RalleyStates [state_id=3, state=Rajasthan]]
19:08:52.630 [http-nio-9091-exec-4] INFO  c.c.i.s.RalleyCandidateDetailsServiceImpl:160 - showing all conducting ralley cities:[]
19:11:20.527 [http-nio-9091-exec-7] INFO  c.c.i.s.RalleyCandidateDetailsServiceImpl:232 - total slots sum:600and registred students:13
19:11:20.551 [http-nio-9091-exec-6] INFO  c.c.i.s.RalleyCandidateDetailsServiceImpl:371 - <h2>Ralley details: </h2><h3>Recruitment Ralley  Indore</h2><h3>Conducting Dates: 2020-09-18 to 2020-09-20</h3><h4>near bus Stand ,Nehru Ground,Indore 444602</h4><hr>
19:11:20.570 [http-nio-9091-exec-9] INFO  c.c.i.s.RalleyCandidateDetailsServiceImpl:318 - in string1995-07-01
19:11:20.570 [http-nio-9091-exec-9] INFO  c.c.i.s.RalleyCandidateDetailsServiceImpl:318 - in string2011-06-01
19:33:33.781 [http-nio-9091-exec-8] INFO  c.c.i.services.RalleyDetailsService:95 - showing all conducting ralley states:[RalleyStates [state_id=1, state=Maharashtra], RalleyStates [state_id=2, state=Madhya Pradesh], RalleyStates [state_id=3, state=Rajasthan]]
19:33:34.583 [http-nio-9091-exec-8] INFO  c.c.i.s.RalleyCandidateDetailsServiceImpl:160 - showing all conducting ralley cities:[]
19:35:36.849 [http-nio-9091-exec-9] INFO  c.c.i.services.RalleyDetailsService:95 - showing all conducting ralley states:[RalleyStates [state_id=1, state=Maharashtra], RalleyStates [state_id=2, state=Madhya Pradesh], RalleyStates [state_id=3, state=Rajasthan]]
19:35:37.074 [http-nio-9091-exec-9] INFO  c.c.i.s.RalleyCandidateDetailsServiceImpl:160 - showing all conducting ralley cities:[]
19:41:51.966 [http-nio-9091-exec-1] INFO  c.c.i.services.RalleyDetailsService:95 - showing all conducting ralley states:[RalleyStates [state_id=1, state=Maharashtra], RalleyStates [state_id=2, state=Madhya Pradesh], RalleyStates [state_id=3, state=Rajasthan]]
19:41:52.410 [http-nio-9091-exec-2] INFO  c.c.i.s.RalleyCandidateDetailsServiceImpl:160 - showing all conducting ralley cities:[]
19:47:14.738 [http-nio-9091-exec-4] INFO  c.c.i.services.RalleyDetailsService:95 - showing all conducting ralley states:[RalleyStates [state_id=1, state=Maharashtra], RalleyStates [state_id=2, state=Madhya Pradesh], RalleyStates [state_id=3, state=Rajasthan]]
19:47:15.205 [http-nio-9091-exec-4] INFO  c.c.i.s.RalleyCandidateDetailsServiceImpl:160 - showing all conducting ralley cities:[]
20:16:15.759 [http-nio-9091-exec-4] INFO  c.c.i.services.RalleyDetailsService:95 - showing all conducting ralley states:[RalleyStates [state_id=1, state=Maharashtra], RalleyStates [state_id=2, state=Madhya Pradesh], RalleyStates [state_id=3, state=Rajasthan]]
20:16:19.405 [http-nio-9091-exec-6] INFO  c.c.i.s.RalleyCandidateDetailsServiceImpl:160 - showing all conducting ralley cities:[]
20:38:58.892 [restartedMain] INFO  c.c.iafralley.IafralleyApplication:55 - Starting IafralleyApplication on DESKTOP-0VP0BSJ with PID 22376 (C:\Users\Ketan\Downloads\New folder\iafralley\iafralley\target\classes started by Ketan in C:\Users\Ketan\Downloads\New folder\iafralley\iafralley)
20:38:58.893 [restartedMain] INFO  c.c.iafralley.IafralleyApplication:655 - The following profiles are active: local
20:39:02.993 [restartedMain] INFO  o.a.catalina.core.StandardService:173 - Starting service [Tomcat]
20:39:02.993 [restartedMain] INFO  o.a.catalina.core.StandardEngine:173 - Starting Servlet engine: [Apache Tomcat/9.0.37]
20:39:03.063 [restartedMain] INFO  o.a.c.c.C.[.[localhost].[/IAFRalley]:173 - Initializing Spring embedded WebApplicationContext
20:39:03.195 [restartedMain] INFO  o.h.jpa.internal.util.LogHelper:31 - HHH000204: Processing PersistenceUnitInfo [name: default]
20:39:03.676 [restartedMain] INFO  org.hibernate.dialect.Dialect:172 - HHH000400: Using dialect: org.hibernate.dialect.PostgreSQLDialect
20:39:04.197 [restartedMain] INFO  o.h.e.t.j.p.i.JtaPlatformInitiator:52 - HHH000490: Using JtaPlatform implementation: [org.hibernate.engine.transaction.jta.platform.internal.NoJtaPlatform]
20:39:04.661 [restartedMain] INFO  c.c.i.a.c.StaticResourceConfiguration:26 - Serving static content from /IAFRalleyReport/applicantDetails/
20:39:04.789 [restartedMain] INFO  c.c.iafralley.IafralleyApplication:61 - Started IafralleyApplication in 6.183 seconds (JVM running for 36997.566)
22:51:30.117 [http-nio-9091-exec-1] INFO  o.a.c.c.C.[.[localhost].[/IAFRalley]:173 - Initializing Spring DispatcherServlet 'dispatcherServlet'
23:20:39.562 [http-nio-9091-exec-6] INFO  c.c.i.e.GlobalExceptionHandler:37 - inside
23:20:44.276 [http-nio-9091-exec-7] INFO  c.c.i.e.GlobalExceptionHandler:37 - inside
23:21:05.618 [http-nio-9091-exec-8] INFO  c.c.i.e.GlobalExceptionHandler:37 - inside
