00:00:49.532 [restartedMain] INFO  c.c.iafralley.IafralleyApplication:55 - Starting IafralleyApplication on DESKTOP-0VP0BSJ with PID 22272 (C:\Users\Ketan\git\iafralleyFinal\target\classes started by Ketan in C:\Users\Ketan\git\iafralleyFinal)
00:00:49.540 [restartedMain] INFO  c.c.iafralley.IafralleyApplication:655 - The following profiles are active: local
00:00:53.263 [restartedMain] INFO  o.a.catalina.core.StandardService:173 - Starting service [Tomcat]
00:00:53.264 [restartedMain] INFO  o.a.catalina.core.StandardEngine:173 - Starting Servlet engine: [Apache Tomcat/9.0.37]
00:00:53.390 [restartedMain] INFO  o.a.c.c.C.[Tomcat].[localhost].[/]:173 - Initializing Spring embedded WebApplicationContext
00:00:53.762 [restartedMain] INFO  o.h.jpa.internal.util.LogHelper:31 - HHH000204: Processing PersistenceUnitInfo [name: default]
00:00:53.839 [restartedMain] INFO  org.hibernate.Version:44 - HHH000412: Hibernate ORM core version 5.4.18.Final
00:00:53.974 [restartedMain] INFO  o.h.annotations.common.Version:49 - HCANN000001: Hibernate Commons Annotations {5.1.0.Final}
00:00:56.068 [restartedMain] INFO  org.hibernate.dialect.Dialect:172 - HHH000400: Using dialect: org.hibernate.dialect.PostgreSQLDialect
00:00:58.684 [restartedMain] INFO  o.h.e.t.j.p.i.JtaPlatformInitiator:52 - HHH000490: Using JtaPlatform implementation: [org.hibernate.engine.transaction.jta.platform.internal.NoJtaPlatform]
00:01:02.855 [restartedMain] INFO  c.c.i.a.c.StaticResourceConfiguration:26 - Serving static content from /IAFRalleyReport/applicantDetails/
00:01:05.046 [restartedMain] INFO  c.c.iafralley.IafralleyApplication:61 - Started IafralleyApplication in 16.15 seconds (JVM running for 17.984)
00:01:46.409 [restartedMain] INFO  c.c.iafralley.IafralleyApplication:55 - Starting IafralleyApplication on DESKTOP-0VP0BSJ with PID 22272 (C:\Users\Ketan\git\iafralleyFinal\target\classes started by Ketan in C:\Users\Ketan\git\iafralleyFinal)
00:01:46.409 [restartedMain] INFO  c.c.iafralley.IafralleyApplication:655 - The following profiles are active: local
00:01:47.214 [restartedMain] INFO  o.a.catalina.core.StandardService:173 - Starting service [Tomcat]
00:01:47.214 [restartedMain] INFO  o.a.catalina.core.StandardEngine:173 - Starting Servlet engine: [Apache Tomcat/9.0.37]
00:01:47.251 [restartedMain] INFO  o.a.c.c.C.[Tomcat].[localhost].[/]:173 - Initializing Spring embedded WebApplicationContext
00:01:47.338 [restartedMain] INFO  o.h.jpa.internal.util.LogHelper:31 - HHH000204: Processing PersistenceUnitInfo [name: default]
00:01:48.421 [restartedMain] INFO  org.hibernate.dialect.Dialect:172 - HHH000400: Using dialect: org.hibernate.dialect.PostgreSQLDialect
00:01:48.749 [restartedMain] INFO  o.h.e.t.j.p.i.JtaPlatformInitiator:52 - HHH000490: Using JtaPlatform implementation: [org.hibernate.engine.transaction.jta.platform.internal.NoJtaPlatform]
00:01:49.226 [restartedMain] INFO  c.c.i.a.c.StaticResourceConfiguration:26 - Serving static content from /IAFRalleyReport/applicantDetails/
00:01:49.335 [restartedMain] INFO  c.c.iafralley.IafralleyApplication:61 - Started IafralleyApplication in 2.976 seconds (JVM running for 62.274)
00:01:53.213 [http-nio-9091-exec-1] INFO  o.a.c.c.C.[Tomcat].[localhost].[/]:173 - Initializing Spring DispatcherServlet 'dispatcherServlet'
00:01:53.815 [http-nio-9091-exec-1] INFO  c.c.i.s.RalleyCandidateDetailsServiceImpl:153 - showing all conducting ralley states:[RalleyStates [state_id=1, state=Maharashtra], RalleyStates [state_id=2, state=Madhya Pradesh], RalleyStates [state_id=3, state=Rajasthan]]
00:05:14.106 [http-nio-9091-exec-3] INFO  c.c.i.s.RalleyCandidateDetailsServiceImpl:153 - showing all conducting ralley states:[RalleyStates [state_id=1, state=Maharashtra], RalleyStates [state_id=2, state=Madhya Pradesh], RalleyStates [state_id=3, state=Rajasthan]]
00:05:19.017 [http-nio-9091-exec-6] INFO  c.c.i.s.RalleyCandidateDetailsServiceImpl:238 - total slots sum:500and registred students:1
00:05:19.192 [http-nio-9091-exec-10] INFO  c.c.i.s.RalleyCandidateDetailsServiceImpl:377 - <h2>Rally details: </h2><h3>Ralley Conduction in Bhopal</h2><h3>Conducting Dates: 2020-09-18 to 2020-09-18</h3><h4>near bus Stand ,Nehru Ground,Indore 444602</h4><hr>
00:05:19.261 [http-nio-9091-exec-1] INFO  c.c.i.s.RalleyCandidateDetailsServiceImpl:427 - [1]
00:05:19.321 [http-nio-9091-exec-2] INFO  c.c.i.s.RalleyCandidateDetailsServiceImpl:324 - in string1993-06-02
00:05:19.322 [http-nio-9091-exec-2] INFO  c.c.i.s.RalleyCandidateDetailsServiceImpl:324 - in string2000-08-02
00:05:25.119 [http-nio-9091-exec-5] INFO  c.c.i.s.RalleyCandidateDetailsServiceImpl:166 - showing all conducting ralley cities:[RalleyCities [city_id=1, city=Pune], RalleyCities [city_id=2, city=Nashik], RalleyCities [city_id=3, city=Kolhapur]]
17:03:04.362 [restartedMain] INFO  c.c.iafralley.IafralleyApplication:55 - Starting IafralleyApplication on DESKTOP-0VP0BSJ with PID 9212 (C:\Users\Ketan\git\iafralleyFinal\target\classes started by Ketan in C:\Users\Ketan\git\iafralleyFinal)
17:03:04.391 [restartedMain] INFO  c.c.iafralley.IafralleyApplication:655 - The following profiles are active: local
17:03:13.214 [restartedMain] INFO  o.a.catalina.core.StandardService:173 - Starting service [Tomcat]
17:03:13.216 [restartedMain] INFO  o.a.catalina.core.StandardEngine:173 - Starting Servlet engine: [Apache Tomcat/9.0.37]
17:03:13.515 [restartedMain] INFO  o.a.c.c.C.[Tomcat].[localhost].[/]:173 - Initializing Spring embedded WebApplicationContext
17:03:14.184 [restartedMain] INFO  o.h.jpa.internal.util.LogHelper:31 - HHH000204: Processing PersistenceUnitInfo [name: default]
17:03:14.467 [restartedMain] INFO  org.hibernate.Version:44 - HHH000412: Hibernate ORM core version 5.4.18.Final
17:03:15.327 [restartedMain] INFO  o.h.annotations.common.Version:49 - HCANN000001: Hibernate Commons Annotations {5.1.0.Final}
17:03:17.727 [restartedMain] INFO  org.hibernate.dialect.Dialect:172 - HHH000400: Using dialect: org.hibernate.dialect.PostgreSQLDialect
17:03:24.722 [restartedMain] INFO  o.h.e.t.j.p.i.JtaPlatformInitiator:52 - HHH000490: Using JtaPlatform implementation: [org.hibernate.engine.transaction.jta.platform.internal.NoJtaPlatform]
17:03:28.525 [restartedMain] INFO  c.c.i.a.c.StaticResourceConfiguration:26 - Serving static content from /IAFRalleyReport/applicantDetails/
17:03:29.802 [restartedMain] INFO  c.c.iafralley.IafralleyApplication:61 - Started IafralleyApplication in 28.305 seconds (JVM running for 39.387)
17:04:14.601 [http-nio-9091-exec-1] INFO  o.a.c.c.C.[Tomcat].[localhost].[/]:173 - Initializing Spring DispatcherServlet 'dispatcherServlet'
17:04:24.294 [http-nio-9091-exec-3] INFO  c.c.i.s.RalleyCandidateDetailsServiceImpl:153 - showing all conducting ralley states:[RalleyStates [state_id=1, state=Maharashtra], RalleyStates [state_id=2, state=Madhya Pradesh], RalleyStates [state_id=3, state=Rajasthan]]
17:04:34.830 [http-nio-9091-exec-7] INFO  c.c.i.s.RalleyCandidateDetailsServiceImpl:238 - total slots sum:500and registred students:1
17:04:35.084 [http-nio-9091-exec-5] INFO  c.c.i.s.RalleyCandidateDetailsServiceImpl:377 - <h2>Rally details: </h2><h3>Ralley Conduction in Bhopal</h2><h3>Conducting Dates: 2020-09-18 to 2020-09-18</h3><h4>near bus Stand ,Nehru Ground,Indore 444602</h4><hr>
17:04:35.255 [http-nio-9091-exec-8] INFO  c.c.i.s.RalleyCandidateDetailsServiceImpl:427 - [1]
17:04:35.388 [http-nio-9091-exec-6] INFO  c.c.i.s.RalleyCandidateDetailsServiceImpl:324 - in string1993-06-02
17:04:35.392 [http-nio-9091-exec-6] INFO  c.c.i.s.RalleyCandidateDetailsServiceImpl:324 - in string2000-08-02
17:37:25.290 [http-nio-9091-exec-4] INFO  c.c.i.s.RalleyCandidateDetailsServiceImpl:153 - showing all conducting ralley states:[RalleyStates [state_id=1, state=Maharashtra], RalleyStates [state_id=2, state=Madhya Pradesh], RalleyStates [state_id=3, state=Rajasthan]]
17:37:29.754 [http-nio-9091-exec-1] INFO  c.c.i.s.RalleyCandidateDetailsServiceImpl:238 - total slots sum:500and registred students:1
17:37:29.830 [http-nio-9091-exec-6] INFO  c.c.i.s.RalleyCandidateDetailsServiceImpl:377 - <h2>Rally details: </h2><h3>Ralley Conduction in Bhopal</h2><h3>Conducting Dates: 2020-09-18 to 2020-09-18</h3><h4>near bus Stand ,Nehru Ground,Indore 444602</h4><hr>
17:37:29.900 [http-nio-9091-exec-3] INFO  c.c.i.s.RalleyCandidateDetailsServiceImpl:427 - [1]
17:37:29.988 [http-nio-9091-exec-5] INFO  c.c.i.s.RalleyCandidateDetailsServiceImpl:324 - in string1993-06-02
17:37:30.018 [http-nio-9091-exec-5] INFO  c.c.i.s.RalleyCandidateDetailsServiceImpl:324 - in string2000-08-02
18:25:09.727 [http-nio-9091-exec-8] INFO  c.c.i.s.RalleyCandidateDetailsServiceImpl:153 - showing all conducting ralley states:[RalleyStates [state_id=1, state=Maharashtra], RalleyStates [state_id=2, state=Madhya Pradesh], RalleyStates [state_id=3, state=Rajasthan]]
18:25:15.822 [http-nio-9091-exec-9] INFO  c.c.i.s.RalleyCandidateDetailsServiceImpl:238 - total slots sum:500and registred students:1
18:25:15.855 [http-nio-9091-exec-5] INFO  c.c.i.s.RalleyCandidateDetailsServiceImpl:377 - <h2>Rally details: </h2><h3>Ralley Conduction in Bhopal</h2><h3>Conducting Dates: 2020-09-18 to 2020-09-18</h3><h4>near bus Stand ,Nehru Ground,Indore 444602</h4><hr>
18:25:15.896 [http-nio-9091-exec-6] INFO  c.c.i.s.RalleyCandidateDetailsServiceImpl:427 - [1]
18:25:16.007 [http-nio-9091-exec-3] INFO  c.c.i.s.RalleyCandidateDetailsServiceImpl:324 - in string1993-06-02
18:25:16.008 [http-nio-9091-exec-3] INFO  c.c.i.s.RalleyCandidateDetailsServiceImpl:324 - in string2000-08-02
20:33:36.526 [http-nio-9091-exec-2] INFO  c.c.i.s.RalleyCandidateDetailsServiceImpl:153 - showing all conducting ralley states:[RalleyStates [state_id=1, state=Maharashtra], RalleyStates [state_id=2, state=Madhya Pradesh], RalleyStates [state_id=3, state=Rajasthan]]
20:33:48.448 [http-nio-9091-exec-1] INFO  c.c.i.s.RalleyCandidateDetailsServiceImpl:238 - total slots sum:500and registred students:1
20:33:48.553 [http-nio-9091-exec-9] INFO  c.c.i.s.RalleyCandidateDetailsServiceImpl:377 - <h2>Rally details: </h2><h3>Ralley Conduction in Bhopal</h2><h3>Conducting Dates: 2020-09-18 to 2020-09-18</h3><h4>near bus Stand ,Nehru Ground,Indore 444602</h4><hr>
20:33:48.641 [http-nio-9091-exec-7] INFO  c.c.i.s.RalleyCandidateDetailsServiceImpl:427 - [1]
20:33:48.743 [http-nio-9091-exec-10] INFO  c.c.i.s.RalleyCandidateDetailsServiceImpl:324 - in string1993-06-02
20:33:48.745 [http-nio-9091-exec-10] INFO  c.c.i.s.RalleyCandidateDetailsServiceImpl:324 - in string2000-08-02
20:37:26.537 [http-nio-9091-exec-1] INFO  c.c.i.s.RalleyCandidateDetailsServiceImpl:153 - showing all conducting ralley states:[RalleyStates [state_id=1, state=Maharashtra], RalleyStates [state_id=2, state=Madhya Pradesh], RalleyStates [state_id=3, state=Rajasthan]]
20:37:31.413 [http-nio-9091-exec-8] INFO  c.c.i.s.RalleyCandidateDetailsServiceImpl:238 - total slots sum:500and registred students:1
20:37:31.475 [http-nio-9091-exec-1] INFO  c.c.i.s.RalleyCandidateDetailsServiceImpl:377 - <h2>Rally details: </h2><h3>Ralley Conduction in Bhopal</h2><h3>Conducting Dates: 2020-09-18 to 2020-09-18</h3><h4>near bus Stand ,Nehru Ground,Indore 444602</h4><hr>
20:37:31.524 [http-nio-9091-exec-10] INFO  c.c.i.s.RalleyCandidateDetailsServiceImpl:427 - [1]
20:37:31.670 [http-nio-9091-exec-4] INFO  c.c.i.s.RalleyCandidateDetailsServiceImpl:324 - in string1993-06-02
20:37:31.673 [http-nio-9091-exec-4] INFO  c.c.i.s.RalleyCandidateDetailsServiceImpl:324 - in string2000-08-02
20:45:35.594 [http-nio-9091-exec-8] INFO  c.c.i.s.RalleyCandidateDetailsServiceImpl:153 - showing all conducting ralley states:[RalleyStates [state_id=1, state=Maharashtra], RalleyStates [state_id=2, state=Madhya Pradesh], RalleyStates [state_id=3, state=Rajasthan]]
20:45:38.835 [http-nio-9091-exec-2] INFO  c.c.i.s.RalleyCandidateDetailsServiceImpl:238 - total slots sum:500and registred students:1
20:45:38.894 [http-nio-9091-exec-10] INFO  c.c.i.s.RalleyCandidateDetailsServiceImpl:377 - <h2>Rally details: </h2><h3>Ralley Conduction in Bhopal</h2><h3>Conducting Dates: 2020-09-18 to 2020-09-18</h3><h4>near bus Stand ,Nehru Ground,Indore 444602</h4><hr>
20:45:38.920 [http-nio-9091-exec-4] INFO  c.c.i.s.RalleyCandidateDetailsServiceImpl:427 - [1]
20:45:38.968 [http-nio-9091-exec-3] INFO  c.c.i.s.RalleyCandidateDetailsServiceImpl:324 - in string1993-06-02
20:45:38.970 [http-nio-9091-exec-3] INFO  c.c.i.s.RalleyCandidateDetailsServiceImpl:324 - in string2000-08-02
20:46:53.846 [http-nio-9091-exec-10] INFO  c.c.i.s.RalleyCandidateDetailsServiceImpl:153 - showing all conducting ralley states:[RalleyStates [state_id=1, state=Maharashtra], RalleyStates [state_id=2, state=Madhya Pradesh], RalleyStates [state_id=3, state=Rajasthan]]
20:46:58.305 [http-nio-9091-exec-2] INFO  c.c.i.s.RalleyCandidateDetailsServiceImpl:238 - total slots sum:500and registred students:1
20:46:58.367 [http-nio-9091-exec-1] INFO  c.c.i.s.RalleyCandidateDetailsServiceImpl:377 - <h2>Rally details: </h2><h3>Ralley Conduction in Bhopal</h2><h3>Conducting Dates: 2020-09-18 to 2020-09-18</h3><h4>near bus Stand ,Nehru Ground,Indore 444602</h4><hr>
20:46:58.483 [http-nio-9091-exec-6] INFO  c.c.i.s.RalleyCandidateDetailsServiceImpl:427 - [1]
20:46:58.545 [http-nio-9091-exec-5] INFO  c.c.i.s.RalleyCandidateDetailsServiceImpl:324 - in string1993-06-02
20:46:58.547 [http-nio-9091-exec-5] INFO  c.c.i.s.RalleyCandidateDetailsServiceImpl:324 - in string2000-08-02
20:47:38.978 [http-nio-9091-exec-7] INFO  c.c.i.s.RalleyCandidateDetailsServiceImpl:153 - showing all conducting ralley states:[RalleyStates [state_id=1, state=Maharashtra], RalleyStates [state_id=2, state=Madhya Pradesh], RalleyStates [state_id=3, state=Rajasthan]]
20:47:44.474 [http-nio-9091-exec-5] INFO  c.c.i.s.RalleyCandidateDetailsServiceImpl:238 - total slots sum:500and registred students:1
20:47:44.530 [http-nio-9091-exec-9] INFO  c.c.i.s.RalleyCandidateDetailsServiceImpl:377 - <h2>Rally details: </h2><h3>Ralley Conduction in Bhopal</h2><h3>Conducting Dates: 2020-09-18 to 2020-09-18</h3><h4>near bus Stand ,Nehru Ground,Indore 444602</h4><hr>
20:47:44.598 [http-nio-9091-exec-2] INFO  c.c.i.s.RalleyCandidateDetailsServiceImpl:427 - [1]
20:47:44.675 [http-nio-9091-exec-8] INFO  c.c.i.s.RalleyCandidateDetailsServiceImpl:324 - in string1993-06-02
20:47:44.680 [http-nio-9091-exec-8] INFO  c.c.i.s.RalleyCandidateDetailsServiceImpl:324 - in string2000-08-02
20:50:19.443 [http-nio-9091-exec-5] INFO  c.c.i.s.RalleyCandidateDetailsServiceImpl:153 - showing all conducting ralley states:[RalleyStates [state_id=1, state=Maharashtra], RalleyStates [state_id=2, state=Madhya Pradesh], RalleyStates [state_id=3, state=Rajasthan]]
20:50:25.220 [http-nio-9091-exec-2] INFO  c.c.i.s.RalleyCandidateDetailsServiceImpl:238 - total slots sum:500and registred students:1
20:50:25.755 [http-nio-9091-exec-7] INFO  c.c.i.s.RalleyCandidateDetailsServiceImpl:377 - <h2>Rally details: </h2><h3>Ralley Conduction in Bhopal</h2><h3>Conducting Dates: 2020-09-18 to 2020-09-18</h3><h4>near bus Stand ,Nehru Ground,Indore 444602</h4><hr>
20:50:25.841 [http-nio-9091-exec-4] INFO  c.c.i.s.RalleyCandidateDetailsServiceImpl:427 - [1]
20:50:26.147 [http-nio-9091-exec-9] INFO  c.c.i.s.RalleyCandidateDetailsServiceImpl:324 - in string1993-06-02
20:50:26.150 [http-nio-9091-exec-9] INFO  c.c.i.s.RalleyCandidateDetailsServiceImpl:324 - in string2000-08-02
20:56:32.794 [http-nio-9091-exec-2] INFO  c.c.i.s.RalleyCandidateDetailsServiceImpl:153 - showing all conducting ralley states:[RalleyStates [state_id=1, state=Maharashtra], RalleyStates [state_id=2, state=Madhya Pradesh], RalleyStates [state_id=3, state=Rajasthan]]
20:56:38.606 [http-nio-9091-exec-3] INFO  c.c.i.s.RalleyCandidateDetailsServiceImpl:238 - total slots sum:500and registred students:1
20:56:38.726 [http-nio-9091-exec-9] INFO  c.c.i.s.RalleyCandidateDetailsServiceImpl:377 - <h2>Rally details: </h2><h3>Ralley Conduction in Bhopal</h2><h3>Conducting Dates: 2020-09-18 to 2020-09-18</h3><h4>near bus Stand ,Nehru Ground,Indore 444602</h4><hr>
20:56:38.813 [http-nio-9091-exec-5] INFO  c.c.i.s.RalleyCandidateDetailsServiceImpl:427 - [1]
20:56:39.044 [http-nio-9091-exec-10] INFO  c.c.i.s.RalleyCandidateDetailsServiceImpl:324 - in string1993-06-02
20:56:39.045 [http-nio-9091-exec-10] INFO  c.c.i.s.RalleyCandidateDetailsServiceImpl:324 - in string2000-08-02
20:57:55.099 [http-nio-9091-exec-3] INFO  c.c.i.s.RalleyCandidateDetailsServiceImpl:153 - showing all conducting ralley states:[RalleyStates [state_id=1, state=Maharashtra], RalleyStates [state_id=2, state=Madhya Pradesh], RalleyStates [state_id=3, state=Rajasthan]]
20:58:05.082 [http-nio-9091-exec-8] INFO  c.c.i.s.RalleyCandidateDetailsServiceImpl:153 - showing all conducting ralley states:[RalleyStates [state_id=1, state=Maharashtra], RalleyStates [state_id=2, state=Madhya Pradesh], RalleyStates [state_id=3, state=Rajasthan]]
20:58:08.763 [http-nio-9091-exec-1] INFO  c.c.i.s.RalleyCandidateDetailsServiceImpl:238 - total slots sum:500and registred students:1
20:58:09.264 [http-nio-9091-exec-8] INFO  c.c.i.s.RalleyCandidateDetailsServiceImpl:377 - <h2>Rally details: </h2><h3>Ralley Conduction in Bhopal</h2><h3>Conducting Dates: 2020-09-18 to 2020-09-18</h3><h4>near bus Stand ,Nehru Ground,Indore 444602</h4><hr>
20:58:09.323 [http-nio-9091-exec-7] INFO  c.c.i.s.RalleyCandidateDetailsServiceImpl:427 - [1]
20:58:09.385 [http-nio-9091-exec-3] INFO  c.c.i.s.RalleyCandidateDetailsServiceImpl:324 - in string1993-06-02
20:58:09.388 [http-nio-9091-exec-3] INFO  c.c.i.s.RalleyCandidateDetailsServiceImpl:324 - in string2000-08-02
20:59:14.299 [http-nio-9091-exec-1] INFO  c.c.i.s.RalleyCandidateDetailsServiceImpl:153 - showing all conducting ralley states:[RalleyStates [state_id=1, state=Maharashtra], RalleyStates [state_id=2, state=Madhya Pradesh], RalleyStates [state_id=3, state=Rajasthan]]
20:59:18.805 [http-nio-9091-exec-7] INFO  c.c.i.s.RalleyCandidateDetailsServiceImpl:238 - total slots sum:500and registred students:1
20:59:18.861 [http-nio-9091-exec-2] INFO  c.c.i.s.RalleyCandidateDetailsServiceImpl:377 - <h2>Rally details: </h2><h3>Ralley Conduction in Bhopal</h2><h3>Conducting Dates: 2020-09-18 to 2020-09-18</h3><h4>near bus Stand ,Nehru Ground,Indore 444602</h4><hr>
20:59:18.913 [http-nio-9091-exec-9] INFO  c.c.i.s.RalleyCandidateDetailsServiceImpl:427 - [1]
20:59:18.988 [http-nio-9091-exec-6] INFO  c.c.i.s.RalleyCandidateDetailsServiceImpl:324 - in string1993-06-02
20:59:18.990 [http-nio-9091-exec-6] INFO  c.c.i.s.RalleyCandidateDetailsServiceImpl:324 - in string2000-08-02
20:59:37.009 [http-nio-9091-exec-1] INFO  c.c.i.s.RalleyCandidateDetailsServiceImpl:153 - showing all conducting ralley states:[RalleyStates [state_id=1, state=Maharashtra], RalleyStates [state_id=2, state=Madhya Pradesh], RalleyStates [state_id=3, state=Rajasthan]]
20:59:40.995 [http-nio-9091-exec-6] INFO  c.c.i.s.RalleyCandidateDetailsServiceImpl:153 - showing all conducting ralley states:[RalleyStates [state_id=1, state=Maharashtra], RalleyStates [state_id=2, state=Madhya Pradesh], RalleyStates [state_id=3, state=Rajasthan]]
20:59:45.203 [http-nio-9091-exec-2] INFO  c.c.i.s.RalleyCandidateDetailsServiceImpl:238 - total slots sum:500and registred students:1
20:59:45.290 [http-nio-9091-exec-9] INFO  c.c.i.s.RalleyCandidateDetailsServiceImpl:377 - <h2>Rally details: </h2><h3>Ralley Conduction in Bhopal</h2><h3>Conducting Dates: 2020-09-18 to 2020-09-18</h3><h4>near bus Stand ,Nehru Ground,Indore 444602</h4><hr>
20:59:45.363 [http-nio-9091-exec-6] INFO  c.c.i.s.RalleyCandidateDetailsServiceImpl:427 - [1]
20:59:45.416 [http-nio-9091-exec-1] INFO  c.c.i.s.RalleyCandidateDetailsServiceImpl:324 - in string1993-06-02
20:59:45.418 [http-nio-9091-exec-1] INFO  c.c.i.s.RalleyCandidateDetailsServiceImpl:324 - in string2000-08-02
21:00:19.627 [http-nio-9091-exec-7] INFO  c.c.i.s.RalleyCandidateDetailsServiceImpl:153 - showing all conducting ralley states:[RalleyStates [state_id=1, state=Maharashtra], RalleyStates [state_id=2, state=Madhya Pradesh], RalleyStates [state_id=3, state=Rajasthan]]
21:00:23.683 [http-nio-9091-exec-7] INFO  c.c.i.s.RalleyCandidateDetailsServiceImpl:238 - total slots sum:500and registred students:1
21:00:23.747 [http-nio-9091-exec-8] INFO  c.c.i.s.RalleyCandidateDetailsServiceImpl:377 - <h2>Rally details: </h2><h3>Ralley Conduction in Bhopal</h2><h3>Conducting Dates: 2020-09-18 to 2020-09-18</h3><h4>near bus Stand ,Nehru Ground,Indore 444602</h4><hr>
21:00:23.802 [http-nio-9091-exec-1] INFO  c.c.i.s.RalleyCandidateDetailsServiceImpl:427 - [1]
21:00:23.830 [http-nio-9091-exec-10] INFO  c.c.i.s.RalleyCandidateDetailsServiceImpl:324 - in string1993-06-02
21:00:23.832 [http-nio-9091-exec-10] INFO  c.c.i.s.RalleyCandidateDetailsServiceImpl:324 - in string2000-08-02
21:01:23.696 [http-nio-9091-exec-2] INFO  c.c.i.s.RalleyCandidateDetailsServiceImpl:153 - showing all conducting ralley states:[RalleyStates [state_id=1, state=Maharashtra], RalleyStates [state_id=2, state=Madhya Pradesh], RalleyStates [state_id=3, state=Rajasthan]]
21:01:28.273 [http-nio-9091-exec-1] INFO  c.c.i.s.RalleyCandidateDetailsServiceImpl:238 - total slots sum:500and registred students:1
21:01:28.328 [http-nio-9091-exec-3] INFO  c.c.i.s.RalleyCandidateDetailsServiceImpl:377 - <h2>Rally details: </h2><h3>Ralley Conduction in Bhopal</h2><h3>Conducting Dates: 2020-09-18 to 2020-09-18</h3><h4>near bus Stand ,Nehru Ground,Indore 444602</h4><hr>
21:01:28.420 [http-nio-9091-exec-6] INFO  c.c.i.s.RalleyCandidateDetailsServiceImpl:427 - [1]
21:01:28.567 [http-nio-9091-exec-4] INFO  c.c.i.s.RalleyCandidateDetailsServiceImpl:324 - in string1993-06-02
21:01:28.568 [http-nio-9091-exec-4] INFO  c.c.i.s.RalleyCandidateDetailsServiceImpl:324 - in string2000-08-02
21:01:51.063 [http-nio-9091-exec-7] INFO  c.c.i.s.RalleyCandidateDetailsServiceImpl:153 - showing all conducting ralley states:[RalleyStates [state_id=1, state=Maharashtra], RalleyStates [state_id=2, state=Madhya Pradesh], RalleyStates [state_id=3, state=Rajasthan]]
21:01:57.125 [http-nio-9091-exec-5] INFO  c.c.i.s.RalleyCandidateDetailsServiceImpl:238 - total slots sum:500and registred students:1
21:01:57.180 [http-nio-9091-exec-4] INFO  c.c.i.s.RalleyCandidateDetailsServiceImpl:377 - <h2>Rally details: </h2><h3>Ralley Conduction in Bhopal</h2><h3>Conducting Dates: 2020-09-18 to 2020-09-18</h3><h4>near bus Stand ,Nehru Ground,Indore 444602</h4><hr>
21:01:57.248 [http-nio-9091-exec-7] INFO  c.c.i.s.RalleyCandidateDetailsServiceImpl:427 - [1]
21:01:57.473 [http-nio-9091-exec-9] INFO  c.c.i.s.RalleyCandidateDetailsServiceImpl:324 - in string1993-06-02
21:01:57.476 [http-nio-9091-exec-9] INFO  c.c.i.s.RalleyCandidateDetailsServiceImpl:324 - in string2000-08-02
21:02:31.015 [http-nio-9091-exec-1] INFO  c.c.i.s.RalleyCandidateDetailsServiceImpl:153 - showing all conducting ralley states:[RalleyStates [state_id=1, state=Maharashtra], RalleyStates [state_id=2, state=Madhya Pradesh], RalleyStates [state_id=3, state=Rajasthan]]
21:02:55.595 [http-nio-9091-exec-3] INFO  c.c.i.s.RalleyCandidateDetailsServiceImpl:238 - total slots sum:500and registred students:1
21:02:55.642 [http-nio-9091-exec-4] INFO  c.c.i.s.RalleyCandidateDetailsServiceImpl:377 - <h2>Rally details: </h2><h3>Ralley Conduction in Bhopal</h2><h3>Conducting Dates: 2020-09-18 to 2020-09-18</h3><h4>near bus Stand ,Nehru Ground,Indore 444602</h4><hr>
21:02:55.689 [http-nio-9091-exec-10] INFO  c.c.i.s.RalleyCandidateDetailsServiceImpl:427 - [1]
21:02:55.741 [http-nio-9091-exec-7] INFO  c.c.i.s.RalleyCandidateDetailsServiceImpl:324 - in string1993-06-02
21:02:55.743 [http-nio-9091-exec-7] INFO  c.c.i.s.RalleyCandidateDetailsServiceImpl:324 - in string2000-08-02
21:04:31.486 [http-nio-9091-exec-4] INFO  c.c.i.s.RalleyCandidateDetailsServiceImpl:153 - showing all conducting ralley states:[RalleyStates [state_id=1, state=Maharashtra], RalleyStates [state_id=2, state=Madhya Pradesh], RalleyStates [state_id=3, state=Rajasthan]]
21:04:35.829 [http-nio-9091-exec-8] INFO  c.c.i.s.RalleyCandidateDetailsServiceImpl:238 - total slots sum:500and registred students:1
21:04:35.922 [http-nio-9091-exec-9] INFO  c.c.i.s.RalleyCandidateDetailsServiceImpl:377 - <h2>Rally details: </h2><h3>Ralley Conduction in Bhopal</h2><h3>Conducting Dates: 2020-09-18 to 2020-09-18</h3><h4>near bus Stand ,Nehru Ground,Indore 444602</h4><hr>
21:04:35.973 [http-nio-9091-exec-7] INFO  c.c.i.s.RalleyCandidateDetailsServiceImpl:427 - [1]
21:04:36.029 [http-nio-9091-exec-10] INFO  c.c.i.s.RalleyCandidateDetailsServiceImpl:324 - in string1993-06-02
21:04:36.031 [http-nio-9091-exec-10] INFO  c.c.i.s.RalleyCandidateDetailsServiceImpl:324 - in string2000-08-02
21:06:23.379 [http-nio-9091-exec-8] INFO  c.c.i.s.RalleyCandidateDetailsServiceImpl:153 - showing all conducting ralley states:[RalleyStates [state_id=1, state=Maharashtra], RalleyStates [state_id=2, state=Madhya Pradesh], RalleyStates [state_id=3, state=Rajasthan]]
21:06:28.165 [http-nio-9091-exec-2] INFO  c.c.i.s.RalleyCandidateDetailsServiceImpl:238 - total slots sum:500and registred students:1
21:06:28.252 [http-nio-9091-exec-1] INFO  c.c.i.s.RalleyCandidateDetailsServiceImpl:377 - <h2>Rally details: </h2><h3>Ralley Conduction in Bhopal</h2><h3>Conducting Dates: 2020-09-18 to 2020-09-18</h3><h4>near bus Stand ,Nehru Ground,Indore 444602</h4><hr>
21:06:28.305 [http-nio-9091-exec-7] INFO  c.c.i.s.RalleyCandidateDetailsServiceImpl:427 - [1]
21:06:28.370 [http-nio-9091-exec-10] INFO  c.c.i.s.RalleyCandidateDetailsServiceImpl:324 - in string1993-06-02
21:06:28.372 [http-nio-9091-exec-10] INFO  c.c.i.s.RalleyCandidateDetailsServiceImpl:324 - in string2000-08-02
21:07:29.912 [http-nio-9091-exec-2] INFO  c.c.i.s.RalleyCandidateDetailsServiceImpl:153 - showing all conducting ralley states:[RalleyStates [state_id=1, state=Maharashtra], RalleyStates [state_id=2, state=Madhya Pradesh], RalleyStates [state_id=3, state=Rajasthan]]
21:07:34.572 [http-nio-9091-exec-2] INFO  c.c.i.s.RalleyCandidateDetailsServiceImpl:238 - total slots sum:500and registred students:1
21:07:34.624 [http-nio-9091-exec-10] INFO  c.c.i.s.RalleyCandidateDetailsServiceImpl:377 - <h2>Rally details: </h2><h3>Ralley Conduction in Bhopal</h2><h3>Conducting Dates: 2020-09-18 to 2020-09-18</h3><h4>near bus Stand ,Nehru Ground,Indore 444602</h4><hr>
21:07:34.679 [http-nio-9091-exec-6] INFO  c.c.i.s.RalleyCandidateDetailsServiceImpl:427 - [1]
21:07:34.745 [http-nio-9091-exec-9] INFO  c.c.i.s.RalleyCandidateDetailsServiceImpl:324 - in string1993-06-02
21:07:34.747 [http-nio-9091-exec-9] INFO  c.c.i.s.RalleyCandidateDetailsServiceImpl:324 - in string2000-08-02
21:11:17.059 [http-nio-9091-exec-2] INFO  c.c.i.s.RalleyCandidateDetailsServiceImpl:153 - showing all conducting ralley states:[RalleyStates [state_id=1, state=Maharashtra], RalleyStates [state_id=2, state=Madhya Pradesh], RalleyStates [state_id=3, state=Rajasthan]]
21:11:21.449 [http-nio-9091-exec-3] INFO  c.c.i.s.RalleyCandidateDetailsServiceImpl:238 - total slots sum:500and registred students:1
21:11:21.498 [http-nio-9091-exec-4] INFO  c.c.i.s.RalleyCandidateDetailsServiceImpl:377 - <h2>Rally details: </h2><h3>Ralley Conduction in Bhopal</h2><h3>Conducting Dates: 2020-09-18 to 2020-09-18</h3><h4>near bus Stand ,Nehru Ground,Indore 444602</h4><hr>
21:11:21.548 [http-nio-9091-exec-1] INFO  c.c.i.s.RalleyCandidateDetailsServiceImpl:427 - [1]
21:11:21.604 [http-nio-9091-exec-9] INFO  c.c.i.s.RalleyCandidateDetailsServiceImpl:324 - in string1993-06-02
21:11:21.606 [http-nio-9091-exec-9] INFO  c.c.i.s.RalleyCandidateDetailsServiceImpl:324 - in string2000-08-02
21:12:07.252 [http-nio-9091-exec-10] INFO  c.c.i.s.RalleyCandidateDetailsServiceImpl:153 - showing all conducting ralley states:[RalleyStates [state_id=1, state=Maharashtra], RalleyStates [state_id=2, state=Madhya Pradesh], RalleyStates [state_id=3, state=Rajasthan]]
21:12:11.766 [http-nio-9091-exec-7] INFO  c.c.i.s.RalleyCandidateDetailsServiceImpl:238 - total slots sum:500and registred students:1
21:12:11.832 [http-nio-9091-exec-6] INFO  c.c.i.s.RalleyCandidateDetailsServiceImpl:377 - <h2>Rally details: </h2><h3>Ralley Conduction in Bhopal</h2><h3>Conducting Dates: 2020-09-18 to 2020-09-18</h3><h4>near bus Stand ,Nehru Ground,Indore 444602</h4><hr>
21:12:11.945 [http-nio-9091-exec-5] INFO  c.c.i.s.RalleyCandidateDetailsServiceImpl:427 - [1]
21:12:12.115 [http-nio-9091-exec-3] INFO  c.c.i.s.RalleyCandidateDetailsServiceImpl:324 - in string1993-06-02
21:12:12.117 [http-nio-9091-exec-3] INFO  c.c.i.s.RalleyCandidateDetailsServiceImpl:324 - in string2000-08-02
21:13:38.233 [http-nio-9091-exec-7] INFO  c.c.i.s.RalleyCandidateDetailsServiceImpl:153 - showing all conducting ralley states:[RalleyStates [state_id=1, state=Maharashtra], RalleyStates [state_id=2, state=Madhya Pradesh], RalleyStates [state_id=3, state=Rajasthan]]
21:13:44.115 [http-nio-9091-exec-7] INFO  c.c.i.s.RalleyCandidateDetailsServiceImpl:238 - total slots sum:500and registred students:1
21:13:44.165 [http-nio-9091-exec-2] INFO  c.c.i.s.RalleyCandidateDetailsServiceImpl:377 - <h2>Rally details: </h2><h3>Ralley Conduction in Bhopal</h2><h3>Conducting Dates: 2020-09-18 to 2020-09-18</h3><h4>near bus Stand ,Nehru Ground,Indore 444602</h4><hr>
21:13:44.225 [http-nio-9091-exec-6] INFO  c.c.i.s.RalleyCandidateDetailsServiceImpl:427 - [1]
21:13:44.292 [http-nio-9091-exec-3] INFO  c.c.i.s.RalleyCandidateDetailsServiceImpl:324 - in string1993-06-02
21:13:44.295 [http-nio-9091-exec-3] INFO  c.c.i.s.RalleyCandidateDetailsServiceImpl:324 - in string2000-08-02
21:13:57.601 [http-nio-9091-exec-4] INFO  c.c.i.s.RalleyCandidateDetailsServiceImpl:153 - showing all conducting ralley states:[RalleyStates [state_id=1, state=Maharashtra], RalleyStates [state_id=2, state=Madhya Pradesh], RalleyStates [state_id=3, state=Rajasthan]]
21:14:04.413 [http-nio-9091-exec-3] INFO  c.c.i.s.RalleyCandidateDetailsServiceImpl:238 - total slots sum:500and registred students:1
21:14:04.502 [http-nio-9091-exec-6] INFO  c.c.i.s.RalleyCandidateDetailsServiceImpl:377 - <h2>Rally details: </h2><h3>Ralley Conduction in Bhopal</h2><h3>Conducting Dates: 2020-09-18 to 2020-09-18</h3><h4>near bus Stand ,Nehru Ground,Indore 444602</h4><hr>
21:14:04.572 [http-nio-9091-exec-10] INFO  c.c.i.s.RalleyCandidateDetailsServiceImpl:427 - [1]
21:15:06.940 [http-nio-9091-exec-9] INFO  c.c.i.s.RalleyCandidateDetailsServiceImpl:153 - showing all conducting ralley states:[RalleyStates [state_id=1, state=Maharashtra], RalleyStates [state_id=2, state=Madhya Pradesh], RalleyStates [state_id=3, state=Rajasthan]]
21:15:11.425 [http-nio-9091-exec-4] INFO  c.c.i.s.RalleyCandidateDetailsServiceImpl:238 - total slots sum:500and registred students:1
21:15:11.568 [http-nio-9091-exec-10] INFO  c.c.i.s.RalleyCandidateDetailsServiceImpl:377 - <h2>Rally details: </h2><h3>Ralley Conduction in Bhopal</h2><h3>Conducting Dates: 2020-09-18 to 2020-09-18</h3><h4>near bus Stand ,Nehru Ground,Indore 444602</h4><hr>
21:15:11.654 [http-nio-9091-exec-5] INFO  c.c.i.s.RalleyCandidateDetailsServiceImpl:427 - [1]
21:16:53.663 [http-nio-9091-exec-3] INFO  c.c.i.s.RalleyCandidateDetailsServiceImpl:153 - showing all conducting ralley states:[RalleyStates [state_id=1, state=Maharashtra], RalleyStates [state_id=2, state=Madhya Pradesh], RalleyStates [state_id=3, state=Rajasthan]]
21:16:58.176 [http-nio-9091-exec-8] INFO  c.c.i.s.RalleyCandidateDetailsServiceImpl:238 - total slots sum:500and registred students:1
21:16:58.224 [http-nio-9091-exec-4] INFO  c.c.i.s.RalleyCandidateDetailsServiceImpl:377 - <h2>Rally details: </h2><h3>Ralley Conduction in Bhopal</h2><h3>Conducting Dates: 2020-09-18 to 2020-09-18</h3><h4>near bus Stand ,Nehru Ground,Indore 444602</h4><hr>
21:16:58.309 [http-nio-9091-exec-9] INFO  c.c.i.s.RalleyCandidateDetailsServiceImpl:427 - [1]
21:16:58.368 [http-nio-9091-exec-5] INFO  c.c.i.s.RalleyCandidateDetailsServiceImpl:324 - in string1993-06-02
21:16:58.371 [http-nio-9091-exec-5] INFO  c.c.i.s.RalleyCandidateDetailsServiceImpl:324 - in string2000-08-02
21:25:49.433 [http-nio-9091-exec-8] INFO  c.c.i.s.RalleyCandidateDetailsServiceImpl:153 - showing all conducting ralley states:[RalleyStates [state_id=1, state=Maharashtra], RalleyStates [state_id=2, state=Madhya Pradesh], RalleyStates [state_id=3, state=Rajasthan]]
21:25:53.196 [http-nio-9091-exec-5] INFO  c.c.i.s.RalleyCandidateDetailsServiceImpl:238 - total slots sum:500and registred students:1
21:25:53.251 [http-nio-9091-exec-10] INFO  c.c.i.s.RalleyCandidateDetailsServiceImpl:377 - <h2>Rally details: </h2><h3>Ralley Conduction in Bhopal</h2><h3>Conducting Dates: 2020-09-18 to 2020-09-18</h3><h4>near bus Stand ,Nehru Ground,Indore 444602</h4><hr>
21:25:53.322 [http-nio-9091-exec-7] INFO  c.c.i.s.RalleyCandidateDetailsServiceImpl:427 - [1]
21:25:53.375 [http-nio-9091-exec-8] INFO  c.c.i.s.RalleyCandidateDetailsServiceImpl:324 - in string1993-06-02
21:25:53.378 [http-nio-9091-exec-8] INFO  c.c.i.s.RalleyCandidateDetailsServiceImpl:324 - in string2000-08-02
21:26:23.497 [http-nio-9091-exec-1] INFO  c.c.i.s.RalleyCandidateDetailsServiceImpl:153 - showing all conducting ralley states:[RalleyStates [state_id=1, state=Maharashtra], RalleyStates [state_id=2, state=Madhya Pradesh], RalleyStates [state_id=3, state=Rajasthan]]
21:26:28.010 [http-nio-9091-exec-6] INFO  c.c.i.s.RalleyCandidateDetailsServiceImpl:238 - total slots sum:500and registred students:1
21:26:28.066 [http-nio-9091-exec-8] INFO  c.c.i.s.RalleyCandidateDetailsServiceImpl:377 - <h2>Rally details: </h2><h3>Ralley Conduction in Bhopal</h2><h3>Conducting Dates: 2020-09-18 to 2020-09-18</h3><h4>near bus Stand ,Nehru Ground,Indore 444602</h4><hr>
21:26:28.125 [http-nio-9091-exec-5] INFO  c.c.i.s.RalleyCandidateDetailsServiceImpl:427 - [1]
21:26:28.182 [http-nio-9091-exec-1] INFO  c.c.i.s.RalleyCandidateDetailsServiceImpl:324 - in string1993-06-02
21:26:28.185 [http-nio-9091-exec-1] INFO  c.c.i.s.RalleyCandidateDetailsServiceImpl:324 - in string2000-08-02
21:31:25.986 [http-nio-9091-exec-6] INFO  c.c.i.s.RalleyCandidateDetailsServiceImpl:153 - showing all conducting ralley states:[RalleyStates [state_id=1, state=Maharashtra], RalleyStates [state_id=2, state=Madhya Pradesh], RalleyStates [state_id=3, state=Rajasthan]]
21:31:30.401 [http-nio-9091-exec-4] INFO  c.c.i.s.RalleyCandidateDetailsServiceImpl:238 - total slots sum:500and registred students:1
21:31:30.512 [http-nio-9091-exec-10] INFO  c.c.i.s.RalleyCandidateDetailsServiceImpl:377 - <h2>Rally details: </h2><h3>Ralley Conduction in Bhopal</h2><h3>Conducting Dates: 2020-09-18 to 2020-09-18</h3><h4>near bus Stand ,Nehru Ground,Indore 444602</h4><hr>
21:31:30.573 [http-nio-9091-exec-1] INFO  c.c.i.s.RalleyCandidateDetailsServiceImpl:427 - [1]
21:31:30.624 [http-nio-9091-exec-6] INFO  c.c.i.s.RalleyCandidateDetailsServiceImpl:324 - in string1993-06-02
21:31:30.627 [http-nio-9091-exec-6] INFO  c.c.i.s.RalleyCandidateDetailsServiceImpl:324 - in string2000-08-02
21:32:30.330 [http-nio-9091-exec-3] INFO  c.c.i.s.RalleyCandidateDetailsServiceImpl:153 - showing all conducting ralley states:[RalleyStates [state_id=1, state=Maharashtra], RalleyStates [state_id=2, state=Madhya Pradesh], RalleyStates [state_id=3, state=Rajasthan]]
21:32:34.699 [http-nio-9091-exec-5] INFO  c.c.i.s.RalleyCandidateDetailsServiceImpl:238 - total slots sum:500and registred students:1
21:32:34.789 [http-nio-9091-exec-8] INFO  c.c.i.s.RalleyCandidateDetailsServiceImpl:377 - <h2>Rally details: </h2><h3>Ralley Conduction in Bhopal</h2><h3>Conducting Dates: 2020-09-18 to 2020-09-18</h3><h4>near bus Stand ,Nehru Ground,Indore 444602</h4><hr>
21:32:34.860 [http-nio-9091-exec-1] INFO  c.c.i.s.RalleyCandidateDetailsServiceImpl:427 - [1]
21:32:34.910 [http-nio-9091-exec-4] INFO  c.c.i.s.RalleyCandidateDetailsServiceImpl:324 - in string1993-06-02
21:32:34.911 [http-nio-9091-exec-4] INFO  c.c.i.s.RalleyCandidateDetailsServiceImpl:324 - in string2000-08-02
21:34:58.513 [http-nio-9091-exec-5] INFO  c.c.i.s.RalleyCandidateDetailsServiceImpl:153 - showing all conducting ralley states:[RalleyStates [state_id=1, state=Maharashtra], RalleyStates [state_id=2, state=Madhya Pradesh], RalleyStates [state_id=3, state=Rajasthan]]
21:35:01.895 [http-nio-9091-exec-7] INFO  c.c.i.s.RalleyCandidateDetailsServiceImpl:238 - total slots sum:500and registred students:1
21:35:01.955 [http-nio-9091-exec-2] INFO  c.c.i.s.RalleyCandidateDetailsServiceImpl:377 - <h2>Rally details: </h2><h3>Ralley Conduction in Bhopal</h2><h3>Conducting Dates: 2020-09-18 to 2020-09-18</h3><h4>near bus Stand ,Nehru Ground,Indore 444602</h4><hr>
21:35:02.003 [http-nio-9091-exec-6] INFO  c.c.i.s.RalleyCandidateDetailsServiceImpl:427 - [1]
21:35:02.053 [http-nio-9091-exec-8] INFO  c.c.i.s.RalleyCandidateDetailsServiceImpl:324 - in string1993-06-02
21:35:02.056 [http-nio-9091-exec-8] INFO  c.c.i.s.RalleyCandidateDetailsServiceImpl:324 - in string2000-08-02
21:38:23.035 [http-nio-9091-exec-7] INFO  c.c.i.s.RalleyCandidateDetailsServiceImpl:153 - showing all conducting ralley states:[RalleyStates [state_id=1, state=Maharashtra], RalleyStates [state_id=2, state=Madhya Pradesh], RalleyStates [state_id=3, state=Rajasthan]]
21:38:27.356 [http-nio-9091-exec-6] INFO  c.c.i.s.RalleyCandidateDetailsServiceImpl:238 - total slots sum:500and registred students:1
21:38:27.473 [http-nio-9091-exec-1] INFO  c.c.i.s.RalleyCandidateDetailsServiceImpl:377 - <h2>Rally details: </h2><h3>Ralley Conduction in Bhopal</h2><h3>Conducting Dates: 2020-09-18 to 2020-09-18</h3><h4>near bus Stand ,Nehru Ground,Indore 444602</h4><hr>
21:38:27.601 [http-nio-9091-exec-9] INFO  c.c.i.s.RalleyCandidateDetailsServiceImpl:427 - [1]
21:38:27.902 [http-nio-9091-exec-4] INFO  c.c.i.s.RalleyCandidateDetailsServiceImpl:324 - in string1993-06-02
21:38:27.904 [http-nio-9091-exec-4] INFO  c.c.i.s.RalleyCandidateDetailsServiceImpl:324 - in string2000-08-02
23:33:40.452 [http-nio-9091-exec-9] INFO  c.c.i.services.RalleyDetailsService:100 - showing all conducting ralley states:[RalleyStates [state_id=1, state=Maharashtra], RalleyStates [state_id=2, state=Madhya Pradesh], RalleyStates [state_id=3, state=Rajasthan]]
23:33:42.141 [http-nio-9091-exec-9] INFO  c.c.i.s.RalleyCandidateDetailsServiceImpl:166 - showing all conducting ralley cities:[RalleyCities [city_id=4, city=Indore], RalleyCities [city_id=5, city=Bhopal]]
23:34:07.436 [http-nio-9091-exec-1] INFO  c.c.i.s.RalleyCandidateDetailsServiceImpl:153 - showing all conducting ralley states:[RalleyStates [state_id=1, state=Maharashtra], RalleyStates [state_id=2, state=Madhya Pradesh], RalleyStates [state_id=3, state=Rajasthan]]
23:34:12.103 [http-nio-9091-exec-7] INFO  c.c.i.s.RalleyCandidateDetailsServiceImpl:238 - total slots sum:500and registred students:1
23:34:12.175 [http-nio-9091-exec-10] INFO  c.c.i.s.RalleyCandidateDetailsServiceImpl:377 - <h2>Rally details: </h2><h3>Ralley Conduction in Bhopal</h2><h3>Conducting Dates: 2020-09-18 to 2020-09-18</h3><h4>near bus Stand ,Nehru Ground,Indore 444602</h4><hr>
23:34:12.277 [http-nio-9091-exec-5] INFO  c.c.i.s.RalleyCandidateDetailsServiceImpl:427 - [1, 2, 3]
23:34:13.700 [http-nio-9091-exec-6] INFO  c.c.i.s.RalleyCandidateDetailsServiceImpl:324 - in string1993-06-02
23:34:13.701 [http-nio-9091-exec-6] INFO  c.c.i.s.RalleyCandidateDetailsServiceImpl:324 - in string2000-08-02
23:45:55.837 [http-nio-9091-exec-7] INFO  c.c.i.s.RalleyCandidateDetailsServiceImpl:153 - showing all conducting ralley states:[RalleyStates [state_id=1, state=Maharashtra], RalleyStates [state_id=2, state=Madhya Pradesh], RalleyStates [state_id=3, state=Rajasthan]]
23:45:59.386 [http-nio-9091-exec-9] INFO  c.c.i.s.RalleyCandidateDetailsServiceImpl:238 - total slots sum:500and registred students:1
23:45:59.495 [http-nio-9091-exec-2] INFO  c.c.i.s.RalleyCandidateDetailsServiceImpl:377 - <h2>Rally details: </h2><h3>Ralley Conduction in Bhopal</h2><h3>Conducting Dates: 2020-09-18 to 2020-09-18</h3><h4>near bus Stand ,Nehru Ground,Indore 444602</h4><hr>
23:45:59.580 [http-nio-9091-exec-4] INFO  c.c.i.s.RalleyCandidateDetailsServiceImpl:427 - [1, 2, 3]
23:45:59.641 [http-nio-9091-exec-3] INFO  c.c.i.s.RalleyCandidateDetailsServiceImpl:324 - in string1993-06-02
23:45:59.642 [http-nio-9091-exec-3] INFO  c.c.i.s.RalleyCandidateDetailsServiceImpl:324 - in string2000-08-02
23:47:11.689 [http-nio-9091-exec-9] INFO  c.c.i.s.RalleyCandidateDetailsServiceImpl:153 - showing all conducting ralley states:[RalleyStates [state_id=1, state=Maharashtra], RalleyStates [state_id=2, state=Madhya Pradesh], RalleyStates [state_id=3, state=Rajasthan]]
23:47:14.944 [http-nio-9091-exec-2] INFO  c.c.i.s.RalleyCandidateDetailsServiceImpl:238 - total slots sum:500and registred students:1
23:47:14.953 [http-nio-9091-exec-4] INFO  c.c.i.s.RalleyCandidateDetailsServiceImpl:377 - <h2>Rally details: </h2><h3>Ralley Conduction in Bhopal</h2><h3>Conducting Dates: 2020-09-18 to 2020-09-18</h3><h4>near bus Stand ,Nehru Ground,Indore 444602</h4><hr>
23:47:14.963 [http-nio-9091-exec-9] INFO  c.c.i.s.RalleyCandidateDetailsServiceImpl:427 - [1, 2, 3]
23:47:14.974 [http-nio-9091-exec-6] INFO  c.c.i.s.RalleyCandidateDetailsServiceImpl:324 - in string1993-06-02
23:47:14.974 [http-nio-9091-exec-6] INFO  c.c.i.s.RalleyCandidateDetailsServiceImpl:324 - in string2000-08-02
23:49:54.697 [http-nio-9091-exec-4] INFO  c.c.i.s.RalleyCandidateDetailsServiceImpl:153 - showing all conducting ralley states:[RalleyStates [state_id=1, state=Maharashtra], RalleyStates [state_id=2, state=Madhya Pradesh], RalleyStates [state_id=3, state=Rajasthan]]
23:49:59.883 [http-nio-9091-exec-10] INFO  c.c.i.s.RalleyCandidateDetailsServiceImpl:238 - total slots sum:500and registred students:1
23:49:59.897 [http-nio-9091-exec-2] INFO  c.c.i.s.RalleyCandidateDetailsServiceImpl:377 - <h2>Rally details: </h2><h3>Ralley Conduction in Bhopal</h2><h3>Conducting Dates: 2020-09-18 to 2020-09-18</h3><h4>near bus Stand ,Nehru Ground,Indore 444602</h4><hr>
23:49:59.913 [http-nio-9091-exec-4] INFO  c.c.i.s.RalleyCandidateDetailsServiceImpl:427 - [1, 2, 3]
23:49:59.936 [http-nio-9091-exec-3] INFO  c.c.i.s.RalleyCandidateDetailsServiceImpl:324 - in string1993-06-02
23:49:59.936 [http-nio-9091-exec-3] INFO  c.c.i.s.RalleyCandidateDetailsServiceImpl:324 - in string2000-08-02
23:50:28.016 [http-nio-9091-exec-1] INFO  c.c.i.s.RalleyCandidateDetailsServiceImpl:153 - showing all conducting ralley states:[RalleyStates [state_id=1, state=Maharashtra], RalleyStates [state_id=2, state=Madhya Pradesh], RalleyStates [state_id=3, state=Rajasthan]]
23:50:32.714 [http-nio-9091-exec-8] INFO  c.c.i.s.RalleyCandidateDetailsServiceImpl:238 - total slots sum:500and registred students:1
23:50:32.794 [http-nio-9091-exec-4] INFO  c.c.i.s.RalleyCandidateDetailsServiceImpl:377 - <h2>Rally details: </h2><h3>Ralley Conduction in Bhopal</h2><h3>Conducting Dates: 2020-09-18 to 2020-09-18</h3><h4>near bus Stand ,Nehru Ground,Indore 444602</h4><hr>
23:50:32.859 [http-nio-9091-exec-10] INFO  c.c.i.s.RalleyCandidateDetailsServiceImpl:427 - [1, 2, 3]
23:50:32.945 [http-nio-9091-exec-1] INFO  c.c.i.s.RalleyCandidateDetailsServiceImpl:324 - in string1993-06-02
23:50:32.946 [http-nio-9091-exec-1] INFO  c.c.i.s.RalleyCandidateDetailsServiceImpl:324 - in string2000-08-02
23:55:31.361 [http-nio-9091-exec-8] INFO  c.c.i.s.RalleyCandidateDetailsServiceImpl:153 - showing all conducting ralley states:[RalleyStates [state_id=1, state=Maharashtra], RalleyStates [state_id=2, state=Madhya Pradesh], RalleyStates [state_id=3, state=Rajasthan]]
23:55:37.127 [http-nio-9091-exec-10] INFO  c.c.i.s.RalleyCandidateDetailsServiceImpl:238 - total slots sum:500and registred students:1
23:55:37.139 [http-nio-9091-exec-1] INFO  c.c.i.s.RalleyCandidateDetailsServiceImpl:377 - <h2>Rally details: </h2><h3>Ralley Conduction in Bhopal</h2><h3>Conducting Dates: 2020-09-18 to 2020-09-18</h3><h4>near bus Stand ,Nehru Ground,Indore 444602</h4><hr>
23:55:37.151 [http-nio-9091-exec-7] INFO  c.c.i.s.RalleyCandidateDetailsServiceImpl:427 - [1, 2, 3]
23:55:37.162 [http-nio-9091-exec-5] INFO  c.c.i.s.RalleyCandidateDetailsServiceImpl:324 - in string1993-06-02
23:55:37.163 [http-nio-9091-exec-5] INFO  c.c.i.s.RalleyCandidateDetailsServiceImpl:324 - in string2000-08-02
