13:05:32.530 [restartedMain] INFO  c.c.iafralley.IafralleyApplication:55 - Starting IafralleyApplication on DESKTOP-0VP0BSJ with PID 11276 (C:\Users\Ketan\Downloads\New folder\iafralley\iafralley\target\classes started by Ketan in C:\Users\Ketan\Downloads\New folder\iafralley\iafralley)
13:05:32.543 [restartedMain] INFO  c.c.iafralley.IafralleyApplication:655 - The following profiles are active: local
13:05:39.566 [restartedMain] INFO  o.a.catalina.core.StandardService:173 - Starting service [Tomcat]
13:05:39.567 [restartedMain] INFO  o.a.catalina.core.StandardEngine:173 - Starting Servlet engine: [Apache Tomcat/9.0.37]
13:05:39.816 [restartedMain] INFO  o.a.c.c.C.[.[localhost].[/IAFRalley]:173 - Initializing Spring embedded WebApplicationContext
13:05:40.601 [restartedMain] INFO  o.h.jpa.internal.util.LogHelper:31 - HHH000204: Processing PersistenceUnitInfo [name: default]
13:05:40.833 [restartedMain] INFO  org.hibernate.Version:44 - HHH000412: Hibernate ORM core version 5.4.18.Final
13:05:41.322 [restartedMain] INFO  o.h.annotations.common.Version:49 - HCANN000001: Hibernate Commons Annotations {5.1.0.Final}
13:05:42.833 [restartedMain] INFO  org.hibernate.dialect.Dialect:172 - HHH000400: Using dialect: org.hibernate.dialect.PostgreSQLDialect
13:05:45.854 [restartedMain] INFO  o.h.e.t.j.p.i.JtaPlatformInitiator:52 - HHH000490: Using JtaPlatform implementation: [org.hibernate.engine.transaction.jta.platform.internal.NoJtaPlatform]
13:05:49.648 [restartedMain] INFO  c.c.iafralley.IafralleyApplication:61 - Started IafralleyApplication in 19.337 seconds (JVM running for 22.433)
13:12:09.942 [http-nio-9091-exec-2] INFO  o.a.c.c.C.[.[localhost].[/IAFRalley]:173 - Initializing Spring DispatcherServlet 'dispatcherServlet'
13:14:14.511 [restartedMain] INFO  c.c.iafralley.IafralleyApplication:55 - Starting IafralleyApplication on DESKTOP-0VP0BSJ with PID 11276 (C:\Users\Ketan\Downloads\New folder\iafralley\iafralley\target\classes started by Ketan in C:\Users\Ketan\Downloads\New folder\iafralley\iafralley)
13:14:14.512 [restartedMain] INFO  c.c.iafralley.IafralleyApplication:655 - The following profiles are active: local
13:14:15.003 [restartedMain] INFO  o.a.catalina.core.StandardService:173 - Starting service [Tomcat]
13:14:15.003 [restartedMain] INFO  o.a.catalina.core.StandardEngine:173 - Starting Servlet engine: [Apache Tomcat/9.0.37]
13:14:15.084 [restartedMain] INFO  o.a.c.c.C.[.[localhost].[/IAFRalley]:173 - Initializing Spring embedded WebApplicationContext
13:14:15.147 [restartedMain] INFO  o.h.jpa.internal.util.LogHelper:31 - HHH000204: Processing PersistenceUnitInfo [name: default]
13:14:15.928 [restartedMain] INFO  org.hibernate.dialect.Dialect:172 - HHH000400: Using dialect: org.hibernate.dialect.PostgreSQLDialect
13:14:16.110 [restartedMain] INFO  o.h.e.t.j.p.i.JtaPlatformInitiator:52 - HHH000490: Using JtaPlatform implementation: [org.hibernate.engine.transaction.jta.platform.internal.NoJtaPlatform]
13:14:16.432 [restartedMain] INFO  c.c.iafralley.IafralleyApplication:61 - Started IafralleyApplication in 1.96 seconds (JVM running for 529.216)
13:14:21.583 [restartedMain] INFO  c.c.iafralley.IafralleyApplication:55 - Starting IafralleyApplication on DESKTOP-0VP0BSJ with PID 11276 (C:\Users\Ketan\Downloads\New folder\iafralley\iafralley\target\classes started by Ketan in C:\Users\Ketan\Downloads\New folder\iafralley\iafralley)
13:14:21.584 [restartedMain] INFO  c.c.iafralley.IafralleyApplication:655 - The following profiles are active: local
13:14:21.947 [restartedMain] INFO  o.a.catalina.core.StandardService:173 - Starting service [Tomcat]
13:14:21.947 [restartedMain] INFO  o.a.catalina.core.StandardEngine:173 - Starting Servlet engine: [Apache Tomcat/9.0.37]
13:14:22.060 [restartedMain] INFO  o.a.c.c.C.[.[localhost].[/IAFRalley]:173 - Initializing Spring embedded WebApplicationContext
13:14:22.113 [restartedMain] INFO  o.h.jpa.internal.util.LogHelper:31 - HHH000204: Processing PersistenceUnitInfo [name: default]
13:14:22.405 [restartedMain] INFO  org.hibernate.dialect.Dialect:172 - HHH000400: Using dialect: org.hibernate.dialect.PostgreSQLDialect
13:14:22.568 [restartedMain] INFO  o.h.e.t.j.p.i.JtaPlatformInitiator:52 - HHH000490: Using JtaPlatform implementation: [org.hibernate.engine.transaction.jta.platform.internal.NoJtaPlatform]
13:14:22.863 [restartedMain] INFO  c.c.iafralley.IafralleyApplication:61 - Started IafralleyApplication in 1.325 seconds (JVM running for 535.647)
13:14:25.558 [http-nio-9091-exec-1] INFO  o.a.c.c.C.[.[localhost].[/IAFRalley]:173 - Initializing Spring DispatcherServlet 'dispatcherServlet'
13:28:31.219 [restartedMain] INFO  c.c.iafralley.IafralleyApplication:55 - Starting IafralleyApplication on DESKTOP-0VP0BSJ with PID 11276 (C:\Users\Ketan\Downloads\New folder\iafralley\iafralley\target\classes started by Ketan in C:\Users\Ketan\Downloads\New folder\iafralley\iafralley)
13:28:31.219 [restartedMain] INFO  c.c.iafralley.IafralleyApplication:655 - The following profiles are active: local
13:28:32.311 [restartedMain] INFO  o.a.catalina.core.StandardService:173 - Starting service [Tomcat]
13:28:32.311 [restartedMain] INFO  o.a.catalina.core.StandardEngine:173 - Starting Servlet engine: [Apache Tomcat/9.0.37]
13:28:32.392 [restartedMain] INFO  o.a.c.c.C.[.[localhost].[/IAFRalley]:173 - Initializing Spring embedded WebApplicationContext
13:28:32.468 [restartedMain] INFO  o.h.jpa.internal.util.LogHelper:31 - HHH000204: Processing PersistenceUnitInfo [name: default]
13:28:32.997 [restartedMain] INFO  org.hibernate.dialect.Dialect:172 - HHH000400: Using dialect: org.hibernate.dialect.PostgreSQLDialect
13:28:33.707 [restartedMain] INFO  o.h.e.t.j.p.i.JtaPlatformInitiator:52 - HHH000490: Using JtaPlatform implementation: [org.hibernate.engine.transaction.jta.platform.internal.NoJtaPlatform]
13:28:34.032 [restartedMain] INFO  c.c.iafralley.IafralleyApplication:61 - Started IafralleyApplication in 2.936 seconds (JVM running for 1386.815)
13:28:36.083 [restartedMain] INFO  c.c.iafralley.IafralleyApplication:55 - Starting IafralleyApplication on DESKTOP-0VP0BSJ with PID 11276 (C:\Users\Ketan\Downloads\New folder\iafralley\iafralley\target\classes started by Ketan in C:\Users\Ketan\Downloads\New folder\iafralley\iafralley)
13:28:36.084 [restartedMain] INFO  c.c.iafralley.IafralleyApplication:655 - The following profiles are active: local
13:28:36.634 [restartedMain] INFO  o.a.catalina.core.StandardService:173 - Starting service [Tomcat]
13:28:36.635 [restartedMain] INFO  o.a.catalina.core.StandardEngine:173 - Starting Servlet engine: [Apache Tomcat/9.0.37]
13:28:36.662 [restartedMain] INFO  o.a.c.c.C.[.[localhost].[/IAFRalley]:173 - Initializing Spring embedded WebApplicationContext
13:28:36.776 [restartedMain] INFO  o.h.jpa.internal.util.LogHelper:31 - HHH000204: Processing PersistenceUnitInfo [name: default]
13:28:37.922 [restartedMain] INFO  org.hibernate.dialect.Dialect:172 - HHH000400: Using dialect: org.hibernate.dialect.PostgreSQLDialect
13:28:38.331 [restartedMain] INFO  o.h.e.t.j.p.i.JtaPlatformInitiator:52 - HHH000490: Using JtaPlatform implementation: [org.hibernate.engine.transaction.jta.platform.internal.NoJtaPlatform]
13:28:38.932 [restartedMain] INFO  c.c.iafralley.IafralleyApplication:61 - Started IafralleyApplication in 2.881 seconds (JVM running for 1391.716)
13:29:05.787 [restartedMain] INFO  c.c.iafralley.IafralleyApplication:55 - Starting IafralleyApplication on DESKTOP-0VP0BSJ with PID 11276 (C:\Users\Ketan\Downloads\New folder\iafralley\iafralley\target\classes started by Ketan in C:\Users\Ketan\Downloads\New folder\iafralley\iafralley)
13:29:05.787 [restartedMain] INFO  c.c.iafralley.IafralleyApplication:655 - The following profiles are active: local
13:29:06.125 [restartedMain] INFO  o.a.catalina.core.StandardService:173 - Starting service [Tomcat]
13:29:06.125 [restartedMain] INFO  o.a.catalina.core.StandardEngine:173 - Starting Servlet engine: [Apache Tomcat/9.0.37]
13:29:06.136 [restartedMain] INFO  o.a.c.c.C.[.[localhost].[/IAFRalley]:173 - Initializing Spring embedded WebApplicationContext
13:29:06.199 [restartedMain] INFO  o.h.jpa.internal.util.LogHelper:31 - HHH000204: Processing PersistenceUnitInfo [name: default]
13:29:06.520 [restartedMain] INFO  org.hibernate.dialect.Dialect:172 - HHH000400: Using dialect: org.hibernate.dialect.PostgreSQLDialect
13:29:06.684 [restartedMain] INFO  o.h.e.t.j.p.i.JtaPlatformInitiator:52 - HHH000490: Using JtaPlatform implementation: [org.hibernate.engine.transaction.jta.platform.internal.NoJtaPlatform]
13:29:06.992 [restartedMain] INFO  c.c.iafralley.IafralleyApplication:61 - Started IafralleyApplication in 1.235 seconds (JVM running for 1419.776)
13:31:37.582 [restartedMain] INFO  c.c.iafralley.IafralleyApplication:55 - Starting IafralleyApplication on DESKTOP-0VP0BSJ with PID 11276 (C:\Users\Ketan\Downloads\New folder\iafralley\iafralley\target\classes started by Ketan in C:\Users\Ketan\Downloads\New folder\iafralley\iafralley)
13:31:37.583 [restartedMain] INFO  c.c.iafralley.IafralleyApplication:655 - The following profiles are active: local
13:31:37.961 [restartedMain] INFO  o.a.catalina.core.StandardService:173 - Starting service [Tomcat]
13:31:37.961 [restartedMain] INFO  o.a.catalina.core.StandardEngine:173 - Starting Servlet engine: [Apache Tomcat/9.0.37]
13:31:37.973 [restartedMain] INFO  o.a.c.c.C.[.[localhost].[/IAFRalley]:173 - Initializing Spring embedded WebApplicationContext
13:31:38.030 [restartedMain] INFO  o.h.jpa.internal.util.LogHelper:31 - HHH000204: Processing PersistenceUnitInfo [name: default]
13:31:38.605 [restartedMain] INFO  org.hibernate.dialect.Dialect:172 - HHH000400: Using dialect: org.hibernate.dialect.PostgreSQLDialect
13:31:39.115 [restartedMain] INFO  o.h.e.t.j.p.i.JtaPlatformInitiator:52 - HHH000490: Using JtaPlatform implementation: [org.hibernate.engine.transaction.jta.platform.internal.NoJtaPlatform]
13:31:40.400 [restartedMain] INFO  c.c.iafralley.IafralleyApplication:61 - Started IafralleyApplication in 2.852 seconds (JVM running for 1573.183)
13:32:46.823 [restartedMain] INFO  c.c.iafralley.IafralleyApplication:55 - Starting IafralleyApplication on DESKTOP-0VP0BSJ with PID 11276 (C:\Users\Ketan\Downloads\New folder\iafralley\iafralley\target\classes started by Ketan in C:\Users\Ketan\Downloads\New folder\iafralley\iafralley)
13:32:46.823 [restartedMain] INFO  c.c.iafralley.IafralleyApplication:655 - The following profiles are active: local
13:32:47.173 [restartedMain] INFO  o.a.catalina.core.StandardService:173 - Starting service [Tomcat]
13:32:47.173 [restartedMain] INFO  o.a.catalina.core.StandardEngine:173 - Starting Servlet engine: [Apache Tomcat/9.0.37]
13:32:47.185 [restartedMain] INFO  o.a.c.c.C.[.[localhost].[/IAFRalley]:173 - Initializing Spring embedded WebApplicationContext
13:32:47.243 [restartedMain] INFO  o.h.jpa.internal.util.LogHelper:31 - HHH000204: Processing PersistenceUnitInfo [name: default]
13:32:47.742 [restartedMain] INFO  org.hibernate.dialect.Dialect:172 - HHH000400: Using dialect: org.hibernate.dialect.PostgreSQLDialect
13:32:47.890 [restartedMain] INFO  o.h.e.t.j.p.i.JtaPlatformInitiator:52 - HHH000490: Using JtaPlatform implementation: [org.hibernate.engine.transaction.jta.platform.internal.NoJtaPlatform]
13:32:48.181 [restartedMain] INFO  c.c.iafralley.IafralleyApplication:61 - Started IafralleyApplication in 1.387 seconds (JVM running for 1640.964)
13:45:36.135 [restartedMain] INFO  c.c.iafralley.IafralleyApplication:55 - Starting IafralleyApplication on DESKTOP-0VP0BSJ with PID 11276 (C:\Users\Ketan\Downloads\New folder\iafralley\iafralley\target\classes started by Ketan in C:\Users\Ketan\Downloads\New folder\iafralley\iafralley)
13:45:36.135 [restartedMain] INFO  c.c.iafralley.IafralleyApplication:655 - The following profiles are active: local
13:45:36.463 [restartedMain] INFO  o.a.catalina.core.StandardService:173 - Starting service [Tomcat]
13:45:36.464 [restartedMain] INFO  o.a.catalina.core.StandardEngine:173 - Starting Servlet engine: [Apache Tomcat/9.0.37]
13:45:36.475 [restartedMain] INFO  o.a.c.c.C.[.[localhost].[/IAFRalley]:173 - Initializing Spring embedded WebApplicationContext
13:45:36.525 [restartedMain] INFO  o.h.jpa.internal.util.LogHelper:31 - HHH000204: Processing PersistenceUnitInfo [name: default]
13:45:37.110 [restartedMain] INFO  org.hibernate.dialect.Dialect:172 - HHH000400: Using dialect: org.hibernate.dialect.PostgreSQLDialect
13:45:37.257 [restartedMain] INFO  o.h.e.t.j.p.i.JtaPlatformInitiator:52 - HHH000490: Using JtaPlatform implementation: [org.hibernate.engine.transaction.jta.platform.internal.NoJtaPlatform]
13:45:37.404 [restartedMain] INFO  o.a.catalina.core.StandardService:173 - Stopping service [Tomcat]
13:47:15.959 [restartedMain] INFO  c.c.iafralley.IafralleyApplication:55 - Starting IafralleyApplication on DESKTOP-0VP0BSJ with PID 11276 (C:\Users\Ketan\Downloads\New folder\iafralley\iafralley\target\classes started by Ketan in C:\Users\Ketan\Downloads\New folder\iafralley\iafralley)
13:47:15.959 [restartedMain] INFO  c.c.iafralley.IafralleyApplication:655 - The following profiles are active: local
13:47:16.553 [restartedMain] INFO  o.a.catalina.core.StandardService:173 - Starting service [Tomcat]
13:47:16.554 [restartedMain] INFO  o.a.catalina.core.StandardEngine:173 - Starting Servlet engine: [Apache Tomcat/9.0.37]
13:47:16.565 [restartedMain] INFO  o.a.c.c.C.[.[localhost].[/IAFRalley]:173 - Initializing Spring embedded WebApplicationContext
13:47:16.615 [restartedMain] INFO  o.h.jpa.internal.util.LogHelper:31 - HHH000204: Processing PersistenceUnitInfo [name: default]
13:47:17.249 [restartedMain] INFO  org.hibernate.dialect.Dialect:172 - HHH000400: Using dialect: org.hibernate.dialect.PostgreSQLDialect
13:47:17.395 [restartedMain] INFO  o.h.e.t.j.p.i.JtaPlatformInitiator:52 - HHH000490: Using JtaPlatform implementation: [org.hibernate.engine.transaction.jta.platform.internal.NoJtaPlatform]
13:47:17.476 [restartedMain] INFO  o.a.catalina.core.StandardService:173 - Stopping service [Tomcat]
13:48:37.383 [restartedMain] INFO  c.c.iafralley.IafralleyApplication:55 - Starting IafralleyApplication on DESKTOP-0VP0BSJ with PID 11276 (C:\Users\Ketan\Downloads\New folder\iafralley\iafralley\target\classes started by Ketan in C:\Users\Ketan\Downloads\New folder\iafralley\iafralley)
13:48:37.383 [restartedMain] INFO  c.c.iafralley.IafralleyApplication:655 - The following profiles are active: local
13:48:37.733 [restartedMain] INFO  o.a.catalina.core.StandardService:173 - Starting service [Tomcat]
13:48:37.733 [restartedMain] INFO  o.a.catalina.core.StandardEngine:173 - Starting Servlet engine: [Apache Tomcat/9.0.37]
13:48:37.744 [restartedMain] INFO  o.a.c.c.C.[.[localhost].[/IAFRalley]:173 - Initializing Spring embedded WebApplicationContext
13:48:37.792 [restartedMain] INFO  o.h.jpa.internal.util.LogHelper:31 - HHH000204: Processing PersistenceUnitInfo [name: default]
13:48:38.118 [restartedMain] INFO  org.hibernate.dialect.Dialect:172 - HHH000400: Using dialect: org.hibernate.dialect.PostgreSQLDialect
13:48:38.256 [restartedMain] INFO  o.h.e.t.j.p.i.JtaPlatformInitiator:52 - HHH000490: Using JtaPlatform implementation: [org.hibernate.engine.transaction.jta.platform.internal.NoJtaPlatform]
13:48:38.338 [restartedMain] INFO  o.a.catalina.core.StandardService:173 - Stopping service [Tomcat]
13:49:10.979 [restartedMain] INFO  c.c.iafralley.IafralleyApplication:55 - Starting IafralleyApplication on DESKTOP-0VP0BSJ with PID 11276 (C:\Users\Ketan\Downloads\New folder\iafralley\iafralley\target\classes started by Ketan in C:\Users\Ketan\Downloads\New folder\iafralley\iafralley)
13:49:10.979 [restartedMain] INFO  c.c.iafralley.IafralleyApplication:655 - The following profiles are active: local
13:49:11.758 [restartedMain] INFO  o.a.catalina.core.StandardService:173 - Starting service [Tomcat]
13:49:11.758 [restartedMain] INFO  o.a.catalina.core.StandardEngine:173 - Starting Servlet engine: [Apache Tomcat/9.0.37]
13:49:11.769 [restartedMain] INFO  o.a.c.c.C.[.[localhost].[/IAFRalley]:173 - Initializing Spring embedded WebApplicationContext
13:49:11.817 [restartedMain] INFO  o.h.jpa.internal.util.LogHelper:31 - HHH000204: Processing PersistenceUnitInfo [name: default]
13:49:12.343 [restartedMain] INFO  org.hibernate.dialect.Dialect:172 - HHH000400: Using dialect: org.hibernate.dialect.PostgreSQLDialect
13:49:12.481 [restartedMain] INFO  o.h.e.t.j.p.i.JtaPlatformInitiator:52 - HHH000490: Using JtaPlatform implementation: [org.hibernate.engine.transaction.jta.platform.internal.NoJtaPlatform]
13:49:12.758 [restartedMain] INFO  o.a.catalina.core.StandardService:173 - Stopping service [Tomcat]
13:49:30.945 [restartedMain] INFO  c.c.iafralley.IafralleyApplication:55 - Starting IafralleyApplication on DESKTOP-0VP0BSJ with PID 11276 (C:\Users\Ketan\Downloads\New folder\iafralley\iafralley\target\classes started by Ketan in C:\Users\Ketan\Downloads\New folder\iafralley\iafralley)
13:49:30.946 [restartedMain] INFO  c.c.iafralley.IafralleyApplication:655 - The following profiles are active: local
13:49:31.315 [restartedMain] INFO  o.a.catalina.core.StandardService:173 - Starting service [Tomcat]
13:49:31.315 [restartedMain] INFO  o.a.catalina.core.StandardEngine:173 - Starting Servlet engine: [Apache Tomcat/9.0.37]
13:49:31.327 [restartedMain] INFO  o.a.c.c.C.[.[localhost].[/IAFRalley]:173 - Initializing Spring embedded WebApplicationContext
13:49:31.393 [restartedMain] INFO  o.h.jpa.internal.util.LogHelper:31 - HHH000204: Processing PersistenceUnitInfo [name: default]
13:49:32.084 [restartedMain] INFO  org.hibernate.dialect.Dialect:172 - HHH000400: Using dialect: org.hibernate.dialect.PostgreSQLDialect
13:49:32.229 [restartedMain] INFO  o.h.e.t.j.p.i.JtaPlatformInitiator:52 - HHH000490: Using JtaPlatform implementation: [org.hibernate.engine.transaction.jta.platform.internal.NoJtaPlatform]
13:49:32.308 [restartedMain] INFO  o.a.catalina.core.StandardService:173 - Stopping service [Tomcat]
13:50:24.902 [restartedMain] INFO  c.c.iafralley.IafralleyApplication:55 - Starting IafralleyApplication on DESKTOP-0VP0BSJ with PID 11276 (C:\Users\Ketan\Downloads\New folder\iafralley\iafralley\target\classes started by Ketan in C:\Users\Ketan\Downloads\New folder\iafralley\iafralley)
13:50:24.902 [restartedMain] INFO  c.c.iafralley.IafralleyApplication:655 - The following profiles are active: local
13:50:25.477 [restartedMain] INFO  o.a.catalina.core.StandardService:173 - Starting service [Tomcat]
13:50:25.477 [restartedMain] INFO  o.a.catalina.core.StandardEngine:173 - Starting Servlet engine: [Apache Tomcat/9.0.37]
13:50:25.489 [restartedMain] INFO  o.a.c.c.C.[.[localhost].[/IAFRalley]:173 - Initializing Spring embedded WebApplicationContext
13:50:25.543 [restartedMain] INFO  o.h.jpa.internal.util.LogHelper:31 - HHH000204: Processing PersistenceUnitInfo [name: default]
13:50:26.008 [restartedMain] INFO  org.hibernate.dialect.Dialect:172 - HHH000400: Using dialect: org.hibernate.dialect.PostgreSQLDialect
13:50:26.144 [restartedMain] INFO  o.h.e.t.j.p.i.JtaPlatformInitiator:52 - HHH000490: Using JtaPlatform implementation: [org.hibernate.engine.transaction.jta.platform.internal.NoJtaPlatform]
13:50:26.336 [restartedMain] INFO  o.a.catalina.core.StandardService:173 - Stopping service [Tomcat]
13:50:44.576 [restartedMain] INFO  c.c.iafralley.IafralleyApplication:55 - Starting IafralleyApplication on DESKTOP-0VP0BSJ with PID 11276 (C:\Users\Ketan\Downloads\New folder\iafralley\iafralley\target\classes started by Ketan in C:\Users\Ketan\Downloads\New folder\iafralley\iafralley)
13:50:44.577 [restartedMain] INFO  c.c.iafralley.IafralleyApplication:655 - The following profiles are active: local
13:50:44.887 [restartedMain] INFO  o.a.catalina.core.StandardService:173 - Starting service [Tomcat]
13:50:44.887 [restartedMain] INFO  o.a.catalina.core.StandardEngine:173 - Starting Servlet engine: [Apache Tomcat/9.0.37]
13:50:44.898 [restartedMain] INFO  o.a.c.c.C.[.[localhost].[/IAFRalley]:173 - Initializing Spring embedded WebApplicationContext
13:50:44.946 [restartedMain] INFO  o.h.jpa.internal.util.LogHelper:31 - HHH000204: Processing PersistenceUnitInfo [name: default]
13:50:45.262 [restartedMain] INFO  org.hibernate.dialect.Dialect:172 - HHH000400: Using dialect: org.hibernate.dialect.PostgreSQLDialect
13:50:45.399 [restartedMain] INFO  o.h.e.t.j.p.i.JtaPlatformInitiator:52 - HHH000490: Using JtaPlatform implementation: [org.hibernate.engine.transaction.jta.platform.internal.NoJtaPlatform]
13:50:45.676 [restartedMain] INFO  c.c.iafralley.IafralleyApplication:61 - Started IafralleyApplication in 1.127 seconds (JVM running for 2718.458)
13:52:45.691 [restartedMain] INFO  c.c.iafralley.IafralleyApplication:55 - Starting IafralleyApplication on DESKTOP-0VP0BSJ with PID 11276 (C:\Users\Ketan\Downloads\New folder\iafralley\iafralley\target\classes started by Ketan in C:\Users\Ketan\Downloads\New folder\iafralley\iafralley)
13:52:45.691 [restartedMain] INFO  c.c.iafralley.IafralleyApplication:655 - The following profiles are active: local
13:52:46.017 [restartedMain] INFO  o.a.catalina.core.StandardService:173 - Starting service [Tomcat]
13:52:46.017 [restartedMain] INFO  o.a.catalina.core.StandardEngine:173 - Starting Servlet engine: [Apache Tomcat/9.0.37]
13:52:46.030 [restartedMain] INFO  o.a.c.c.C.[.[localhost].[/IAFRalley]:173 - Initializing Spring embedded WebApplicationContext
13:52:46.079 [restartedMain] INFO  o.h.jpa.internal.util.LogHelper:31 - HHH000204: Processing PersistenceUnitInfo [name: default]
13:52:46.685 [restartedMain] INFO  org.hibernate.dialect.Dialect:172 - HHH000400: Using dialect: org.hibernate.dialect.PostgreSQLDialect
13:52:46.837 [restartedMain] INFO  o.h.e.t.j.p.i.JtaPlatformInitiator:52 - HHH000490: Using JtaPlatform implementation: [org.hibernate.engine.transaction.jta.platform.internal.NoJtaPlatform]
13:52:47.170 [restartedMain] INFO  c.c.iafralley.IafralleyApplication:61 - Started IafralleyApplication in 1.513 seconds (JVM running for 2839.952)
13:53:57.953 [restartedMain] INFO  c.c.iafralley.IafralleyApplication:55 - Starting IafralleyApplication on DESKTOP-0VP0BSJ with PID 11276 (C:\Users\Ketan\Downloads\New folder\iafralley\iafralley\target\classes started by Ketan in C:\Users\Ketan\Downloads\New folder\iafralley\iafralley)
13:53:57.953 [restartedMain] INFO  c.c.iafralley.IafralleyApplication:655 - The following profiles are active: local
13:53:58.434 [restartedMain] INFO  o.a.catalina.core.StandardService:173 - Starting service [Tomcat]
13:53:58.434 [restartedMain] INFO  o.a.catalina.core.StandardEngine:173 - Starting Servlet engine: [Apache Tomcat/9.0.37]
13:53:58.721 [restartedMain] INFO  o.a.c.c.C.[.[localhost].[/IAFRalley]:173 - Initializing Spring embedded WebApplicationContext
13:53:58.784 [restartedMain] INFO  o.h.jpa.internal.util.LogHelper:31 - HHH000204: Processing PersistenceUnitInfo [name: default]
13:53:59.186 [restartedMain] INFO  org.hibernate.dialect.Dialect:172 - HHH000400: Using dialect: org.hibernate.dialect.PostgreSQLDialect
13:53:59.325 [restartedMain] INFO  o.h.e.t.j.p.i.JtaPlatformInitiator:52 - HHH000490: Using JtaPlatform implementation: [org.hibernate.engine.transaction.jta.platform.internal.NoJtaPlatform]
13:53:59.632 [restartedMain] INFO  c.c.iafralley.IafralleyApplication:61 - Started IafralleyApplication in 1.709 seconds (JVM running for 2912.414)
13:54:33.832 [http-nio-9091-exec-1] INFO  o.a.c.c.C.[.[localhost].[/IAFRalley]:173 - Initializing Spring DispatcherServlet 'dispatcherServlet'
13:59:21.790 [http-nio-9091-exec-1] INFO  c.c.i.a.a.PointCutLogTraceImplServiceLayer:19 - Exception in class:com.cdac.iafralley.services.RalleyDetailsService ::method:findDistinctCity_id: with cause:Failed to convert from type [java.util.ArrayList<?>] to type [@org.springframework.data.jpa.repository.Query java.util.List<com.cdac.iafralley.entity.RalleyDetails>] for value '[1]'; nested exception is org.springframework.core.convert.ConverterNotFoundException: No converter found capable of converting from type [java.lang.Long] to type [@org.springframework.data.jpa.repository.Query com.cdac.iafralley.entity.RalleyDetails]
13:59:21.802 [http-nio-9091-exec-1] INFO  c.c.i.e.GlobalExceptionHandler:46 - inside
14:02:32.850 [http-nio-9091-exec-6] INFO  c.c.i.a.a.PointCutLogTraceImplServiceLayer:19 - Exception in class:com.cdac.iafralley.services.RalleyDetailsService ::method:findDistinctCity_id: with cause:Failed to convert from type [java.util.ArrayList<?>] to type [@org.springframework.data.jpa.repository.Query java.util.List<com.cdac.iafralley.entity.RalleyDetails>] for value '[1]'; nested exception is org.springframework.core.convert.ConverterNotFoundException: No converter found capable of converting from type [java.lang.Long] to type [@org.springframework.data.jpa.repository.Query com.cdac.iafralley.entity.RalleyDetails]
14:02:32.851 [http-nio-9091-exec-6] INFO  c.c.i.e.GlobalExceptionHandler:46 - inside
14:02:42.656 [http-nio-9091-exec-9] INFO  c.c.i.a.a.PointCutLogTraceImplServiceLayer:19 - Exception in class:com.cdac.iafralley.services.RalleyDetailsService ::method:findDistinctCity_id: with cause:Failed to convert from type [java.util.ArrayList<?>] to type [@org.springframework.data.jpa.repository.Query java.util.List<com.cdac.iafralley.entity.RalleyDetails>] for value '[1]'; nested exception is org.springframework.core.convert.ConverterNotFoundException: No converter found capable of converting from type [java.lang.Long] to type [@org.springframework.data.jpa.repository.Query com.cdac.iafralley.entity.RalleyDetails]
14:02:42.656 [http-nio-9091-exec-9] INFO  c.c.i.e.GlobalExceptionHandler:46 - inside
14:08:47.963 [restartedMain] INFO  c.c.iafralley.IafralleyApplication:55 - Starting IafralleyApplication on DESKTOP-0VP0BSJ with PID 11276 (C:\Users\Ketan\Downloads\New folder\iafralley\iafralley\target\classes started by Ketan in C:\Users\Ketan\Downloads\New folder\iafralley\iafralley)
14:08:47.964 [restartedMain] INFO  c.c.iafralley.IafralleyApplication:655 - The following profiles are active: local
14:08:50.686 [restartedMain] INFO  o.a.catalina.core.StandardService:173 - Starting service [Tomcat]
14:08:50.686 [restartedMain] INFO  o.a.catalina.core.StandardEngine:173 - Starting Servlet engine: [Apache Tomcat/9.0.37]
14:08:50.697 [restartedMain] INFO  o.a.c.c.C.[.[localhost].[/IAFRalley]:173 - Initializing Spring embedded WebApplicationContext
14:08:50.791 [restartedMain] INFO  o.h.jpa.internal.util.LogHelper:31 - HHH000204: Processing PersistenceUnitInfo [name: default]
14:08:51.485 [restartedMain] INFO  org.hibernate.dialect.Dialect:172 - HHH000400: Using dialect: org.hibernate.dialect.PostgreSQLDialect
14:08:52.086 [restartedMain] INFO  o.h.e.t.j.p.i.JtaPlatformInitiator:52 - HHH000490: Using JtaPlatform implementation: [org.hibernate.engine.transaction.jta.platform.internal.NoJtaPlatform]
14:08:52.246 [restartedMain] ERROR o.h.hql.internal.ast.ErrorTracker:62 - line 1:17: unexpected token: on
14:08:52.246 [restartedMain] ERROR o.h.hql.internal.ast.ErrorTracker:57 - line 1:17: unexpected token: on
antlr.NoViableAltException: unexpected token: on
	at org.hibernate.hql.internal.antlr.HqlBaseParser.selectClause(HqlBaseParser.java:1323)
	at org.hibernate.hql.internal.antlr.HqlBaseParser.selectFrom(HqlBaseParser.java:1045)
	at org.hibernate.hql.internal.antlr.HqlBaseParser.queryRule(HqlBaseParser.java:748)
	at org.hibernate.hql.internal.antlr.HqlBaseParser.selectStatement(HqlBaseParser.java:319)
	at org.hibernate.hql.internal.antlr.HqlBaseParser.statement(HqlBaseParser.java:198)
	at org.hibernate.hql.internal.ast.QueryTranslatorImpl.parse(QueryTranslatorImpl.java:294)
	at org.hibernate.hql.internal.ast.QueryTranslatorImpl.doCompile(QueryTranslatorImpl.java:189)
	at org.hibernate.hql.internal.ast.QueryTranslatorImpl.compile(QueryTranslatorImpl.java:144)
	at org.hibernate.engine.query.spi.HQLQueryPlan.<init>(HQLQueryPlan.java:113)
	at org.hibernate.engine.query.spi.HQLQueryPlan.<init>(HQLQueryPlan.java:73)
	at org.hibernate.engine.query.spi.QueryPlanCache.getHQLQueryPlan(QueryPlanCache.java:162)
	at org.hibernate.internal.AbstractSharedSessionContract.getQueryPlan(AbstractSharedSessionContract.java:604)
	at org.hibernate.internal.AbstractSharedSessionContract.createQuery(AbstractSharedSessionContract.java:716)
	at org.hibernate.internal.AbstractSessionImpl.createQuery(AbstractSessionImpl.java:23)
	at sun.reflect.GeneratedMethodAccessor130.invoke(Unknown Source)
	at sun.reflect.DelegatingMethodAccessorImpl.invoke(DelegatingMethodAccessorImpl.java:43)
	at java.lang.reflect.Method.invoke(Method.java:498)
	at org.springframework.orm.jpa.ExtendedEntityManagerCreator$ExtendedEntityManagerInvocationHandler.invoke(ExtendedEntityManagerCreator.java:366)
	at com.sun.proxy.$Proxy270.createQuery(Unknown Source)
	at org.springframework.data.jpa.repository.query.SimpleJpaQuery.validateQuery(SimpleJpaQuery.java:87)
	at org.springframework.data.jpa.repository.query.SimpleJpaQuery.<init>(SimpleJpaQuery.java:63)
	at org.springframework.data.jpa.repository.query.JpaQueryFactory.fromMethodWithQueryString(JpaQueryFactory.java:76)
	at org.springframework.data.jpa.repository.query.JpaQueryFactory.fromQueryAnnotation(JpaQueryFactory.java:56)
	at org.springframework.data.jpa.repository.query.JpaQueryLookupStrategy$DeclaredQueryLookupStrategy.resolveQuery(JpaQueryLookupStrategy.java:146)
	at org.springframework.data.jpa.repository.query.JpaQueryLookupStrategy$CreateIfNotFoundQueryLookupStrategy.resolveQuery(JpaQueryLookupStrategy.java:216)
	at org.springframework.data.jpa.repository.query.JpaQueryLookupStrategy$AbstractQueryLookupStrategy.resolveQuery(JpaQueryLookupStrategy.java:81)
	at org.springframework.data.repository.core.support.QueryExecutorMethodInterceptor.lookupQuery(QueryExecutorMethodInterceptor.java:99)
	at org.springframework.data.repository.core.support.QueryExecutorMethodInterceptor.lambda$mapMethodsToQuery$1(QueryExecutorMethodInterceptor.java:92)
	at java.util.stream.ReferencePipeline$3$1.accept(ReferencePipeline.java:193)
	at java.util.Iterator.forEachRemaining(Iterator.java:116)
	at java.util.Collections$UnmodifiableCollection$1.forEachRemaining(Collections.java:1049)
	at java.util.Spliterators$IteratorSpliterator.forEachRemaining(Spliterators.java:1801)
	at java.util.stream.AbstractPipeline.copyInto(AbstractPipeline.java:481)
	at java.util.stream.AbstractPipeline.wrapAndCopyInto(AbstractPipeline.java:471)
	at java.util.stream.ReduceOps$ReduceOp.evaluateSequential(ReduceOps.java:708)
	at java.util.stream.AbstractPipeline.evaluate(AbstractPipeline.java:234)
	at java.util.stream.ReferencePipeline.collect(ReferencePipeline.java:499)
	at org.springframework.data.repository.core.support.QueryExecutorMethodInterceptor.mapMethodsToQuery(QueryExecutorMethodInterceptor.java:94)
	at org.springframework.data.repository.core.support.QueryExecutorMethodInterceptor.lambda$new$0(QueryExecutorMethodInterceptor.java:84)
	at java.util.Optional.map(Optional.java:215)
	at org.springframework.data.repository.core.support.QueryExecutorMethodInterceptor.<init>(QueryExecutorMethodInterceptor.java:84)
	at org.springframework.data.repository.core.support.RepositoryFactorySupport.getRepository(RepositoryFactorySupport.java:331)
	at org.springframework.data.repository.core.support.RepositoryFactoryBeanSupport.lambda$afterPropertiesSet$5(RepositoryFactoryBeanSupport.java:297)
	at org.springframework.data.util.Lazy.getNullable(Lazy.java:212)
	at org.springframework.data.util.Lazy.get(Lazy.java:94)
	at org.springframework.data.repository.core.support.RepositoryFactoryBeanSupport.afterPropertiesSet(RepositoryFactoryBeanSupport.java:300)
	at org.springframework.data.jpa.repository.support.JpaRepositoryFactoryBean.afterPropertiesSet(JpaRepositoryFactoryBean.java:144)
	at org.springframework.beans.factory.support.AbstractAutowireCapableBeanFactory.invokeInitMethods(AbstractAutowireCapableBeanFactory.java:1853)
	at org.springframework.beans.factory.support.AbstractAutowireCapableBeanFactory.initializeBean(AbstractAutowireCapableBeanFactory.java:1790)
	at org.springframework.beans.factory.support.AbstractAutowireCapableBeanFactory.doCreateBean(AbstractAutowireCapableBeanFactory.java:594)
	at org.springframework.beans.factory.support.AbstractAutowireCapableBeanFactory.createBean(AbstractAutowireCapableBeanFactory.java:516)
	at org.springframework.beans.factory.support.AbstractBeanFactory.lambda$doGetBean$0(AbstractBeanFactory.java:324)
	at org.springframework.beans.factory.support.DefaultSingletonBeanRegistry.getSingleton(DefaultSingletonBeanRegistry.java:226)
	at org.springframework.beans.factory.support.AbstractBeanFactory.doGetBean(AbstractBeanFactory.java:322)
	at org.springframework.beans.factory.support.AbstractBeanFactory.getBean(AbstractBeanFactory.java:202)
	at org.springframework.beans.factory.config.DependencyDescriptor.resolveCandidate(DependencyDescriptor.java:276)
	at org.springframework.beans.factory.support.DefaultListableBeanFactory.doResolveDependency(DefaultListableBeanFactory.java:1307)
	at org.springframework.beans.factory.support.DefaultListableBeanFactory.resolveDependency(DefaultListableBeanFactory.java:1227)
	at org.springframework.beans.factory.annotation.AutowiredAnnotationBeanPostProcessor$AutowiredFieldElement.inject(AutowiredAnnotationBeanPostProcessor.java:640)
	at org.springframework.beans.factory.annotation.InjectionMetadata.inject(InjectionMetadata.java:130)
	at org.springframework.beans.factory.annotation.AutowiredAnnotationBeanPostProcessor.postProcessProperties(AutowiredAnnotationBeanPostProcessor.java:399)
	at org.springframework.beans.factory.support.AbstractAutowireCapableBeanFactory.populateBean(AbstractAutowireCapableBeanFactory.java:1420)
	at org.springframework.beans.factory.support.AbstractAutowireCapableBeanFactory.doCreateBean(AbstractAutowireCapableBeanFactory.java:593)
	at org.springframework.beans.factory.support.AbstractAutowireCapableBeanFactory.createBean(AbstractAutowireCapableBeanFactory.java:516)
	at org.springframework.beans.factory.support.AbstractBeanFactory.lambda$doGetBean$0(AbstractBeanFactory.java:324)
	at org.springframework.beans.factory.support.DefaultSingletonBeanRegistry.getSingleton(DefaultSingletonBeanRegistry.java:226)
	at org.springframework.beans.factory.support.AbstractBeanFactory.doGetBean(AbstractBeanFactory.java:322)
	at org.springframework.beans.factory.support.AbstractBeanFactory.getBean(AbstractBeanFactory.java:202)
	at org.springframework.beans.factory.config.DependencyDescriptor.resolveCandidate(DependencyDescriptor.java:276)
	at org.springframework.beans.factory.support.DefaultListableBeanFactory.doResolveDependency(DefaultListableBeanFactory.java:1307)
	at org.springframework.beans.factory.support.DefaultListableBeanFactory.resolveDependency(DefaultListableBeanFactory.java:1227)
	at org.springframework.beans.factory.annotation.AutowiredAnnotationBeanPostProcessor$AutowiredFieldElement.inject(AutowiredAnnotationBeanPostProcessor.java:640)
	at org.springframework.beans.factory.annotation.InjectionMetadata.inject(InjectionMetadata.java:130)
	at org.springframework.beans.factory.annotation.AutowiredAnnotationBeanPostProcessor.postProcessProperties(AutowiredAnnotationBeanPostProcessor.java:399)
	at org.springframework.beans.factory.support.AbstractAutowireCapableBeanFactory.populateBean(AbstractAutowireCapableBeanFactory.java:1420)
	at org.springframework.beans.factory.support.AbstractAutowireCapableBeanFactory.doCreateBean(AbstractAutowireCapableBeanFactory.java:593)
	at org.springframework.beans.factory.support.AbstractAutowireCapableBeanFactory.createBean(AbstractAutowireCapableBeanFactory.java:516)
	at org.springframework.beans.factory.support.AbstractBeanFactory.lambda$doGetBean$0(AbstractBeanFactory.java:324)
	at org.springframework.beans.factory.support.DefaultSingletonBeanRegistry.getSingleton(DefaultSingletonBeanRegistry.java:226)
	at org.springframework.beans.factory.support.AbstractBeanFactory.doGetBean(AbstractBeanFactory.java:322)
	at org.springframework.beans.factory.support.AbstractBeanFactory.getBean(AbstractBeanFactory.java:202)
	at org.springframework.beans.factory.support.DefaultListableBeanFactory.preInstantiateSingletons(DefaultListableBeanFactory.java:897)
	at org.springframework.context.support.AbstractApplicationContext.finishBeanFactoryInitialization(AbstractApplicationContext.java:879)
	at org.springframework.context.support.AbstractApplicationContext.refresh(AbstractApplicationContext.java:551)
	at org.springframework.boot.web.servlet.context.ServletWebServerApplicationContext.refresh(ServletWebServerApplicationContext.java:143)
	at org.springframework.boot.SpringApplication.refresh(SpringApplication.java:758)
	at org.springframework.boot.SpringApplication.refresh(SpringApplication.java:750)
	at org.springframework.boot.SpringApplication.refreshContext(SpringApplication.java:397)
	at org.springframework.boot.SpringApplication.run(SpringApplication.java:315)
	at org.springframework.boot.SpringApplication.run(SpringApplication.java:1237)
	at org.springframework.boot.SpringApplication.run(SpringApplication.java:1226)
	at com.cdac.iafralley.IafralleyApplication.main(IafralleyApplication.java:11)
	at sun.reflect.NativeMethodAccessorImpl.invoke0(Native Method)
	at sun.reflect.NativeMethodAccessorImpl.invoke(NativeMethodAccessorImpl.java:62)
	at sun.reflect.DelegatingMethodAccessorImpl.invoke(DelegatingMethodAccessorImpl.java:43)
	at java.lang.reflect.Method.invoke(Method.java:498)
	at org.springframework.boot.devtools.restart.RestartLauncher.run(RestartLauncher.java:49)
14:08:52.247 [restartedMain] ERROR o.h.hql.internal.ast.ErrorTracker:62 - line 1:29: expecting EOF, found ')'
14:08:52.248 [restartedMain] ERROR o.h.hql.internal.ast.ErrorTracker:57 - line 1:29: expecting EOF, found ')'
antlr.MismatchedTokenException: expecting EOF, found ')'
	at antlr.Parser.match(Parser.java:211)
	at org.hibernate.hql.internal.antlr.HqlBaseParser.statement(HqlBaseParser.java:215)
	at org.hibernate.hql.internal.ast.QueryTranslatorImpl.parse(QueryTranslatorImpl.java:294)
	at org.hibernate.hql.internal.ast.QueryTranslatorImpl.doCompile(QueryTranslatorImpl.java:189)
	at org.hibernate.hql.internal.ast.QueryTranslatorImpl.compile(QueryTranslatorImpl.java:144)
	at org.hibernate.engine.query.spi.HQLQueryPlan.<init>(HQLQueryPlan.java:113)
	at org.hibernate.engine.query.spi.HQLQueryPlan.<init>(HQLQueryPlan.java:73)
	at org.hibernate.engine.query.spi.QueryPlanCache.getHQLQueryPlan(QueryPlanCache.java:162)
	at org.hibernate.internal.AbstractSharedSessionContract.getQueryPlan(AbstractSharedSessionContract.java:604)
	at org.hibernate.internal.AbstractSharedSessionContract.createQuery(AbstractSharedSessionContract.java:716)
	at org.hibernate.internal.AbstractSessionImpl.createQuery(AbstractSessionImpl.java:23)
	at sun.reflect.GeneratedMethodAccessor130.invoke(Unknown Source)
	at sun.reflect.DelegatingMethodAccessorImpl.invoke(DelegatingMethodAccessorImpl.java:43)
	at java.lang.reflect.Method.invoke(Method.java:498)
	at org.springframework.orm.jpa.ExtendedEntityManagerCreator$ExtendedEntityManagerInvocationHandler.invoke(ExtendedEntityManagerCreator.java:366)
	at com.sun.proxy.$Proxy270.createQuery(Unknown Source)
	at org.springframework.data.jpa.repository.query.SimpleJpaQuery.validateQuery(SimpleJpaQuery.java:87)
	at org.springframework.data.jpa.repository.query.SimpleJpaQuery.<init>(SimpleJpaQuery.java:63)
	at org.springframework.data.jpa.repository.query.JpaQueryFactory.fromMethodWithQueryString(JpaQueryFactory.java:76)
	at org.springframework.data.jpa.repository.query.JpaQueryFactory.fromQueryAnnotation(JpaQueryFactory.java:56)
	at org.springframework.data.jpa.repository.query.JpaQueryLookupStrategy$DeclaredQueryLookupStrategy.resolveQuery(JpaQueryLookupStrategy.java:146)
	at org.springframework.data.jpa.repository.query.JpaQueryLookupStrategy$CreateIfNotFoundQueryLookupStrategy.resolveQuery(JpaQueryLookupStrategy.java:216)
	at org.springframework.data.jpa.repository.query.JpaQueryLookupStrategy$AbstractQueryLookupStrategy.resolveQuery(JpaQueryLookupStrategy.java:81)
	at org.springframework.data.repository.core.support.QueryExecutorMethodInterceptor.lookupQuery(QueryExecutorMethodInterceptor.java:99)
	at org.springframework.data.repository.core.support.QueryExecutorMethodInterceptor.lambda$mapMethodsToQuery$1(QueryExecutorMethodInterceptor.java:92)
	at java.util.stream.ReferencePipeline$3$1.accept(ReferencePipeline.java:193)
	at java.util.Iterator.forEachRemaining(Iterator.java:116)
	at java.util.Collections$UnmodifiableCollection$1.forEachRemaining(Collections.java:1049)
	at java.util.Spliterators$IteratorSpliterator.forEachRemaining(Spliterators.java:1801)
	at java.util.stream.AbstractPipeline.copyInto(AbstractPipeline.java:481)
	at java.util.stream.AbstractPipeline.wrapAndCopyInto(AbstractPipeline.java:471)
	at java.util.stream.ReduceOps$ReduceOp.evaluateSequential(ReduceOps.java:708)
	at java.util.stream.AbstractPipeline.evaluate(AbstractPipeline.java:234)
	at java.util.stream.ReferencePipeline.collect(ReferencePipeline.java:499)
	at org.springframework.data.repository.core.support.QueryExecutorMethodInterceptor.mapMethodsToQuery(QueryExecutorMethodInterceptor.java:94)
	at org.springframework.data.repository.core.support.QueryExecutorMethodInterceptor.lambda$new$0(QueryExecutorMethodInterceptor.java:84)
	at java.util.Optional.map(Optional.java:215)
	at org.springframework.data.repository.core.support.QueryExecutorMethodInterceptor.<init>(QueryExecutorMethodInterceptor.java:84)
	at org.springframework.data.repository.core.support.RepositoryFactorySupport.getRepository(RepositoryFactorySupport.java:331)
	at org.springframework.data.repository.core.support.RepositoryFactoryBeanSupport.lambda$afterPropertiesSet$5(RepositoryFactoryBeanSupport.java:297)
	at org.springframework.data.util.Lazy.getNullable(Lazy.java:212)
	at org.springframework.data.util.Lazy.get(Lazy.java:94)
	at org.springframework.data.repository.core.support.RepositoryFactoryBeanSupport.afterPropertiesSet(RepositoryFactoryBeanSupport.java:300)
	at org.springframework.data.jpa.repository.support.JpaRepositoryFactoryBean.afterPropertiesSet(JpaRepositoryFactoryBean.java:144)
	at org.springframework.beans.factory.support.AbstractAutowireCapableBeanFactory.invokeInitMethods(AbstractAutowireCapableBeanFactory.java:1853)
	at org.springframework.beans.factory.support.AbstractAutowireCapableBeanFactory.initializeBean(AbstractAutowireCapableBeanFactory.java:1790)
	at org.springframework.beans.factory.support.AbstractAutowireCapableBeanFactory.doCreateBean(AbstractAutowireCapableBeanFactory.java:594)
	at org.springframework.beans.factory.support.AbstractAutowireCapableBeanFactory.createBean(AbstractAutowireCapableBeanFactory.java:516)
	at org.springframework.beans.factory.support.AbstractBeanFactory.lambda$doGetBean$0(AbstractBeanFactory.java:324)
	at org.springframework.beans.factory.support.DefaultSingletonBeanRegistry.getSingleton(DefaultSingletonBeanRegistry.java:226)
	at org.springframework.beans.factory.support.AbstractBeanFactory.doGetBean(AbstractBeanFactory.java:322)
	at org.springframework.beans.factory.support.AbstractBeanFactory.getBean(AbstractBeanFactory.java:202)
	at org.springframework.beans.factory.config.DependencyDescriptor.resolveCandidate(DependencyDescriptor.java:276)
	at org.springframework.beans.factory.support.DefaultListableBeanFactory.doResolveDependency(DefaultListableBeanFactory.java:1307)
	at org.springframework.beans.factory.support.DefaultListableBeanFactory.resolveDependency(DefaultListableBeanFactory.java:1227)
	at org.springframework.beans.factory.annotation.AutowiredAnnotationBeanPostProcessor$AutowiredFieldElement.inject(AutowiredAnnotationBeanPostProcessor.java:640)
	at org.springframework.beans.factory.annotation.InjectionMetadata.inject(InjectionMetadata.java:130)
	at org.springframework.beans.factory.annotation.AutowiredAnnotationBeanPostProcessor.postProcessProperties(AutowiredAnnotationBeanPostProcessor.java:399)
	at org.springframework.beans.factory.support.AbstractAutowireCapableBeanFactory.populateBean(AbstractAutowireCapableBeanFactory.java:1420)
	at org.springframework.beans.factory.support.AbstractAutowireCapableBeanFactory.doCreateBean(AbstractAutowireCapableBeanFactory.java:593)
	at org.springframework.beans.factory.support.AbstractAutowireCapableBeanFactory.createBean(AbstractAutowireCapableBeanFactory.java:516)
	at org.springframework.beans.factory.support.AbstractBeanFactory.lambda$doGetBean$0(AbstractBeanFactory.java:324)
	at org.springframework.beans.factory.support.DefaultSingletonBeanRegistry.getSingleton(DefaultSingletonBeanRegistry.java:226)
	at org.springframework.beans.factory.support.AbstractBeanFactory.doGetBean(AbstractBeanFactory.java:322)
	at org.springframework.beans.factory.support.AbstractBeanFactory.getBean(AbstractBeanFactory.java:202)
	at org.springframework.beans.factory.config.DependencyDescriptor.resolveCandidate(DependencyDescriptor.java:276)
	at org.springframework.beans.factory.support.DefaultListableBeanFactory.doResolveDependency(DefaultListableBeanFactory.java:1307)
	at org.springframework.beans.factory.support.DefaultListableBeanFactory.resolveDependency(DefaultListableBeanFactory.java:1227)
	at org.springframework.beans.factory.annotation.AutowiredAnnotationBeanPostProcessor$AutowiredFieldElement.inject(AutowiredAnnotationBeanPostProcessor.java:640)
	at org.springframework.beans.factory.annotation.InjectionMetadata.inject(InjectionMetadata.java:130)
	at org.springframework.beans.factory.annotation.AutowiredAnnotationBeanPostProcessor.postProcessProperties(AutowiredAnnotationBeanPostProcessor.java:399)
	at org.springframework.beans.factory.support.AbstractAutowireCapableBeanFactory.populateBean(AbstractAutowireCapableBeanFactory.java:1420)
	at org.springframework.beans.factory.support.AbstractAutowireCapableBeanFactory.doCreateBean(AbstractAutowireCapableBeanFactory.java:593)
	at org.springframework.beans.factory.support.AbstractAutowireCapableBeanFactory.createBean(AbstractAutowireCapableBeanFactory.java:516)
	at org.springframework.beans.factory.support.AbstractBeanFactory.lambda$doGetBean$0(AbstractBeanFactory.java:324)
	at org.springframework.beans.factory.support.DefaultSingletonBeanRegistry.getSingleton(DefaultSingletonBeanRegistry.java:226)
	at org.springframework.beans.factory.support.AbstractBeanFactory.doGetBean(AbstractBeanFactory.java:322)
	at org.springframework.beans.factory.support.AbstractBeanFactory.getBean(AbstractBeanFactory.java:202)
	at org.springframework.beans.factory.support.DefaultListableBeanFactory.preInstantiateSingletons(DefaultListableBeanFactory.java:897)
	at org.springframework.context.support.AbstractApplicationContext.finishBeanFactoryInitialization(AbstractApplicationContext.java:879)
	at org.springframework.context.support.AbstractApplicationContext.refresh(AbstractApplicationContext.java:551)
	at org.springframework.boot.web.servlet.context.ServletWebServerApplicationContext.refresh(ServletWebServerApplicationContext.java:143)
	at org.springframework.boot.SpringApplication.refresh(SpringApplication.java:758)
	at org.springframework.boot.SpringApplication.refresh(SpringApplication.java:750)
	at org.springframework.boot.SpringApplication.refreshContext(SpringApplication.java:397)
	at org.springframework.boot.SpringApplication.run(SpringApplication.java:315)
	at org.springframework.boot.SpringApplication.run(SpringApplication.java:1237)
	at org.springframework.boot.SpringApplication.run(SpringApplication.java:1226)
	at com.cdac.iafralley.IafralleyApplication.main(IafralleyApplication.java:11)
	at sun.reflect.NativeMethodAccessorImpl.invoke0(Native Method)
	at sun.reflect.NativeMethodAccessorImpl.invoke(NativeMethodAccessorImpl.java:62)
	at sun.reflect.DelegatingMethodAccessorImpl.invoke(DelegatingMethodAccessorImpl.java:43)
	at java.lang.reflect.Method.invoke(Method.java:498)
	at org.springframework.boot.devtools.restart.RestartLauncher.run(RestartLauncher.java:49)
14:08:52.287 [restartedMain] INFO  o.a.catalina.core.StandardService:173 - Stopping service [Tomcat]
14:10:17.048 [restartedMain] INFO  c.c.iafralley.IafralleyApplication:55 - Starting IafralleyApplication on DESKTOP-0VP0BSJ with PID 11276 (C:\Users\Ketan\Downloads\New folder\iafralley\iafralley\target\classes started by Ketan in C:\Users\Ketan\Downloads\New folder\iafralley\iafralley)
14:10:17.048 [restartedMain] INFO  c.c.iafralley.IafralleyApplication:655 - The following profiles are active: local
14:10:17.436 [restartedMain] INFO  o.a.catalina.core.StandardService:173 - Starting service [Tomcat]
14:10:17.436 [restartedMain] INFO  o.a.catalina.core.StandardEngine:173 - Starting Servlet engine: [Apache Tomcat/9.0.37]
14:10:17.530 [restartedMain] INFO  o.a.c.c.C.[.[localhost].[/IAFRalley]:173 - Initializing Spring embedded WebApplicationContext
14:10:17.622 [restartedMain] INFO  o.h.jpa.internal.util.LogHelper:31 - HHH000204: Processing PersistenceUnitInfo [name: default]
14:10:18.044 [restartedMain] INFO  org.hibernate.dialect.Dialect:172 - HHH000400: Using dialect: org.hibernate.dialect.PostgreSQLDialect
14:10:18.185 [restartedMain] INFO  o.h.e.t.j.p.i.JtaPlatformInitiator:52 - HHH000490: Using JtaPlatform implementation: [org.hibernate.engine.transaction.jta.platform.internal.NoJtaPlatform]
14:10:18.484 [restartedMain] INFO  c.c.iafralley.IafralleyApplication:61 - Started IafralleyApplication in 1.469 seconds (JVM running for 3891.266)
14:10:23.997 [http-nio-9091-exec-1] INFO  o.a.c.c.C.[.[localhost].[/IAFRalley]:173 - Initializing Spring DispatcherServlet 'dispatcherServlet'
14:10:27.408 [http-nio-9091-exec-8] INFO  c.c.i.e.GlobalExceptionHandler:46 - inside
14:10:27.504 [http-nio-9091-exec-8] ERROR o.a.c.c.C.[.[.[.[dispatcherServlet]:175 - Servlet.service() for servlet [dispatcherServlet] in context with path [/IAFRalley] threw exception [Request processing failed; nested exception is java.lang.IllegalStateException: getOutputStream() has already been called for this response] with root cause
java.lang.IllegalStateException: getOutputStream() has already been called for this response
	at org.apache.catalina.connector.Response.getWriter(Response.java:583)
	at org.apache.catalina.connector.ResponseFacade.getWriter(ResponseFacade.java:227)
	at javax.servlet.ServletResponseWrapper.getWriter(ServletResponseWrapper.java:114)
	at javax.servlet.ServletResponseWrapper.getWriter(ServletResponseWrapper.java:114)
	at org.springframework.security.web.util.OnCommittedResponseWrapper.getWriter(OnCommittedResponseWrapper.java:155)
	at javax.servlet.ServletResponseWrapper.getWriter(ServletResponseWrapper.java:114)
	at org.springframework.security.web.util.OnCommittedResponseWrapper.getWriter(OnCommittedResponseWrapper.java:155)
	at org.thymeleaf.spring5.view.ThymeleafView.renderFragment(ThymeleafView.java:360)
	at org.thymeleaf.spring5.view.ThymeleafView.render(ThymeleafView.java:189)
	at org.springframework.web.servlet.DispatcherServlet.render(DispatcherServlet.java:1373)
	at org.springframework.web.servlet.DispatcherServlet.processDispatchResult(DispatcherServlet.java:1118)
	at org.springframework.web.servlet.DispatcherServlet.doDispatch(DispatcherServlet.java:1057)
	at org.springframework.web.servlet.DispatcherServlet.doService(DispatcherServlet.java:943)
	at org.springframework.web.servlet.FrameworkServlet.processRequest(FrameworkServlet.java:1006)
	at org.springframework.web.servlet.FrameworkServlet.doGet(FrameworkServlet.java:898)
	at javax.servlet.http.HttpServlet.service(HttpServlet.java:626)
	at org.springframework.web.servlet.FrameworkServlet.service(FrameworkServlet.java:883)
	at javax.servlet.http.HttpServlet.service(HttpServlet.java:733)
	at org.apache.catalina.core.ApplicationFilterChain.internalDoFilter(ApplicationFilterChain.java:231)
	at org.apache.catalina.core.ApplicationFilterChain.doFilter(ApplicationFilterChain.java:166)
	at org.apache.tomcat.websocket.server.WsFilter.doFilter(WsFilter.java:53)
	at org.apache.catalina.core.ApplicationFilterChain.internalDoFilter(ApplicationFilterChain.java:193)
	at org.apache.catalina.core.ApplicationFilterChain.doFilter(ApplicationFilterChain.java:166)
	at org.springframework.security.web.FilterChainProxy$VirtualFilterChain.doFilter(FilterChainProxy.java:320)
	at org.springframework.security.web.access.intercept.FilterSecurityInterceptor.invoke(FilterSecurityInterceptor.java:126)
	at org.springframework.security.web.access.intercept.FilterSecurityInterceptor.doFilter(FilterSecurityInterceptor.java:90)
	at org.springframework.security.web.FilterChainProxy$VirtualFilterChain.doFilter(FilterChainProxy.java:334)
	at org.springframework.security.web.access.ExceptionTranslationFilter.doFilter(ExceptionTranslationFilter.java:118)
	at org.springframework.security.web.FilterChainProxy$VirtualFilterChain.doFilter(FilterChainProxy.java:334)
	at org.springframework.security.web.session.SessionManagementFilter.doFilter(SessionManagementFilter.java:137)
	at org.springframework.security.web.FilterChainProxy$VirtualFilterChain.doFilter(FilterChainProxy.java:334)
	at org.springframework.security.web.authentication.AnonymousAuthenticationFilter.doFilter(AnonymousAuthenticationFilter.java:111)
	at org.springframework.security.web.FilterChainProxy$VirtualFilterChain.doFilter(FilterChainProxy.java:334)
	at org.springframework.security.web.servletapi.SecurityContextHolderAwareRequestFilter.doFilter(SecurityContextHolderAwareRequestFilter.java:158)
	at org.springframework.security.web.FilterChainProxy$VirtualFilterChain.doFilter(FilterChainProxy.java:334)
	at org.springframework.security.web.savedrequest.RequestCacheAwareFilter.doFilter(RequestCacheAwareFilter.java:63)
	at org.springframework.security.web.FilterChainProxy$VirtualFilterChain.doFilter(FilterChainProxy.java:334)
	at org.springframework.security.web.session.ConcurrentSessionFilter.doFilter(ConcurrentSessionFilter.java:152)
	at org.springframework.security.web.FilterChainProxy$VirtualFilterChain.doFilter(FilterChainProxy.java:334)
	at org.springframework.security.web.authentication.AbstractAuthenticationProcessingFilter.doFilter(AbstractAuthenticationProcessingFilter.java:200)
	at org.springframework.security.web.FilterChainProxy$VirtualFilterChain.doFilter(FilterChainProxy.java:334)
	at org.springframework.security.web.authentication.logout.LogoutFilter.doFilter(LogoutFilter.java:116)
	at org.springframework.security.web.FilterChainProxy$VirtualFilterChain.doFilter(FilterChainProxy.java:334)
	at org.springframework.security.web.csrf.CsrfFilter.doFilterInternal(CsrfFilter.java:117)
	at org.springframework.web.filter.OncePerRequestFilter.doFilter(OncePerRequestFilter.java:119)
	at org.springframework.security.web.FilterChainProxy$VirtualFilterChain.doFilter(FilterChainProxy.java:334)
	at org.springframework.security.web.header.HeaderWriterFilter.doHeadersAfter(HeaderWriterFilter.java:92)
	at org.springframework.security.web.header.HeaderWriterFilter.doFilterInternal(HeaderWriterFilter.java:77)
	at org.springframework.web.filter.OncePerRequestFilter.doFilter(OncePerRequestFilter.java:119)
	at org.springframework.security.web.FilterChainProxy$VirtualFilterChain.doFilter(FilterChainProxy.java:334)
	at org.springframework.security.web.context.SecurityContextPersistenceFilter.doFilter(SecurityContextPersistenceFilter.java:105)
	at org.springframework.security.web.FilterChainProxy$VirtualFilterChain.doFilter(FilterChainProxy.java:334)
	at org.springframework.security.web.context.request.async.WebAsyncManagerIntegrationFilter.doFilterInternal(WebAsyncManagerIntegrationFilter.java:56)
	at org.springframework.web.filter.OncePerRequestFilter.doFilter(OncePerRequestFilter.java:119)
	at org.springframework.security.web.FilterChainProxy$VirtualFilterChain.doFilter(FilterChainProxy.java:334)
	at org.springframework.security.web.FilterChainProxy.doFilterInternal(FilterChainProxy.java:215)
	at org.springframework.security.web.FilterChainProxy.doFilter(FilterChainProxy.java:178)
	at org.springframework.web.filter.DelegatingFilterProxy.invokeDelegate(DelegatingFilterProxy.java:358)
	at org.springframework.web.filter.DelegatingFilterProxy.doFilter(DelegatingFilterProxy.java:271)
	at org.apache.catalina.core.ApplicationFilterChain.internalDoFilter(ApplicationFilterChain.java:193)
	at org.apache.catalina.core.ApplicationFilterChain.doFilter(ApplicationFilterChain.java:166)
	at org.springframework.web.filter.RequestContextFilter.doFilterInternal(RequestContextFilter.java:100)
	at org.springframework.web.filter.OncePerRequestFilter.doFilter(OncePerRequestFilter.java:119)
	at org.apache.catalina.core.ApplicationFilterChain.internalDoFilter(ApplicationFilterChain.java:193)
	at org.apache.catalina.core.ApplicationFilterChain.doFilter(ApplicationFilterChain.java:166)
	at org.springframework.web.filter.FormContentFilter.doFilterInternal(FormContentFilter.java:93)
	at org.springframework.web.filter.OncePerRequestFilter.doFilter(OncePerRequestFilter.java:119)
	at org.apache.catalina.core.ApplicationFilterChain.internalDoFilter(ApplicationFilterChain.java:193)
	at org.apache.catalina.core.ApplicationFilterChain.doFilter(ApplicationFilterChain.java:166)
	at org.springframework.web.filter.CharacterEncodingFilter.doFilterInternal(CharacterEncodingFilter.java:201)
	at org.springframework.web.filter.OncePerRequestFilter.doFilter(OncePerRequestFilter.java:119)
	at org.apache.catalina.core.ApplicationFilterChain.internalDoFilter(ApplicationFilterChain.java:193)
	at org.apache.catalina.core.ApplicationFilterChain.doFilter(ApplicationFilterChain.java:166)
	at org.apache.catalina.core.StandardWrapperValve.invoke(StandardWrapperValve.java:202)
	at org.apache.catalina.core.StandardContextValve.invoke(StandardContextValve.java:96)
	at org.apache.catalina.authenticator.AuthenticatorBase.invoke(AuthenticatorBase.java:541)
	at org.apache.catalina.core.StandardHostValve.invoke(StandardHostValve.java:139)
	at org.apache.catalina.valves.ErrorReportValve.invoke(ErrorReportValve.java:92)
	at org.apache.catalina.core.StandardEngineValve.invoke(StandardEngineValve.java:74)
	at org.apache.catalina.connector.CoyoteAdapter.service(CoyoteAdapter.java:343)
	at org.apache.coyote.http11.Http11Processor.service(Http11Processor.java:373)
	at org.apache.coyote.AbstractProcessorLight.process(AbstractProcessorLight.java:65)
	at org.apache.coyote.AbstractProtocol$ConnectionHandler.process(AbstractProtocol.java:868)
	at org.apache.tomcat.util.net.NioEndpoint$SocketProcessor.doRun(NioEndpoint.java:1589)
	at org.apache.tomcat.util.net.SocketProcessorBase.run(SocketProcessorBase.java:49)
	at java.util.concurrent.ThreadPoolExecutor.runWorker(ThreadPoolExecutor.java:1142)
	at java.util.concurrent.ThreadPoolExecutor$Worker.run(ThreadPoolExecutor.java:617)
	at org.apache.tomcat.util.threads.TaskThread$WrappingRunnable.run(TaskThread.java:61)
	at java.lang.Thread.run(Thread.java:745)
14:11:44.052 [http-nio-9091-exec-9] INFO  c.c.i.e.GlobalExceptionHandler:46 - inside
14:11:44.056 [http-nio-9091-exec-9] ERROR o.a.c.c.C.[.[.[.[dispatcherServlet]:175 - Servlet.service() for servlet [dispatcherServlet] in context with path [/IAFRalley] threw exception [Request processing failed; nested exception is java.lang.IllegalStateException: getOutputStream() has already been called for this response] with root cause
java.lang.IllegalStateException: getOutputStream() has already been called for this response
	at org.apache.catalina.connector.Response.getWriter(Response.java:583)
	at org.apache.catalina.connector.ResponseFacade.getWriter(ResponseFacade.java:227)
	at javax.servlet.ServletResponseWrapper.getWriter(ServletResponseWrapper.java:114)
	at javax.servlet.ServletResponseWrapper.getWriter(ServletResponseWrapper.java:114)
	at org.springframework.security.web.util.OnCommittedResponseWrapper.getWriter(OnCommittedResponseWrapper.java:155)
	at javax.servlet.ServletResponseWrapper.getWriter(ServletResponseWrapper.java:114)
	at org.springframework.security.web.util.OnCommittedResponseWrapper.getWriter(OnCommittedResponseWrapper.java:155)
	at org.thymeleaf.spring5.view.ThymeleafView.renderFragment(ThymeleafView.java:360)
	at org.thymeleaf.spring5.view.ThymeleafView.render(ThymeleafView.java:189)
	at org.springframework.web.servlet.DispatcherServlet.render(DispatcherServlet.java:1373)
	at org.springframework.web.servlet.DispatcherServlet.processDispatchResult(DispatcherServlet.java:1118)
	at org.springframework.web.servlet.DispatcherServlet.doDispatch(DispatcherServlet.java:1057)
	at org.springframework.web.servlet.DispatcherServlet.doService(DispatcherServlet.java:943)
	at org.springframework.web.servlet.FrameworkServlet.processRequest(FrameworkServlet.java:1006)
	at org.springframework.web.servlet.FrameworkServlet.doGet(FrameworkServlet.java:898)
	at javax.servlet.http.HttpServlet.service(HttpServlet.java:626)
	at org.springframework.web.servlet.FrameworkServlet.service(FrameworkServlet.java:883)
	at javax.servlet.http.HttpServlet.service(HttpServlet.java:733)
	at org.apache.catalina.core.ApplicationFilterChain.internalDoFilter(ApplicationFilterChain.java:231)
	at org.apache.catalina.core.ApplicationFilterChain.doFilter(ApplicationFilterChain.java:166)
	at org.apache.tomcat.websocket.server.WsFilter.doFilter(WsFilter.java:53)
	at org.apache.catalina.core.ApplicationFilterChain.internalDoFilter(ApplicationFilterChain.java:193)
	at org.apache.catalina.core.ApplicationFilterChain.doFilter(ApplicationFilterChain.java:166)
	at org.springframework.security.web.FilterChainProxy$VirtualFilterChain.doFilter(FilterChainProxy.java:320)
	at org.springframework.security.web.access.intercept.FilterSecurityInterceptor.invoke(FilterSecurityInterceptor.java:126)
	at org.springframework.security.web.access.intercept.FilterSecurityInterceptor.doFilter(FilterSecurityInterceptor.java:90)
	at org.springframework.security.web.FilterChainProxy$VirtualFilterChain.doFilter(FilterChainProxy.java:334)
	at org.springframework.security.web.access.ExceptionTranslationFilter.doFilter(ExceptionTranslationFilter.java:118)
	at org.springframework.security.web.FilterChainProxy$VirtualFilterChain.doFilter(FilterChainProxy.java:334)
	at org.springframework.security.web.session.SessionManagementFilter.doFilter(SessionManagementFilter.java:137)
	at org.springframework.security.web.FilterChainProxy$VirtualFilterChain.doFilter(FilterChainProxy.java:334)
	at org.springframework.security.web.authentication.AnonymousAuthenticationFilter.doFilter(AnonymousAuthenticationFilter.java:111)
	at org.springframework.security.web.FilterChainProxy$VirtualFilterChain.doFilter(FilterChainProxy.java:334)
	at org.springframework.security.web.servletapi.SecurityContextHolderAwareRequestFilter.doFilter(SecurityContextHolderAwareRequestFilter.java:158)
	at org.springframework.security.web.FilterChainProxy$VirtualFilterChain.doFilter(FilterChainProxy.java:334)
	at org.springframework.security.web.savedrequest.RequestCacheAwareFilter.doFilter(RequestCacheAwareFilter.java:63)
	at org.springframework.security.web.FilterChainProxy$VirtualFilterChain.doFilter(FilterChainProxy.java:334)
	at org.springframework.security.web.session.ConcurrentSessionFilter.doFilter(ConcurrentSessionFilter.java:152)
	at org.springframework.security.web.FilterChainProxy$VirtualFilterChain.doFilter(FilterChainProxy.java:334)
	at org.springframework.security.web.authentication.AbstractAuthenticationProcessingFilter.doFilter(AbstractAuthenticationProcessingFilter.java:200)
	at org.springframework.security.web.FilterChainProxy$VirtualFilterChain.doFilter(FilterChainProxy.java:334)
	at org.springframework.security.web.authentication.logout.LogoutFilter.doFilter(LogoutFilter.java:116)
	at org.springframework.security.web.FilterChainProxy$VirtualFilterChain.doFilter(FilterChainProxy.java:334)
	at org.springframework.security.web.csrf.CsrfFilter.doFilterInternal(CsrfFilter.java:117)
	at org.springframework.web.filter.OncePerRequestFilter.doFilter(OncePerRequestFilter.java:119)
	at org.springframework.security.web.FilterChainProxy$VirtualFilterChain.doFilter(FilterChainProxy.java:334)
	at org.springframework.security.web.header.HeaderWriterFilter.doHeadersAfter(HeaderWriterFilter.java:92)
	at org.springframework.security.web.header.HeaderWriterFilter.doFilterInternal(HeaderWriterFilter.java:77)
	at org.springframework.web.filter.OncePerRequestFilter.doFilter(OncePerRequestFilter.java:119)
	at org.springframework.security.web.FilterChainProxy$VirtualFilterChain.doFilter(FilterChainProxy.java:334)
	at org.springframework.security.web.context.SecurityContextPersistenceFilter.doFilter(SecurityContextPersistenceFilter.java:105)
	at org.springframework.security.web.FilterChainProxy$VirtualFilterChain.doFilter(FilterChainProxy.java:334)
	at org.springframework.security.web.context.request.async.WebAsyncManagerIntegrationFilter.doFilterInternal(WebAsyncManagerIntegrationFilter.java:56)
	at org.springframework.web.filter.OncePerRequestFilter.doFilter(OncePerRequestFilter.java:119)
	at org.springframework.security.web.FilterChainProxy$VirtualFilterChain.doFilter(FilterChainProxy.java:334)
	at org.springframework.security.web.FilterChainProxy.doFilterInternal(FilterChainProxy.java:215)
	at org.springframework.security.web.FilterChainProxy.doFilter(FilterChainProxy.java:178)
	at org.springframework.web.filter.DelegatingFilterProxy.invokeDelegate(DelegatingFilterProxy.java:358)
	at org.springframework.web.filter.DelegatingFilterProxy.doFilter(DelegatingFilterProxy.java:271)
	at org.apache.catalina.core.ApplicationFilterChain.internalDoFilter(ApplicationFilterChain.java:193)
	at org.apache.catalina.core.ApplicationFilterChain.doFilter(ApplicationFilterChain.java:166)
	at org.springframework.web.filter.RequestContextFilter.doFilterInternal(RequestContextFilter.java:100)
	at org.springframework.web.filter.OncePerRequestFilter.doFilter(OncePerRequestFilter.java:119)
	at org.apache.catalina.core.ApplicationFilterChain.internalDoFilter(ApplicationFilterChain.java:193)
	at org.apache.catalina.core.ApplicationFilterChain.doFilter(ApplicationFilterChain.java:166)
	at org.springframework.web.filter.FormContentFilter.doFilterInternal(FormContentFilter.java:93)
	at org.springframework.web.filter.OncePerRequestFilter.doFilter(OncePerRequestFilter.java:119)
	at org.apache.catalina.core.ApplicationFilterChain.internalDoFilter(ApplicationFilterChain.java:193)
	at org.apache.catalina.core.ApplicationFilterChain.doFilter(ApplicationFilterChain.java:166)
	at org.springframework.web.filter.CharacterEncodingFilter.doFilterInternal(CharacterEncodingFilter.java:201)
	at org.springframework.web.filter.OncePerRequestFilter.doFilter(OncePerRequestFilter.java:119)
	at org.apache.catalina.core.ApplicationFilterChain.internalDoFilter(ApplicationFilterChain.java:193)
	at org.apache.catalina.core.ApplicationFilterChain.doFilter(ApplicationFilterChain.java:166)
	at org.apache.catalina.core.StandardWrapperValve.invoke(StandardWrapperValve.java:202)
	at org.apache.catalina.core.StandardContextValve.invoke(StandardContextValve.java:96)
	at org.apache.catalina.authenticator.AuthenticatorBase.invoke(AuthenticatorBase.java:541)
	at org.apache.catalina.core.StandardHostValve.invoke(StandardHostValve.java:139)
	at org.apache.catalina.valves.ErrorReportValve.invoke(ErrorReportValve.java:92)
	at org.apache.catalina.core.StandardEngineValve.invoke(StandardEngineValve.java:74)
	at org.apache.catalina.connector.CoyoteAdapter.service(CoyoteAdapter.java:343)
	at org.apache.coyote.http11.Http11Processor.service(Http11Processor.java:373)
	at org.apache.coyote.AbstractProcessorLight.process(AbstractProcessorLight.java:65)
	at org.apache.coyote.AbstractProtocol$ConnectionHandler.process(AbstractProtocol.java:868)
	at org.apache.tomcat.util.net.NioEndpoint$SocketProcessor.doRun(NioEndpoint.java:1589)
	at org.apache.tomcat.util.net.SocketProcessorBase.run(SocketProcessorBase.java:49)
	at java.util.concurrent.ThreadPoolExecutor.runWorker(ThreadPoolExecutor.java:1142)
	at java.util.concurrent.ThreadPoolExecutor$Worker.run(ThreadPoolExecutor.java:617)
	at org.apache.tomcat.util.threads.TaskThread$WrappingRunnable.run(TaskThread.java:61)
	at java.lang.Thread.run(Thread.java:745)
14:18:27.935 [restartedMain] INFO  c.c.iafralley.IafralleyApplication:55 - Starting IafralleyApplication on DESKTOP-0VP0BSJ with PID 11276 (C:\Users\Ketan\Downloads\New folder\iafralley\iafralley\target\classes started by Ketan in C:\Users\Ketan\Downloads\New folder\iafralley\iafralley)
14:18:27.935 [restartedMain] INFO  c.c.iafralley.IafralleyApplication:655 - The following profiles are active: local
14:18:28.249 [restartedMain] INFO  o.a.catalina.core.StandardService:173 - Starting service [Tomcat]
14:18:28.249 [restartedMain] INFO  o.a.catalina.core.StandardEngine:173 - Starting Servlet engine: [Apache Tomcat/9.0.37]
14:18:28.279 [restartedMain] INFO  o.a.c.c.C.[.[localhost].[/IAFRalley]:173 - Initializing Spring embedded WebApplicationContext
14:18:28.333 [restartedMain] INFO  o.h.jpa.internal.util.LogHelper:31 - HHH000204: Processing PersistenceUnitInfo [name: default]
14:18:28.737 [restartedMain] INFO  org.hibernate.dialect.Dialect:172 - HHH000400: Using dialect: org.hibernate.dialect.PostgreSQLDialect
14:18:28.882 [restartedMain] INFO  o.h.e.t.j.p.i.JtaPlatformInitiator:52 - HHH000490: Using JtaPlatform implementation: [org.hibernate.engine.transaction.jta.platform.internal.NoJtaPlatform]
14:18:29.878 [restartedMain] INFO  c.c.iafralley.IafralleyApplication:61 - Started IafralleyApplication in 1.992 seconds (JVM running for 4382.659)
14:18:39.587 [http-nio-9091-exec-1] INFO  o.a.c.c.C.[.[localhost].[/IAFRalley]:173 - Initializing Spring DispatcherServlet 'dispatcherServlet'
18:35:21.796 [restartedMain] INFO  c.c.iafralley.IafralleyApplication:55 - Starting IafralleyApplication on DESKTOP-0VP0BSJ with PID 6424 (C:\Users\Ketan\Downloads\New folder\iafralley\iafralley\target\classes started by Ketan in C:\Users\Ketan\Downloads\New folder\iafralley\iafralley)
18:35:21.878 [restartedMain] INFO  c.c.iafralley.IafralleyApplication:655 - The following profiles are active: local
18:35:24.048 [restartedMain] INFO  o.a.catalina.core.StandardService:173 - Starting service [Tomcat]
18:35:24.048 [restartedMain] INFO  o.a.catalina.core.StandardEngine:173 - Starting Servlet engine: [Apache Tomcat/9.0.37]
18:35:24.144 [restartedMain] INFO  o.a.c.c.C.[.[localhost].[/IAFRalley]:173 - Initializing Spring embedded WebApplicationContext
18:35:24.408 [restartedMain] INFO  o.h.jpa.internal.util.LogHelper:31 - HHH000204: Processing PersistenceUnitInfo [name: default]
18:35:24.453 [restartedMain] INFO  org.hibernate.Version:44 - HHH000412: Hibernate ORM core version 5.4.18.Final
18:35:24.567 [restartedMain] INFO  o.h.annotations.common.Version:49 - HCANN000001: Hibernate Commons Annotations {5.1.0.Final}
18:35:26.877 [restartedMain] INFO  org.hibernate.dialect.Dialect:172 - HHH000400: Using dialect: org.hibernate.dialect.PostgreSQLDialect
18:35:29.074 [restartedMain] INFO  o.h.e.t.j.p.i.JtaPlatformInitiator:52 - HHH000490: Using JtaPlatform implementation: [org.hibernate.engine.transaction.jta.platform.internal.NoJtaPlatform]
18:35:31.009 [restartedMain] INFO  c.c.iafralley.IafralleyApplication:61 - Started IafralleyApplication in 10.538 seconds (JVM running for 17.719)
18:36:17.164 [http-nio-9091-exec-1] INFO  o.a.c.c.C.[.[localhost].[/IAFRalley]:173 - Initializing Spring DispatcherServlet 'dispatcherServlet'
