10:31:39.017 [restartedMain] INFO  c.c.iafralley.IafralleyApplication:55 - Starting IafralleyApplication on DESKTOP-0VP0BSJ with PID 25136 (C:\Users\Ketan\git\iafralleyFinal\target\classes started by Ketan in C:\Users\Ketan\git\iafralleyFinal)
10:31:39.052 [restartedMain] INFO  c.c.iafralley.IafralleyApplication:655 - The following profiles are active: local
10:31:50.378 [restartedMain] INFO  o.a.catalina.core.StandardService:173 - Starting service [Tomcat]
10:31:50.381 [restartedMain] INFO  o.a.catalina.core.StandardEngine:173 - Starting Servlet engine: [Apache Tomcat/9.0.37]
10:31:50.759 [restartedMain] INFO  o.a.c.c.C.[Tomcat].[localhost].[/]:173 - Initializing Spring embedded WebApplicationContext
10:31:52.588 [restartedMain] INFO  o.h.jpa.internal.util.LogHelper:31 - HHH000204: Processing PersistenceUnitInfo [name: default]
10:31:53.123 [restartedMain] INFO  org.hibernate.Version:44 - HHH000412: Hibernate ORM core version 5.4.18.Final
10:31:54.282 [restartedMain] INFO  o.h.annotations.common.Version:49 - HCANN000001: Hibernate Commons Annotations {5.1.0.Final}
10:31:57.111 [restartedMain] INFO  org.hibernate.dialect.Dialect:172 - HHH000400: Using dialect: org.hibernate.dialect.PostgreSQLDialect
10:32:03.895 [restartedMain] INFO  o.h.e.t.j.p.i.JtaPlatformInitiator:52 - HHH000490: Using JtaPlatform implementation: [org.hibernate.engine.transaction.jta.platform.internal.NoJtaPlatform]
10:32:10.064 [restartedMain] INFO  c.c.i.a.c.StaticResourceConfiguration:26 - Serving static content from /IAFRalleyReport/applicantDetails/
10:32:11.859 [restartedMain] INFO  c.c.iafralley.IafralleyApplication:61 - Started IafralleyApplication in 36.61 seconds (JVM running for 43.775)
10:34:09.959 [http-nio-9091-exec-2] INFO  o.a.c.c.C.[Tomcat].[localhost].[/]:173 - Initializing Spring DispatcherServlet 'dispatcherServlet'
10:34:22.023 [http-nio-9091-exec-10] INFO  c.c.i.s.RalleyCandidateDetailsServiceImpl:238 - total slots sum:500and registred students:30
10:34:22.267 [http-nio-9091-exec-7] INFO  c.c.i.s.RalleyCandidateDetailsServiceImpl:377 - <h3 class='p-contents'>IAF RECRUITMENT RALLY FOR GROUP ‘X’ -INDORE</h3><h4 class='p-contents'>From 18 SEPTEMBER 2020 to 18 SEPTEMBER 2020</h4><h4 class='p-contents'>AT near bus Stand ,Nehru Ground,Indore 444602</h4><input type='hidden' id='ralleyid_cust' name='rally_id' value=SEP1820IN00011>
10:34:22.347 [http-nio-9091-exec-6] INFO  c.c.i.s.RalleyCandidateDetailsServiceImpl:427 - [2]
10:34:22.450 [http-nio-9091-exec-8] INFO  c.c.i.s.RalleyCandidateDetailsServiceImpl:324 - in string1993-06-02
10:34:22.451 [http-nio-9091-exec-8] INFO  c.c.i.s.RalleyCandidateDetailsServiceImpl:324 - in string2000-08-02
10:34:22.504 [http-nio-9091-exec-2] INFO  c.c.i.s.RalleyCandidateDetailsServiceImpl:456 - obtained rallyid=SEP1820IN00011
11:22:20.490 [http-nio-9091-exec-4] INFO  c.c.i.s.RalleyCandidateDetailsServiceImpl:238 - total slots sum:500and registred students:30
11:22:20.886 [http-nio-9091-exec-17] INFO  c.c.i.s.RalleyCandidateDetailsServiceImpl:377 - <h3 class='p-contents'>IAF RECRUITMENT RALLY FOR GROUP ‘X’ -INDORE</h3><h4 class='p-contents'>From 18 SEPTEMBER 2020 to 18 SEPTEMBER 2020</h4><h4 class='p-contents'>AT near bus Stand ,Nehru Ground,Indore 444602</h4><input type='hidden' id='ralleyid_cust' name='rally_id' value=SEP1820IN00011>
11:22:21.014 [http-nio-9091-exec-11] INFO  c.c.i.s.RalleyCandidateDetailsServiceImpl:427 - [2]
11:22:21.060 [http-nio-9091-exec-6] INFO  c.c.i.s.RalleyCandidateDetailsServiceImpl:324 - in string1993-06-02
11:22:21.061 [http-nio-9091-exec-6] INFO  c.c.i.s.RalleyCandidateDetailsServiceImpl:324 - in string2000-08-02
11:22:21.080 [http-nio-9091-exec-15] INFO  c.c.i.s.RalleyCandidateDetailsServiceImpl:456 - obtained rallyid=SEP1820IN00011
19:44:48.883 [restartedMain] INFO  c.c.iafralley.IafralleyApplication:55 - Starting IafralleyApplication on DESKTOP-0VP0BSJ with PID 9128 (C:\Users\Ketan\git\iafralleyFinal\target\classes started by Ketan in C:\Users\Ketan\git\iafralleyFinal)
19:44:48.904 [restartedMain] INFO  c.c.iafralley.IafralleyApplication:655 - The following profiles are active: local
19:44:54.686 [restartedMain] INFO  o.a.catalina.core.StandardService:173 - Starting service [Tomcat]
19:44:54.687 [restartedMain] INFO  o.a.catalina.core.StandardEngine:173 - Starting Servlet engine: [Apache Tomcat/9.0.37]
19:44:54.836 [restartedMain] INFO  o.a.c.c.C.[Tomcat].[localhost].[/]:173 - Initializing Spring embedded WebApplicationContext
19:44:55.640 [restartedMain] INFO  o.h.jpa.internal.util.LogHelper:31 - HHH000204: Processing PersistenceUnitInfo [name: default]
19:44:56.019 [restartedMain] INFO  org.hibernate.Version:44 - HHH000412: Hibernate ORM core version 5.4.18.Final
19:44:56.617 [restartedMain] INFO  o.h.annotations.common.Version:49 - HCANN000001: Hibernate Commons Annotations {5.1.0.Final}
19:44:58.019 [restartedMain] INFO  org.hibernate.dialect.Dialect:172 - HHH000400: Using dialect: org.hibernate.dialect.PostgreSQLDialect
19:45:01.539 [restartedMain] INFO  o.h.e.t.j.p.i.JtaPlatformInitiator:52 - HHH000490: Using JtaPlatform implementation: [org.hibernate.engine.transaction.jta.platform.internal.NoJtaPlatform]
19:45:04.366 [restartedMain] INFO  c.c.i.a.c.StaticResourceConfiguration:26 - Serving static content from /IAFRalleyReport/applicantDetails/
19:45:05.228 [restartedMain] INFO  c.c.iafralley.IafralleyApplication:61 - Started IafralleyApplication in 18.52 seconds (JVM running for 22.373)
19:46:18.636 [http-nio-9091-exec-4] INFO  o.a.c.c.C.[Tomcat].[localhost].[/]:173 - Initializing Spring DispatcherServlet 'dispatcherServlet'
19:46:27.076 [http-nio-9091-exec-6] INFO  c.c.i.s.RalleyCandidateDetailsServiceImpl:238 - total slots sum:500and registred students:30
19:46:27.266 [http-nio-9091-exec-9] INFO  c.c.i.s.RalleyCandidateDetailsServiceImpl:377 - <h3 class='p-contents'>IAF RECRUITMENT RALLY FOR GROUP ‘X’ -INDORE</h3><h4 class='p-contents'>From 18 SEPTEMBER 2020 to 18 SEPTEMBER 2020</h4><h4 class='p-contents'>AT near bus Stand ,Nehru Ground,Indore 444602</h4><input type='hidden' id='ralleyid_cust' name='rally_id' value=SEP1820IN00011>
19:46:27.319 [http-nio-9091-exec-7] INFO  c.c.i.s.RalleyCandidateDetailsServiceImpl:427 - [2]
19:46:27.387 [http-nio-9091-exec-1] INFO  c.c.i.s.RalleyCandidateDetailsServiceImpl:324 - in string1993-06-02
19:46:27.388 [http-nio-9091-exec-1] INFO  c.c.i.s.RalleyCandidateDetailsServiceImpl:324 - in string2000-08-02
19:46:27.405 [http-nio-9091-exec-5] INFO  c.c.i.s.RalleyCandidateDetailsServiceImpl:456 - obtained rallyid=SEP1820IN00011
20:00:29.386 [http-nio-9091-exec-1] INFO  c.c.i.s.RalleyCandidateDetailsServiceImpl:238 - total slots sum:500and registred students:30
20:00:29.398 [http-nio-9091-exec-2] INFO  c.c.i.s.RalleyCandidateDetailsServiceImpl:377 - <h3 class='p-contents'>IAF RECRUITMENT RALLY FOR GROUP ‘X’ -INDORE</h3><h4 class='p-contents'>From 18 SEPTEMBER 2020 to 18 SEPTEMBER 2020</h4><h4 class='p-contents'>AT near bus Stand ,Nehru Ground,Indore 444602</h4><input type='hidden' id='ralleyid_cust' name='rally_id' value=SEP1820IN00011>
20:00:29.411 [http-nio-9091-exec-7] INFO  c.c.i.s.RalleyCandidateDetailsServiceImpl:427 - [2]
20:00:29.423 [http-nio-9091-exec-8] INFO  c.c.i.s.RalleyCandidateDetailsServiceImpl:324 - in string1993-06-02
20:00:29.424 [http-nio-9091-exec-8] INFO  c.c.i.s.RalleyCandidateDetailsServiceImpl:324 - in string2000-08-02
20:00:29.434 [http-nio-9091-exec-3] INFO  c.c.i.s.RalleyCandidateDetailsServiceImpl:456 - obtained rallyid=SEP1820IN00011
20:06:25.193 [http-nio-9091-exec-6] INFO  c.c.i.s.RalleyCandidateDetailsServiceImpl:238 - total slots sum:500and registred students:30
20:06:25.217 [http-nio-9091-exec-9] INFO  c.c.i.s.RalleyCandidateDetailsServiceImpl:377 - <h3 class='p-contents'>IAF RECRUITMENT RALLY FOR GROUP ‘X’ -INDORE</h3><h4 class='p-contents'>From 18 SEPTEMBER 2020 to 18 SEPTEMBER 2020</h4><h4 class='p-contents'>AT near bus Stand ,Nehru Ground,Indore 444602</h4><input type='hidden' id='ralleyid_cust' name='rally_id' value=SEP1820IN00011>
20:06:25.250 [http-nio-9091-exec-3] INFO  c.c.i.s.RalleyCandidateDetailsServiceImpl:427 - [2]
20:06:25.275 [http-nio-9091-exec-10] INFO  c.c.i.s.RalleyCandidateDetailsServiceImpl:324 - in string1993-06-02
20:06:25.276 [http-nio-9091-exec-10] INFO  c.c.i.s.RalleyCandidateDetailsServiceImpl:324 - in string2000-08-02
20:06:25.317 [http-nio-9091-exec-7] INFO  c.c.i.s.RalleyCandidateDetailsServiceImpl:456 - obtained rallyid=SEP1820IN00011
20:07:00.708 [http-nio-9091-exec-7] INFO  c.c.i.s.RalleyCandidateDetailsServiceImpl:238 - total slots sum:500and registred students:30
20:07:00.725 [http-nio-9091-exec-10] INFO  c.c.i.s.RalleyCandidateDetailsServiceImpl:377 - <h3 class='p-contents'>IAF RECRUITMENT RALLY FOR GROUP ‘X’ -INDORE</h3><h4 class='p-contents'>From 18 SEPTEMBER 2020 to 18 SEPTEMBER 2020</h4><h4 class='p-contents'>AT near bus Stand ,Nehru Ground,Indore 444602</h4><input type='hidden' id='ralleyid_cust' name='rally_id' value=SEP1820IN00011>
20:07:00.740 [http-nio-9091-exec-8] INFO  c.c.i.s.RalleyCandidateDetailsServiceImpl:427 - [2]
20:07:00.794 [http-nio-9091-exec-6] INFO  c.c.i.s.RalleyCandidateDetailsServiceImpl:324 - in string1993-06-02
20:07:00.795 [http-nio-9091-exec-6] INFO  c.c.i.s.RalleyCandidateDetailsServiceImpl:324 - in string2000-08-02
20:07:00.809 [http-nio-9091-exec-5] INFO  c.c.i.s.RalleyCandidateDetailsServiceImpl:456 - obtained rallyid=SEP1820IN00011
20:09:08.599 [http-nio-9091-exec-10] INFO  c.c.i.s.RalleyCandidateDetailsServiceImpl:238 - total slots sum:500and registred students:30
20:09:08.614 [http-nio-9091-exec-2] INFO  c.c.i.s.RalleyCandidateDetailsServiceImpl:377 - <h3 class='p-contents'>IAF RECRUITMENT RALLY FOR GROUP ‘X’ -INDORE</h3><h4 class='p-contents'>From 18 SEPTEMBER 2020 to 18 SEPTEMBER 2020</h4><h4 class='p-contents'>AT near bus Stand ,Nehru Ground,Indore 444602</h4><input type='hidden' id='ralleyid_cust' name='rally_id' value=SEP1820IN00011>
20:09:08.627 [http-nio-9091-exec-3] INFO  c.c.i.s.RalleyCandidateDetailsServiceImpl:427 - [2]
20:09:08.671 [http-nio-9091-exec-9] INFO  c.c.i.s.RalleyCandidateDetailsServiceImpl:324 - in string1993-06-02
20:09:08.672 [http-nio-9091-exec-9] INFO  c.c.i.s.RalleyCandidateDetailsServiceImpl:324 - in string2000-08-02
20:09:08.686 [http-nio-9091-exec-4] INFO  c.c.i.s.RalleyCandidateDetailsServiceImpl:456 - obtained rallyid=SEP1820IN00011
20:11:17.577 [http-nio-9091-exec-1] INFO  c.c.i.s.RalleyCandidateDetailsServiceImpl:238 - total slots sum:500and registred students:30
20:11:17.592 [http-nio-9091-exec-4] INFO  c.c.i.s.RalleyCandidateDetailsServiceImpl:377 - <h3 class='p-contents'>IAF RECRUITMENT RALLY FOR GROUP ‘X’ -INDORE</h3><h4 class='p-contents'>From 18 SEPTEMBER 2020 to 18 SEPTEMBER 2020</h4><h4 class='p-contents'>AT near bus Stand ,Nehru Ground,Indore 444602</h4><input type='hidden' id='ralleyid_cust' name='rally_id' value=SEP1820IN00011>
20:11:17.643 [http-nio-9091-exec-8] INFO  c.c.i.s.RalleyCandidateDetailsServiceImpl:427 - [2]
20:11:17.659 [http-nio-9091-exec-5] INFO  c.c.i.s.RalleyCandidateDetailsServiceImpl:324 - in string1993-06-02
20:11:17.659 [http-nio-9091-exec-5] INFO  c.c.i.s.RalleyCandidateDetailsServiceImpl:324 - in string2000-08-02
20:11:17.673 [http-nio-9091-exec-3] INFO  c.c.i.s.RalleyCandidateDetailsServiceImpl:456 - obtained rallyid=SEP1820IN00011
20:11:51.119 [http-nio-9091-exec-3] INFO  c.c.i.s.RalleyCandidateDetailsServiceImpl:238 - total slots sum:500and registred students:30
20:11:51.136 [http-nio-9091-exec-5] INFO  c.c.i.s.RalleyCandidateDetailsServiceImpl:377 - <h3 class='p-contents'>IAF RECRUITMENT RALLY FOR GROUP ‘X’ -INDORE</h3><h4 class='p-contents'>From 18 SEPTEMBER 2020 to 18 SEPTEMBER 2020</h4><h4 class='p-contents'>AT near bus Stand ,Nehru Ground,Indore 444602</h4><input type='hidden' id='ralleyid_cust' name='rally_id' value=SEP1820IN00011>
20:11:51.149 [http-nio-9091-exec-4] INFO  c.c.i.s.RalleyCandidateDetailsServiceImpl:427 - [2]
20:11:51.181 [http-nio-9091-exec-2] INFO  c.c.i.s.RalleyCandidateDetailsServiceImpl:324 - in string1993-06-02
20:11:51.182 [http-nio-9091-exec-2] INFO  c.c.i.s.RalleyCandidateDetailsServiceImpl:324 - in string2000-08-02
20:11:51.197 [http-nio-9091-exec-8] INFO  c.c.i.s.RalleyCandidateDetailsServiceImpl:456 - obtained rallyid=SEP1820IN00011
20:14:17.290 [http-nio-9091-exec-2] INFO  c.c.i.s.RalleyCandidateDetailsServiceImpl:238 - total slots sum:500and registred students:30
20:14:17.306 [http-nio-9091-exec-3] INFO  c.c.i.s.RalleyCandidateDetailsServiceImpl:377 - <h3 class='p-contents'>IAF RECRUITMENT RALLY FOR GROUP ‘X’ -INDORE</h3><h4 class='p-contents'>From 18 SEPTEMBER 2020 to 18 SEPTEMBER 2020</h4><h4 class='p-contents'>AT near bus Stand ,Nehru Ground,Indore 444602</h4><input type='hidden' id='ralleyid_cust' name='rally_id' value=SEP1820IN00011>
20:14:17.320 [http-nio-9091-exec-10] INFO  c.c.i.s.RalleyCandidateDetailsServiceImpl:427 - [2]
20:14:17.353 [http-nio-9091-exec-6] INFO  c.c.i.s.RalleyCandidateDetailsServiceImpl:324 - in string1993-06-02
20:14:17.354 [http-nio-9091-exec-6] INFO  c.c.i.s.RalleyCandidateDetailsServiceImpl:324 - in string2000-08-02
20:14:17.368 [http-nio-9091-exec-9] INFO  c.c.i.s.RalleyCandidateDetailsServiceImpl:456 - obtained rallyid=SEP1820IN00011
20:17:26.646 [http-nio-9091-exec-8] INFO  c.c.i.s.RalleyCandidateDetailsServiceImpl:238 - total slots sum:500and registred students:30
20:17:26.668 [http-nio-9091-exec-9] INFO  c.c.i.s.RalleyCandidateDetailsServiceImpl:377 - <h3 class='p-contents'>IAF RECRUITMENT RALLY FOR GROUP ‘X’ -INDORE</h3><h4 class='p-contents'>From 18 SEPTEMBER 2020 to 18 SEPTEMBER 2020</h4><h4 class='p-contents'>AT near bus Stand ,Nehru Ground,Indore 444602</h4><input type='hidden' id='ralleyid_cust' name='rally_id' value=SEP1820IN00011>
20:17:26.707 [http-nio-9091-exec-5] INFO  c.c.i.s.RalleyCandidateDetailsServiceImpl:427 - [2]
20:17:26.732 [http-nio-9091-exec-7] INFO  c.c.i.s.RalleyCandidateDetailsServiceImpl:324 - in string1993-06-02
20:17:26.732 [http-nio-9091-exec-7] INFO  c.c.i.s.RalleyCandidateDetailsServiceImpl:324 - in string2000-08-02
20:17:26.826 [http-nio-9091-exec-1] INFO  c.c.i.s.RalleyCandidateDetailsServiceImpl:456 - obtained rallyid=SEP1820IN00011
20:19:20.083 [http-nio-9091-exec-10] INFO  c.c.i.s.RalleyCandidateDetailsServiceImpl:238 - total slots sum:500and registred students:30
20:19:20.105 [http-nio-9091-exec-1] INFO  c.c.i.s.RalleyCandidateDetailsServiceImpl:377 - <h3 class='p-contents'>IAF RECRUITMENT RALLY FOR GROUP ‘X’ -INDORE</h3><h4 class='p-contents'>From 18 SEPTEMBER 2020 to 18 SEPTEMBER 2020</h4><h4 class='p-contents'>AT near bus Stand ,Nehru Ground,Indore 444602</h4><input type='hidden' id='ralleyid_cust' name='rally_id' value=SEP1820IN00011>
20:19:20.119 [http-nio-9091-exec-5] INFO  c.c.i.s.RalleyCandidateDetailsServiceImpl:427 - [2]
20:19:20.137 [http-nio-9091-exec-3] INFO  c.c.i.s.RalleyCandidateDetailsServiceImpl:324 - in string1993-06-02
20:19:20.138 [http-nio-9091-exec-3] INFO  c.c.i.s.RalleyCandidateDetailsServiceImpl:324 - in string2000-08-02
20:19:20.150 [http-nio-9091-exec-7] INFO  c.c.i.s.RalleyCandidateDetailsServiceImpl:456 - obtained rallyid=SEP1820IN00011
20:21:08.767 [http-nio-9091-exec-7] INFO  c.c.i.s.RalleyCandidateDetailsServiceImpl:238 - total slots sum:500and registred students:30
20:21:08.792 [http-nio-9091-exec-10] INFO  c.c.i.s.RalleyCandidateDetailsServiceImpl:377 - <h3 class='p-contents'>IAF RECRUITMENT RALLY FOR GROUP ‘X’ -INDORE</h3><h4 class='p-contents'>From 18 SEPTEMBER 2020 to 18 SEPTEMBER 2020</h4><h4 class='p-contents'>AT near bus Stand ,Nehru Ground,Indore 444602</h4><input type='hidden' id='ralleyid_cust' name='rally_id' value=SEP1820IN00011>
20:21:08.811 [http-nio-9091-exec-3] INFO  c.c.i.s.RalleyCandidateDetailsServiceImpl:427 - [2]
20:21:08.831 [http-nio-9091-exec-6] INFO  c.c.i.s.RalleyCandidateDetailsServiceImpl:324 - in string1993-06-02
20:21:08.831 [http-nio-9091-exec-6] INFO  c.c.i.s.RalleyCandidateDetailsServiceImpl:324 - in string2000-08-02
20:21:08.844 [http-nio-9091-exec-4] INFO  c.c.i.s.RalleyCandidateDetailsServiceImpl:456 - obtained rallyid=SEP1820IN00011
20:21:23.873 [http-nio-9091-exec-10] INFO  c.c.i.s.RalleyCandidateDetailsServiceImpl:238 - total slots sum:500and registred students:30
20:21:23.893 [http-nio-9091-exec-3] INFO  c.c.i.s.RalleyCandidateDetailsServiceImpl:377 - <h3 class='p-contents'>IAF RECRUITMENT RALLY FOR GROUP ‘X’ -INDORE</h3><h4 class='p-contents'>From 18 SEPTEMBER 2020 to 18 SEPTEMBER 2020</h4><h4 class='p-contents'>AT near bus Stand ,Nehru Ground,Indore 444602</h4><input type='hidden' id='ralleyid_cust' name='rally_id' value=SEP1820IN00011>
20:21:23.911 [http-nio-9091-exec-2] INFO  c.c.i.s.RalleyCandidateDetailsServiceImpl:427 - [2]
20:21:23.934 [http-nio-9091-exec-8] INFO  c.c.i.s.RalleyCandidateDetailsServiceImpl:324 - in string1993-06-02
20:21:23.935 [http-nio-9091-exec-8] INFO  c.c.i.s.RalleyCandidateDetailsServiceImpl:324 - in string2000-08-02
20:21:23.950 [http-nio-9091-exec-5] INFO  c.c.i.s.RalleyCandidateDetailsServiceImpl:456 - obtained rallyid=SEP1820IN00011
20:21:24.094 [http-nio-9091-exec-4] INFO  c.c.i.s.RalleyCandidateDetailsServiceImpl:238 - total slots sum:50and registred students:2
20:21:24.109 [http-nio-9091-exec-6] INFO  c.c.i.s.RalleyCandidateDetailsServiceImpl:377 - <h3 class='p-contents'>Ralley Conduction For Group 'X'-BHOPAL</h3><h4 class='p-contents'>From 27 AUGUST 2020 to 27 AUGUST 2020</h4><h4 class='p-contents'>AT near bus Stand ,Nehru Ground,Indore 444602</h4><input type='hidden' id='ralleyid_cust' name='rally_id' value=AUG2720BH00010>
20:21:24.125 [http-nio-9091-exec-1] INFO  c.c.i.s.RalleyCandidateDetailsServiceImpl:427 - [1]
20:21:24.151 [http-nio-9091-exec-7] INFO  c.c.i.s.RalleyCandidateDetailsServiceImpl:324 - in string2020-08-27
20:21:24.151 [http-nio-9091-exec-7] INFO  c.c.i.s.RalleyCandidateDetailsServiceImpl:324 - in string2020-08-28
20:21:24.168 [http-nio-9091-exec-9] INFO  c.c.i.s.RalleyCandidateDetailsServiceImpl:456 - obtained rallyid=AUG2720BH00010
20:22:47.546 [http-nio-9091-exec-9] INFO  c.c.i.s.RalleyCandidateDetailsServiceImpl:238 - total slots sum:500and registred students:30
20:22:47.557 [http-nio-9091-exec-3] INFO  c.c.i.s.RalleyCandidateDetailsServiceImpl:377 - <h3 class='p-contents'>IAF RECRUITMENT RALLY FOR GROUP ‘X’ -INDORE</h3><h4 class='p-contents'>From 18 SEPTEMBER 2020 to 18 SEPTEMBER 2020</h4><h4 class='p-contents'>AT near bus Stand ,Nehru Ground,Indore 444602</h4><input type='hidden' id='ralleyid_cust' name='rally_id' value=SEP1820IN00011>
20:22:47.569 [http-nio-9091-exec-4] INFO  c.c.i.s.RalleyCandidateDetailsServiceImpl:427 - [2]
20:22:47.582 [http-nio-9091-exec-2] INFO  c.c.i.s.RalleyCandidateDetailsServiceImpl:324 - in string1993-06-02
20:22:47.583 [http-nio-9091-exec-2] INFO  c.c.i.s.RalleyCandidateDetailsServiceImpl:324 - in string2000-08-02
20:22:47.592 [http-nio-9091-exec-5] INFO  c.c.i.s.RalleyCandidateDetailsServiceImpl:456 - obtained rallyid=SEP1820IN00011
20:22:59.440 [http-nio-9091-exec-3] INFO  c.c.i.s.RalleyCandidateDetailsServiceImpl:238 - total slots sum:500and registred students:30
20:22:59.455 [http-nio-9091-exec-7] INFO  c.c.i.s.RalleyCandidateDetailsServiceImpl:377 - <h3 class='p-contents'>IAF RECRUITMENT RALLY FOR GROUP ‘X’ -INDORE</h3><h4 class='p-contents'>From 18 SEPTEMBER 2020 to 18 SEPTEMBER 2020</h4><h4 class='p-contents'>AT near bus Stand ,Nehru Ground,Indore 444602</h4><input type='hidden' id='ralleyid_cust' name='rally_id' value=SEP1820IN00011>
20:22:59.467 [http-nio-9091-exec-2] INFO  c.c.i.s.RalleyCandidateDetailsServiceImpl:427 - [2]
20:22:59.480 [http-nio-9091-exec-8] INFO  c.c.i.s.RalleyCandidateDetailsServiceImpl:324 - in string1993-06-02
20:22:59.480 [http-nio-9091-exec-8] INFO  c.c.i.s.RalleyCandidateDetailsServiceImpl:324 - in string2000-08-02
20:22:59.490 [http-nio-9091-exec-6] INFO  c.c.i.s.RalleyCandidateDetailsServiceImpl:456 - obtained rallyid=SEP1820IN00011
20:22:59.771 [http-nio-9091-exec-4] INFO  c.c.i.s.RalleyCandidateDetailsServiceImpl:238 - total slots sum:50and registred students:2
20:22:59.785 [http-nio-9091-exec-1] INFO  c.c.i.s.RalleyCandidateDetailsServiceImpl:377 - <h3 class='p-contents'>Ralley Conduction For Group 'X'-BHOPAL</h3><h4 class='p-contents'>From 27 AUGUST 2020 to 27 AUGUST 2020</h4><h4 class='p-contents'>AT near bus Stand ,Nehru Ground,Indore 444602</h4><input type='hidden' id='ralleyid_cust' name='rally_id' value=AUG2720BH00010>
20:22:59.795 [http-nio-9091-exec-10] INFO  c.c.i.s.RalleyCandidateDetailsServiceImpl:427 - [1]
20:22:59.807 [http-nio-9091-exec-9] INFO  c.c.i.s.RalleyCandidateDetailsServiceImpl:324 - in string2020-08-27
20:22:59.808 [http-nio-9091-exec-9] INFO  c.c.i.s.RalleyCandidateDetailsServiceImpl:324 - in string2020-08-28
20:22:59.818 [http-nio-9091-exec-5] INFO  c.c.i.s.RalleyCandidateDetailsServiceImpl:456 - obtained rallyid=AUG2720BH00010
20:24:41.645 [http-nio-9091-exec-10] INFO  c.c.i.s.RalleyCandidateDetailsServiceImpl:238 - total slots sum:500and registred students:30
20:24:41.658 [http-nio-9091-exec-2] INFO  c.c.i.s.RalleyCandidateDetailsServiceImpl:377 - <h3 class='p-contents'>IAF RECRUITMENT RALLY FOR GROUP ‘X’ -INDORE</h3><h4 class='p-contents'>From 18 SEPTEMBER 2020 to 18 SEPTEMBER 2020</h4><h4 class='p-contents'>AT near bus Stand ,Nehru Ground,Indore 444602</h4><input type='hidden' id='ralleyid_cust' name='rally_id' value=SEP1820IN00011>
20:24:41.670 [http-nio-9091-exec-5] INFO  c.c.i.s.RalleyCandidateDetailsServiceImpl:427 - [2]
20:24:41.682 [http-nio-9091-exec-6] INFO  c.c.i.s.RalleyCandidateDetailsServiceImpl:324 - in string1993-06-02
20:24:41.683 [http-nio-9091-exec-6] INFO  c.c.i.s.RalleyCandidateDetailsServiceImpl:324 - in string2000-08-02
20:24:41.694 [http-nio-9091-exec-4] INFO  c.c.i.s.RalleyCandidateDetailsServiceImpl:456 - obtained rallyid=SEP1820IN00011
20:26:02.012 [http-nio-9091-exec-7] INFO  c.c.i.s.RalleyCandidateDetailsServiceImpl:238 - total slots sum:500and registred students:30
20:26:02.028 [http-nio-9091-exec-2] INFO  c.c.i.s.RalleyCandidateDetailsServiceImpl:377 - <h3 class='p-contents'>IAF RECRUITMENT RALLY FOR GROUP ‘X’ -INDORE</h3><h4 class='p-contents'>From 18 SEPTEMBER 2020 to 18 SEPTEMBER 2020</h4><h4 class='p-contents'>AT near bus Stand ,Nehru Ground,Indore 444602</h4><input type='hidden' id='ralleyid_cust' name='rally_id' value=SEP1820IN00011>
20:26:02.039 [http-nio-9091-exec-4] INFO  c.c.i.s.RalleyCandidateDetailsServiceImpl:427 - [2]
20:26:02.052 [http-nio-9091-exec-10] INFO  c.c.i.s.RalleyCandidateDetailsServiceImpl:324 - in string1993-06-02
20:26:02.052 [http-nio-9091-exec-10] INFO  c.c.i.s.RalleyCandidateDetailsServiceImpl:324 - in string2000-08-02
20:26:02.062 [http-nio-9091-exec-1] INFO  c.c.i.s.RalleyCandidateDetailsServiceImpl:456 - obtained rallyid=SEP1820IN00011
20:26:02.223 [http-nio-9091-exec-5] INFO  c.c.i.s.RalleyCandidateDetailsServiceImpl:238 - total slots sum:50and registred students:2
20:26:02.234 [http-nio-9091-exec-6] INFO  c.c.i.s.RalleyCandidateDetailsServiceImpl:377 - <h3 class='p-contents'>Ralley Conduction For Group 'X'-BHOPAL</h3><h4 class='p-contents'>From 27 AUGUST 2020 to 27 AUGUST 2020</h4><h4 class='p-contents'>AT near bus Stand ,Nehru Ground,Indore 444602</h4><input type='hidden' id='ralleyid_cust' name='rally_id' value=AUG2720BH00010>
20:26:02.244 [http-nio-9091-exec-3] INFO  c.c.i.s.RalleyCandidateDetailsServiceImpl:427 - [1]
20:26:02.256 [http-nio-9091-exec-9] INFO  c.c.i.s.RalleyCandidateDetailsServiceImpl:324 - in string2020-08-27
20:26:02.257 [http-nio-9091-exec-9] INFO  c.c.i.s.RalleyCandidateDetailsServiceImpl:324 - in string2020-08-28
20:26:02.266 [http-nio-9091-exec-8] INFO  c.c.i.s.RalleyCandidateDetailsServiceImpl:456 - obtained rallyid=AUG2720BH00010
20:26:30.069 [http-nio-9091-exec-8] INFO  c.c.i.s.RalleyCandidateDetailsServiceImpl:238 - total slots sum:500and registred students:30
20:26:30.086 [http-nio-9091-exec-1] INFO  c.c.i.s.RalleyCandidateDetailsServiceImpl:377 - <h3 class='p-contents'>IAF RECRUITMENT RALLY FOR GROUP ‘X’ -INDORE</h3><h4 class='p-contents'>From 18 SEPTEMBER 2020 to 18 SEPTEMBER 2020</h4><h4 class='p-contents'>AT near bus Stand ,Nehru Ground,Indore 444602</h4><input type='hidden' id='ralleyid_cust' name='rally_id' value=SEP1820IN00011>
20:26:30.103 [http-nio-9091-exec-7] INFO  c.c.i.s.RalleyCandidateDetailsServiceImpl:427 - [2]
20:26:30.149 [http-nio-9091-exec-3] INFO  c.c.i.s.RalleyCandidateDetailsServiceImpl:324 - in string1993-06-02
20:26:30.150 [http-nio-9091-exec-3] INFO  c.c.i.s.RalleyCandidateDetailsServiceImpl:324 - in string2000-08-02
20:26:30.165 [http-nio-9091-exec-4] INFO  c.c.i.s.RalleyCandidateDetailsServiceImpl:456 - obtained rallyid=SEP1820IN00011
20:26:30.703 [http-nio-9091-exec-5] INFO  c.c.i.s.RalleyCandidateDetailsServiceImpl:238 - total slots sum:50and registred students:2
20:26:30.721 [http-nio-9091-exec-2] INFO  c.c.i.s.RalleyCandidateDetailsServiceImpl:377 - <h3 class='p-contents'>Ralley Conduction For Group 'X'-BHOPAL</h3><h4 class='p-contents'>From 27 AUGUST 2020 to 27 AUGUST 2020</h4><h4 class='p-contents'>AT near bus Stand ,Nehru Ground,Indore 444602</h4><input type='hidden' id='ralleyid_cust' name='rally_id' value=AUG2720BH00010>
20:26:30.737 [http-nio-9091-exec-10] INFO  c.c.i.s.RalleyCandidateDetailsServiceImpl:427 - [1]
20:26:30.791 [http-nio-9091-exec-6] INFO  c.c.i.s.RalleyCandidateDetailsServiceImpl:324 - in string2020-08-27
20:26:30.791 [http-nio-9091-exec-6] INFO  c.c.i.s.RalleyCandidateDetailsServiceImpl:324 - in string2020-08-28
20:26:30.814 [http-nio-9091-exec-9] INFO  c.c.i.s.RalleyCandidateDetailsServiceImpl:456 - obtained rallyid=AUG2720BH00010
20:29:17.951 [http-nio-9091-exec-8] INFO  c.c.i.s.RalleyCandidateDetailsServiceImpl:238 - total slots sum:50and registred students:2
20:29:17.974 [http-nio-9091-exec-10] INFO  c.c.i.s.RalleyCandidateDetailsServiceImpl:377 - <h3 class='p-contents'>Ralley Conduction For Group 'X'-BHOPAL</h3><h4 class='p-contents'>From 27 AUGUST 2020 to 27 AUGUST 2020</h4><h4 class='p-contents'>AT near bus Stand ,Nehru Ground,Indore 444602</h4><input type='hidden' id='ralleyid_cust' name='rally_id' value=AUG2720BH00010>
20:29:18.025 [http-nio-9091-exec-5] INFO  c.c.i.s.RalleyCandidateDetailsServiceImpl:427 - [1]
20:29:18.042 [http-nio-9091-exec-3] INFO  c.c.i.s.RalleyCandidateDetailsServiceImpl:324 - in string2020-08-27
20:29:18.042 [http-nio-9091-exec-3] INFO  c.c.i.s.RalleyCandidateDetailsServiceImpl:324 - in string2020-08-28
20:29:18.057 [http-nio-9091-exec-6] INFO  c.c.i.s.RalleyCandidateDetailsServiceImpl:456 - obtained rallyid=AUG2720BH00010
20:31:55.513 [http-nio-9091-exec-4] INFO  c.c.i.s.RalleyCandidateDetailsServiceImpl:238 - total slots sum:500and registred students:30
20:31:55.538 [http-nio-9091-exec-6] INFO  c.c.i.s.RalleyCandidateDetailsServiceImpl:377 - <h3 class='p-contents'>IAF RECRUITMENT RALLY FOR GROUP ‘X’ -INDORE</h3><h4 class='p-contents'>From 18 SEPTEMBER 2020 to 18 SEPTEMBER 2020</h4><h4 class='p-contents'>AT near bus Stand ,Nehru Ground,Indore 444602</h4><input type='hidden' id='ralleyid_cust' name='rally_id' value=SEP1820IN00011>
20:31:55.589 [http-nio-9091-exec-7] INFO  c.c.i.s.RalleyCandidateDetailsServiceImpl:427 - [2]
20:31:55.612 [http-nio-9091-exec-9] INFO  c.c.i.s.RalleyCandidateDetailsServiceImpl:324 - in string1993-06-02
20:31:55.613 [http-nio-9091-exec-9] INFO  c.c.i.s.RalleyCandidateDetailsServiceImpl:324 - in string2000-08-02
20:31:55.637 [http-nio-9091-exec-5] INFO  c.c.i.s.RalleyCandidateDetailsServiceImpl:456 - obtained rallyid=SEP1820IN00011
20:31:56.089 [http-nio-9091-exec-3] INFO  c.c.i.s.RalleyCandidateDetailsServiceImpl:238 - total slots sum:50and registred students:2
20:31:56.105 [http-nio-9091-exec-10] INFO  c.c.i.s.RalleyCandidateDetailsServiceImpl:377 - <h3 class='p-contents'>Ralley Conduction For Group 'X'-BHOPAL</h3><h4 class='p-contents'>From 27 AUGUST 2020 to 27 AUGUST 2020</h4><h4 class='p-contents'>AT near bus Stand ,Nehru Ground,Indore 444602</h4><input type='hidden' id='ralleyid_cust' name='rally_id' value=AUG2720BH00010>
20:31:56.128 [http-nio-9091-exec-1] INFO  c.c.i.s.RalleyCandidateDetailsServiceImpl:427 - [1]
20:31:56.175 [http-nio-9091-exec-8] INFO  c.c.i.s.RalleyCandidateDetailsServiceImpl:324 - in string2020-08-27
20:31:56.176 [http-nio-9091-exec-8] INFO  c.c.i.s.RalleyCandidateDetailsServiceImpl:324 - in string2020-08-28
20:31:56.193 [http-nio-9091-exec-2] INFO  c.c.i.s.RalleyCandidateDetailsServiceImpl:456 - obtained rallyid=AUG2720BH00010
20:43:08.481 [http-nio-9091-exec-3] INFO  c.c.i.s.RalleyCandidateDetailsServiceImpl:238 - total slots sum:500and registred students:30
20:43:08.500 [http-nio-9091-exec-6] INFO  c.c.i.s.RalleyCandidateDetailsServiceImpl:377 - <h3 class='p-contents'>IAF RECRUITMENT RALLY FOR GROUP ‘X’ -INDORE</h3><h4 class='p-contents'>From 18 SEPTEMBER 2020 to 18 SEPTEMBER 2020</h4><h4 class='p-contents'>AT near bus Stand ,Nehru Ground,Indore 444602</h4><input type='hidden' id='ralleyid_cust' name='rally_id' value=SEP1820IN00011>
20:43:08.533 [http-nio-9091-exec-2] INFO  c.c.i.s.RalleyCandidateDetailsServiceImpl:427 - [2]
20:43:08.554 [http-nio-9091-exec-9] INFO  c.c.i.s.RalleyCandidateDetailsServiceImpl:324 - in string1993-06-02
20:43:08.554 [http-nio-9091-exec-9] INFO  c.c.i.s.RalleyCandidateDetailsServiceImpl:324 - in string2000-08-02
20:43:08.615 [http-nio-9091-exec-1] INFO  c.c.i.s.RalleyCandidateDetailsServiceImpl:456 - obtained rallyid=SEP1820IN00011
20:43:08.956 [http-nio-9091-exec-8] INFO  c.c.i.s.RalleyCandidateDetailsServiceImpl:238 - total slots sum:50and registred students:2
20:43:08.974 [http-nio-9091-exec-7] INFO  c.c.i.s.RalleyCandidateDetailsServiceImpl:377 - <h3 class='p-contents'>Ralley Conduction For Group 'X'-BHOPAL</h3><h4 class='p-contents'>From 27 AUGUST 2020 to 27 AUGUST 2020</h4><h4 class='p-contents'>AT near bus Stand ,Nehru Ground,Indore 444602</h4><input type='hidden' id='ralleyid_cust' name='rally_id' value=AUG2720BH00010>
20:43:09.009 [http-nio-9091-exec-5] INFO  c.c.i.s.RalleyCandidateDetailsServiceImpl:427 - [1]
20:43:09.036 [http-nio-9091-exec-4] INFO  c.c.i.s.RalleyCandidateDetailsServiceImpl:324 - in string2020-08-27
20:43:09.037 [http-nio-9091-exec-4] INFO  c.c.i.s.RalleyCandidateDetailsServiceImpl:324 - in string2020-08-28
20:43:09.100 [http-nio-9091-exec-10] INFO  c.c.i.s.RalleyCandidateDetailsServiceImpl:456 - obtained rallyid=AUG2720BH00010
20:43:09.351 [http-nio-9091-exec-3] INFO  c.c.i.s.RalleyCandidateDetailsServiceImpl:238 - total slots sum:500and registred students:30
20:43:09.368 [http-nio-9091-exec-6] INFO  c.c.i.s.RalleyCandidateDetailsServiceImpl:377 - <h3 class='p-contents'>IAF RECRUITMENT RALLY FOR GROUP ‘X’ -INDORE</h3><h4 class='p-contents'>From 18 SEPTEMBER 2020 to 18 SEPTEMBER 2020</h4><h4 class='p-contents'>AT near bus Stand ,Nehru Ground,Indore 444602</h4><input type='hidden' id='ralleyid_cust' name='rally_id' value=SEP1820IN00011>
20:43:09.383 [http-nio-9091-exec-2] INFO  c.c.i.s.RalleyCandidateDetailsServiceImpl:427 - [2]
20:43:09.436 [http-nio-9091-exec-9] INFO  c.c.i.s.RalleyCandidateDetailsServiceImpl:324 - in string1993-06-02
20:43:09.437 [http-nio-9091-exec-9] INFO  c.c.i.s.RalleyCandidateDetailsServiceImpl:324 - in string2000-08-02
20:43:09.488 [http-nio-9091-exec-1] INFO  c.c.i.s.RalleyCandidateDetailsServiceImpl:456 - obtained rallyid=SEP1820IN00011
20:43:09.706 [http-nio-9091-exec-8] INFO  c.c.i.s.RalleyCandidateDetailsServiceImpl:238 - total slots sum:50and registred students:2
20:43:09.723 [http-nio-9091-exec-7] INFO  c.c.i.s.RalleyCandidateDetailsServiceImpl:377 - <h3 class='p-contents'>Ralley Conduction For Group 'X'-BHOPAL</h3><h4 class='p-contents'>From 27 AUGUST 2020 to 27 AUGUST 2020</h4><h4 class='p-contents'>AT near bus Stand ,Nehru Ground,Indore 444602</h4><input type='hidden' id='ralleyid_cust' name='rally_id' value=AUG2720BH00010>
20:43:09.739 [http-nio-9091-exec-5] INFO  c.c.i.s.RalleyCandidateDetailsServiceImpl:427 - [1]
20:43:09.913 [http-nio-9091-exec-4] INFO  c.c.i.s.RalleyCandidateDetailsServiceImpl:324 - in string2020-08-27
20:43:09.913 [http-nio-9091-exec-4] INFO  c.c.i.s.RalleyCandidateDetailsServiceImpl:324 - in string2020-08-28
20:43:10.056 [http-nio-9091-exec-10] INFO  c.c.i.s.RalleyCandidateDetailsServiceImpl:238 - total slots sum:500and registred students:30
20:43:10.091 [http-nio-9091-exec-3] INFO  c.c.i.s.RalleyCandidateDetailsServiceImpl:377 - <h3 class='p-contents'>IAF RECRUITMENT RALLY FOR GROUP ‘X’ -INDORE</h3><h4 class='p-contents'>From 18 SEPTEMBER 2020 to 18 SEPTEMBER 2020</h4><h4 class='p-contents'>AT near bus Stand ,Nehru Ground,Indore 444602</h4><input type='hidden' id='ralleyid_cust' name='rally_id' value=SEP1820IN00011>
20:43:10.137 [http-nio-9091-exec-6] INFO  c.c.i.s.RalleyCandidateDetailsServiceImpl:427 - [2]
20:43:10.167 [http-nio-9091-exec-2] INFO  c.c.i.s.RalleyCandidateDetailsServiceImpl:324 - in string1993-06-02
20:43:10.168 [http-nio-9091-exec-2] INFO  c.c.i.s.RalleyCandidateDetailsServiceImpl:324 - in string2000-08-02
20:43:10.255 [http-nio-9091-exec-9] INFO  c.c.i.s.RalleyCandidateDetailsServiceImpl:456 - obtained rallyid=SEP1820IN00011
20:43:25.946 [http-nio-9091-exec-2] INFO  c.c.i.s.RalleyCandidateDetailsServiceImpl:238 - total slots sum:500and registred students:30
20:43:25.963 [http-nio-9091-exec-9] INFO  c.c.i.s.RalleyCandidateDetailsServiceImpl:377 - <h3 class='p-contents'>IAF RECRUITMENT RALLY FOR GROUP ‘X’ -INDORE</h3><h4 class='p-contents'>From 18 SEPTEMBER 2020 to 18 SEPTEMBER 2020</h4><h4 class='p-contents'>AT near bus Stand ,Nehru Ground,Indore 444602</h4><input type='hidden' id='ralleyid_cust' name='rally_id' value=SEP1820IN00011>
20:43:25.979 [http-nio-9091-exec-1] INFO  c.c.i.s.RalleyCandidateDetailsServiceImpl:427 - [2]
20:43:26.022 [http-nio-9091-exec-7] INFO  c.c.i.s.RalleyCandidateDetailsServiceImpl:324 - in string1993-06-02
20:43:26.022 [http-nio-9091-exec-7] INFO  c.c.i.s.RalleyCandidateDetailsServiceImpl:324 - in string2000-08-02
20:43:26.085 [http-nio-9091-exec-5] INFO  c.c.i.s.RalleyCandidateDetailsServiceImpl:456 - obtained rallyid=SEP1820IN00011
20:43:26.131 [http-nio-9091-exec-4] INFO  c.c.i.s.RalleyCandidateDetailsServiceImpl:238 - total slots sum:50and registred students:2
20:43:26.168 [http-nio-9091-exec-10] INFO  c.c.i.s.RalleyCandidateDetailsServiceImpl:377 - <h3 class='p-contents'>Ralley Conduction For Group 'X'-BHOPAL</h3><h4 class='p-contents'>From 27 AUGUST 2020 to 27 AUGUST 2020</h4><h4 class='p-contents'>AT near bus Stand ,Nehru Ground,Indore 444602</h4><input type='hidden' id='ralleyid_cust' name='rally_id' value=AUG2720BH00010>
20:43:26.198 [http-nio-9091-exec-3] INFO  c.c.i.s.RalleyCandidateDetailsServiceImpl:427 - [1]
20:43:26.250 [http-nio-9091-exec-6] INFO  c.c.i.s.RalleyCandidateDetailsServiceImpl:324 - in string2020-08-27
20:43:26.251 [http-nio-9091-exec-6] INFO  c.c.i.s.RalleyCandidateDetailsServiceImpl:324 - in string2020-08-28
20:43:26.296 [http-nio-9091-exec-8] INFO  c.c.i.s.RalleyCandidateDetailsServiceImpl:456 - obtained rallyid=AUG2720BH00010
20:57:24.722 [http-nio-9091-exec-9] INFO  c.c.i.s.RalleyCandidateDetailsServiceImpl:238 - total slots sum:500and registred students:30
20:57:24.795 [http-nio-9091-exec-6] INFO  c.c.i.s.RalleyCandidateDetailsServiceImpl:377 - <h3 class='p-contents'>IAF RECRUITMENT RALLY FOR GROUP ‘X’ -INDORE</h3><h4 class='p-contents'>From 18 SEPTEMBER 2020 to 18 SEPTEMBER 2020</h4><h4 class='p-contents'>AT near bus Stand ,Nehru Ground,Indore 444602</h4><input type='hidden' id='ralleyid_cust' name='rally_id' value=SEP1820IN00011>
20:57:24.813 [http-nio-9091-exec-5] INFO  c.c.i.s.RalleyCandidateDetailsServiceImpl:427 - [2]
20:57:24.864 [http-nio-9091-exec-1] INFO  c.c.i.s.RalleyCandidateDetailsServiceImpl:324 - in string1993-06-02
20:57:24.864 [http-nio-9091-exec-1] INFO  c.c.i.s.RalleyCandidateDetailsServiceImpl:324 - in string2000-08-02
20:57:24.878 [http-nio-9091-exec-3] INFO  c.c.i.s.RalleyCandidateDetailsServiceImpl:456 - obtained rallyid=SEP1820IN00011
20:58:06.701 [http-nio-9091-exec-6] INFO  c.c.i.s.RalleyCandidateDetailsServiceImpl:238 - total slots sum:500and registred students:30
20:58:06.773 [http-nio-9091-exec-7] INFO  c.c.i.s.RalleyCandidateDetailsServiceImpl:377 - <h3 class='p-contents'>IAF RECRUITMENT RALLY FOR GROUP ‘X’ -INDORE</h3><h4 class='p-contents'>From 18 SEPTEMBER 2020 to 18 SEPTEMBER 2020</h4><h4 class='p-contents'>AT near bus Stand ,Nehru Ground,Indore 444602</h4><input type='hidden' id='ralleyid_cust' name='rally_id' value=SEP1820IN00011>
20:58:06.789 [http-nio-9091-exec-4] INFO  c.c.i.s.RalleyCandidateDetailsServiceImpl:427 - [2]
20:58:06.839 [http-nio-9091-exec-5] INFO  c.c.i.s.RalleyCandidateDetailsServiceImpl:324 - in string1993-06-02
20:58:06.840 [http-nio-9091-exec-5] INFO  c.c.i.s.RalleyCandidateDetailsServiceImpl:324 - in string2000-08-02
20:58:06.853 [http-nio-9091-exec-8] INFO  c.c.i.s.RalleyCandidateDetailsServiceImpl:456 - obtained rallyid=SEP1820IN00011
20:58:15.794 [http-nio-9091-exec-10] INFO  c.c.i.s.RalleyCandidateDetailsServiceImpl:238 - total slots sum:500and registred students:30
20:58:15.841 [http-nio-9091-exec-9] INFO  c.c.i.s.RalleyCandidateDetailsServiceImpl:377 - <h3 class='p-contents'>IAF RECRUITMENT RALLY FOR GROUP ‘X’ -INDORE</h3><h4 class='p-contents'>From 18 SEPTEMBER 2020 to 18 SEPTEMBER 2020</h4><h4 class='p-contents'>AT near bus Stand ,Nehru Ground,Indore 444602</h4><input type='hidden' id='ralleyid_cust' name='rally_id' value=SEP1820IN00011>
20:58:15.856 [http-nio-9091-exec-1] INFO  c.c.i.s.RalleyCandidateDetailsServiceImpl:427 - [2]
20:58:15.905 [http-nio-9091-exec-2] INFO  c.c.i.s.RalleyCandidateDetailsServiceImpl:324 - in string1993-06-02
20:58:15.906 [http-nio-9091-exec-2] INFO  c.c.i.s.RalleyCandidateDetailsServiceImpl:324 - in string2000-08-02
20:58:15.919 [http-nio-9091-exec-6] INFO  c.c.i.s.RalleyCandidateDetailsServiceImpl:456 - obtained rallyid=SEP1820IN00011
